# JRE version: OpenJDK Runtime Environment Temurin-17.0.7+7 (17.0.7+7) (build 17.0.7+7)
# Java VM: OpenJDK 64-Bit Server VM Temurin-17.0.7+7 (17.0.7+7, mixed mode, tiered, compressed oops, compressed class ptrs, parallel gc, windows-amd64)
GC Precious Log:
 CPUs: 16 total, 16 available
 Memory: 16085M
 Large Page Support: Disabled
 NUMA Support: Disabled
 Compressed Oops: Enabled (32-bit)
 Alignments: Space 512K, Generation 512K, Heap 2M
 Heap Min Capacity: 100M
 Heap Initial Capacity: 100M
 Heap Max Capacity: 1G
 Pre-touch: Disabled
 Parallel Workers: 13
Heap:
 PSYoungGen      total 20992K, used 14472K [0x00000000eab00000, 0x00000000ec580000, 0x0000000100000000)
  eden space 20480K, 69% used [0x00000000eab00000,0x00000000eb8e2050,0x00000000ebf00000)
  from space 512K, 50% used [0x00000000ec500000,0x00000000ec540000,0x00000000ec580000)
  to   space 512K, 0% used [0x00000000ec480000,0x00000000ec480000,0x00000000ec500000)
 ParOldGen       total 68608K, used 47504K [0x00000000c0000000, 0x00000000c4300000, 0x00000000eab00000)
  object space 68608K, 69% used [0x00000000c0000000,0x00000000c2e64318,0x00000000c4300000)
 Metaspace       used 59377K, committed 60352K, reserved 1114112K
  class space    used 6928K, committed 7360K, reserved 1048576K
GC Heap History (20 events):
Event: 9.395 GC heap before
{Heap before GC invocations=30 (full 2):
 PSYoungGen      total 23040K, used 10125K [0x00000000eab00000, 0x00000000ec680000, 0x0000000100000000)
  eden space 20480K, 46% used [0x00000000eab00000,0x00000000eb43b4e0,0x00000000ebf00000)
  from space 2560K, 26% used [0x00000000ec200000,0x00000000ec2a8000,0x00000000ec480000)
  to   space 1024K, 0% used [0x00000000ec580000,0x00000000ec580000,0x00000000ec680000)
 ParOldGen       total 68608K, used 47840K [0x00000000c0000000, 0x00000000c4300000, 0x00000000eab00000)
  object space 68608K, 69% used [0x00000000c0000000,0x00000000c2eb83c8,0x00000000c4300000)
 Metaspace       used 58903K, committed 59776K, reserved 1114112K
  class space    used 6876K, committed 7232K, reserved 1048576K
}
Event: 9.396 GC heap after
{Heap after GC invocations=30 (full 2):
 PSYoungGen      total 21504K, used 736K [0x00000000eab00000, 0x00000000ec680000, 0x0000000100000000)
  eden space 20480K, 0% used [0x00000000eab00000,0x00000000eab00000,0x00000000ebf00000)
  from space 1024K, 71% used [0x00000000ec580000,0x00000000ec638000,0x00000000ec680000)
  to   space 1024K, 0% used [0x00000000ec480000,0x00000000ec480000,0x00000000ec580000)
 ParOldGen       total 68608K, used 48328K [0x00000000c0000000, 0x00000000c4300000, 0x00000000eab00000)
  object space 68608K, 70% used [0x00000000c0000000,0x00000000c2f320d8,0x00000000c4300000)
 Metaspace       used 58903K, committed 59776K, reserved 1114112K
  class space    used 6876K, committed 7232K, reserved 1048576K
}
Event: 9.396 GC heap before
{Heap before GC invocations=31 (full 3):
 PSYoungGen      total 21504K, used 736K [0x00000000eab00000, 0x00000000ec680000, 0x0000000100000000)
  eden space 20480K, 0% used [0x00000000eab00000,0x00000000eab00000,0x00000000ebf00000)
  from space 1024K, 71% used [0x00000000ec580000,0x00000000ec638000,0x00000000ec680000)
  to   space 1024K, 0% used [0x00000000ec480000,0x00000000ec480000,0x00000000ec580000)
 ParOldGen       total 68608K, used 48328K [0x00000000c0000000, 0x00000000c4300000, 0x00000000eab00000)
  object space 68608K, 70% used [0x00000000c0000000,0x00000000c2f320d8,0x00000000c4300000)
 Metaspace       used 58903K, committed 59776K, reserved 1114112K
  class space    used 6876K, committed 7232K, reserved 1048576K
}
Event: 9.435 GC heap after
{Heap after GC invocations=31 (full 3):
 PSYoungGen      total 21504K, used 0K [0x00000000eab00000, 0x00000000ec680000, 0x0000000100000000)
  eden space 20480K, 0% used [0x00000000eab00000,0x00000000eab00000,0x00000000ebf00000)
  from space 1024K, 0% used [0x00000000ec580000,0x00000000ec580000,0x00000000ec680000)
  to   space 1024K, 0% used [0x00000000ec480000,0x00000000ec480000,0x00000000ec580000)
 ParOldGen       total 68608K, used 47044K [0x00000000c0000000, 0x00000000c4300000, 0x00000000eab00000)
  object space 68608K, 68% used [0x00000000c0000000,0x00000000c2df1308,0x00000000c4300000)
 Metaspace       used 58903K, committed 59776K, reserved 1114112K
  class space    used 6876K, committed 7232K, reserved 1048576K
}
Event: 10.722 GC heap before
{Heap before GC invocations=32 (full 3):
 PSYoungGen      total 21504K, used 20480K [0x00000000eab00000, 0x00000000ec680000, 0x0000000100000000)
  eden space 20480K, 100% used [0x00000000eab00000,0x00000000ebf00000,0x00000000ebf00000)
  from space 1024K, 0% used [0x00000000ec580000,0x00000000ec580000,0x00000000ec680000)
  to   space 1024K, 0% used [0x00000000ec480000,0x00000000ec480000,0x00000000ec580000)
 ParOldGen       total 68608K, used 47044K [0x00000000c0000000, 0x00000000c4300000, 0x00000000eab00000)
  object space 68608K, 68% used [0x00000000c0000000,0x00000000c2df1308,0x00000000c4300000)
 Metaspace       used 59329K, committed 60224K, reserved 1114112K
  class space    used 6924K, committed 7296K, reserved 1048576K
}
Event: 10.723 GC heap after
{Heap after GC invocations=32 (full 3):
 PSYoungGen      total 20992K, used 384K [0x00000000eab00000, 0x00000000ec600000, 0x0000000100000000)
  eden space 20480K, 0% used [0x00000000eab00000,0x00000000eab00000,0x00000000ebf00000)
  from space 512K, 75% used [0x00000000ec480000,0x00000000ec4e0000,0x00000000ec500000)
  to   space 1024K, 0% used [0x00000000ec500000,0x00000000ec500000,0x00000000ec600000)
 ParOldGen       total 68608K, used 47052K [0x00000000c0000000, 0x00000000c4300000, 0x00000000eab00000)
  object space 68608K, 68% used [0x00000000c0000000,0x00000000c2df3308,0x00000000c4300000)
 Metaspace       used 59329K, committed 60224K, reserved 1114112K
  class space    used 6924K, committed 7296K, reserved 1048576K
}
Event: 14.614 GC heap before
{Heap before GC invocations=33 (full 3):
 PSYoungGen      total 20992K, used 20864K [0x00000000eab00000, 0x00000000ec600000, 0x0000000100000000)
  eden space 20480K, 100% used [0x00000000eab00000,0x00000000ebf00000,0x00000000ebf00000)
  from space 512K, 75% used [0x00000000ec480000,0x00000000ec4e0000,0x00000000ec500000)
  to   space 1024K, 0% used [0x00000000ec500000,0x00000000ec500000,0x00000000ec600000)
 ParOldGen       total 68608K, used 47052K [0x00000000c0000000, 0x00000000c4300000, 0x00000000eab00000)
  object space 68608K, 68% used [0x00000000c0000000,0x00000000c2df3308,0x00000000c4300000)
 Metaspace       used 59337K, committed 60288K, reserved 1114112K
  class space    used 6925K, committed 7360K, reserved 1048576K
}
Event: 14.615 GC heap after
{Heap after GC invocations=33 (full 3):
 PSYoungGen      total 20992K, used 320K [0x00000000eab00000, 0x00000000ec580000, 0x0000000100000000)
  eden space 20480K, 0% used [0x00000000eab00000,0x00000000eab00000,0x00000000ebf00000)
  from space 512K, 62% used [0x00000000ec500000,0x00000000ec550000,0x00000000ec580000)
  to   space 512K, 0% used [0x00000000ec480000,0x00000000ec480000,0x00000000ec500000)
 ParOldGen       total 68608K, used 47268K [0x00000000c0000000, 0x00000000c4300000, 0x00000000eab00000)
  object space 68608K, 68% used [0x00000000c0000000,0x00000000c2e29308,0x00000000c4300000)
 Metaspace       used 59337K, committed 60288K, reserved 1114112K
  class space    used 6925K, committed 7360K, reserved 1048576K
}
Event: 14.866 GC heap before
{Heap before GC invocations=34 (full 3):
 PSYoungGen      total 20992K, used 20800K [0x00000000eab00000, 0x00000000ec580000, 0x0000000100000000)
  eden space 20480K, 100% used [0x00000000eab00000,0x00000000ebf00000,0x00000000ebf00000)
  from space 512K, 62% used [0x00000000ec500000,0x00000000ec550000,0x00000000ec580000)
  to   space 512K, 0% used [0x00000000ec480000,0x00000000ec480000,0x00000000ec500000)
 ParOldGen       total 68608K, used 47268K [0x00000000c0000000, 0x00000000c4300000, 0x00000000eab00000)
  object space 68608K, 68% used [0x00000000c0000000,0x00000000c2e29308,0x00000000c4300000)
 Metaspace       used 59342K, committed 60288K, reserved 1114112K
  class space    used 6926K, committed 7360K, reserved 1048576K
}
Event: 14.866 GC heap after
{Heap after GC invocations=34 (full 3):
 PSYoungGen      total 20992K, used 288K [0x00000000eab00000, 0x00000000ec580000, 0x0000000100000000)
  eden space 20480K, 0% used [0x00000000eab00000,0x00000000eab00000,0x00000000ebf00000)
  from space 512K, 56% used [0x00000000ec480000,0x00000000ec4c8000,0x00000000ec500000)
  to   space 512K, 0% used [0x00000000ec500000,0x00000000ec500000,0x00000000ec580000)
 ParOldGen       total 68608K, used 47332K [0x00000000c0000000, 0x00000000c4300000, 0x00000000eab00000)
  object space 68608K, 68% used [0x00000000c0000000,0x00000000c2e39308,0x00000000c4300000)
 Metaspace       used 59342K, committed 60288K, reserved 1114112K
  class space    used 6926K, committed 7360K, reserved 1048576K
}
Event: 16.477 GC heap before
{Heap before GC invocations=35 (full 3):
 PSYoungGen      total 20992K, used 20768K [0x00000000eab00000, 0x00000000ec580000, 0x0000000100000000)
  eden space 20480K, 100% used [0x00000000eab00000,0x00000000ebf00000,0x00000000ebf00000)
  from space 512K, 56% used [0x00000000ec480000,0x00000000ec4c8000,0x00000000ec500000)
  to   space 512K, 0% used [0x00000000ec500000,0x00000000ec500000,0x00000000ec580000)
 ParOldGen       total 68608K, used 47332K [0x00000000c0000000, 0x00000000c4300000, 0x00000000eab00000)
  object space 68608K, 68% used [0x00000000c0000000,0x00000000c2e39308,0x00000000c4300000)
 Metaspace       used 59358K, committed 60352K, reserved 1114112K
  class space    used 6927K, committed 7360K, reserved 1048576K
}
Event: 16.478 GC heap after
{Heap after GC invocations=35 (full 3):
 PSYoungGen      total 20992K, used 384K [0x00000000eab00000, 0x00000000ec580000, 0x0000000100000000)
  eden space 20480K, 0% used [0x00000000eab00000,0x00000000eab00000,0x00000000ebf00000)
  from space 512K, 75% used [0x00000000ec500000,0x00000000ec560000,0x00000000ec580000)
  to   space 512K, 0% used [0x00000000ec480000,0x00000000ec480000,0x00000000ec500000)
 ParOldGen       total 68608K, used 47396K [0x00000000c0000000, 0x00000000c4300000, 0x00000000eab00000)
  object space 68608K, 69% used [0x00000000c0000000,0x00000000c2e49308,0x00000000c4300000)
 Metaspace       used 59358K, committed 60352K, reserved 1114112K
  class space    used 6927K, committed 7360K, reserved 1048576K
}
Event: 16.527 GC heap before
{Heap before GC invocations=36 (full 3):
 PSYoungGen      total 20992K, used 20864K [0x00000000eab00000, 0x00000000ec580000, 0x0000000100000000)
  eden space 20480K, 100% used [0x00000000eab00000,0x00000000ebf00000,0x00000000ebf00000)
  from space 512K, 75% used [0x00000000ec500000,0x00000000ec560000,0x00000000ec580000)
  to   space 512K, 0% used [0x00000000ec480000,0x00000000ec480000,0x00000000ec500000)
 ParOldGen       total 68608K, used 47396K [0x00000000c0000000, 0x00000000c4300000, 0x00000000eab00000)
  object space 68608K, 69% used [0x00000000c0000000,0x00000000c2e49308,0x00000000c4300000)
 Metaspace       used 59358K, committed 60352K, reserved 1114112K
  class space    used 6927K, committed 7360K, reserved 1048576K
}
Event: 16.528 GC heap after
{Heap after GC invocations=36 (full 3):
 PSYoungGen      total 20992K, used 256K [0x00000000eab00000, 0x00000000ec580000, 0x0000000100000000)
  eden space 20480K, 0% used [0x00000000eab00000,0x00000000eab00000,0x00000000ebf00000)
  from space 512K, 50% used [0x00000000ec480000,0x00000000ec4c0000,0x00000000ec500000)
  to   space 512K, 0% used [0x00000000ec500000,0x00000000ec500000,0x00000000ec580000)
 ParOldGen       total 68608K, used 47464K [0x00000000c0000000, 0x00000000c4300000, 0x00000000eab00000)
  object space 68608K, 69% used [0x00000000c0000000,0x00000000c2e5a318,0x00000000c4300000)
 Metaspace       used 59358K, committed 60352K, reserved 1114112K
  class space    used 6927K, committed 7360K, reserved 1048576K
}
Event: 16.580 GC heap before
{Heap before GC invocations=37 (full 3):
 PSYoungGen      total 20992K, used 20736K [0x00000000eab00000, 0x00000000ec580000, 0x0000000100000000)
  eden space 20480K, 100% used [0x00000000eab00000,0x00000000ebf00000,0x00000000ebf00000)
  from space 512K, 50% used [0x00000000ec480000,0x00000000ec4c0000,0x00000000ec500000)
  to   space 512K, 0% used [0x00000000ec500000,0x00000000ec500000,0x00000000ec580000)
 ParOldGen       total 68608K, used 47464K [0x00000000c0000000, 0x00000000c4300000, 0x00000000eab00000)
  object space 68608K, 69% used [0x00000000c0000000,0x00000000c2e5a318,0x00000000c4300000)
 Metaspace       used 59358K, committed 60352K, reserved 1114112K
  class space    used 6927K, committed 7360K, reserved 1048576K
}
Event: 16.581 GC heap after
{Heap after GC invocations=37 (full 3):
 PSYoungGen      total 20992K, used 224K [0x00000000eab00000, 0x00000000ec580000, 0x0000000100000000)
  eden space 20480K, 0% used [0x00000000eab00000,0x00000000eab00000,0x00000000ebf00000)
  from space 512K, 43% used [0x00000000ec500000,0x00000000ec538000,0x00000000ec580000)
  to   space 512K, 0% used [0x00000000ec480000,0x00000000ec480000,0x00000000ec500000)
 ParOldGen       total 68608K, used 47472K [0x00000000c0000000, 0x00000000c4300000, 0x00000000eab00000)
  object space 68608K, 69% used [0x00000000c0000000,0x00000000c2e5c318,0x00000000c4300000)
 Metaspace       used 59358K, committed 60352K, reserved 1114112K
  class space    used 6927K, committed 7360K, reserved 1048576K
}
Event: 17.184 GC heap before
{Heap before GC invocations=38 (full 3):
 PSYoungGen      total 20992K, used 20704K [0x00000000eab00000, 0x00000000ec580000, 0x0000000100000000)
  eden space 20480K, 100% used [0x00000000eab00000,0x00000000ebf00000,0x00000000ebf00000)
  from space 512K, 43% used [0x00000000ec500000,0x00000000ec538000,0x00000000ec580000)
  to   space 512K, 0% used [0x00000000ec480000,0x00000000ec480000,0x00000000ec500000)
 ParOldGen       total 68608K, used 47472K [0x00000000c0000000, 0x00000000c4300000, 0x00000000eab00000)
  object space 68608K, 69% used [0x00000000c0000000,0x00000000c2e5c318,0x00000000c4300000)
 Metaspace       used 59358K, committed 60352K, reserved 1114112K
  class space    used 6927K, committed 7360K, reserved 1048576K
}
Event: 17.185 GC heap after
{Heap after GC invocations=38 (full 3):
 PSYoungGen      total 20992K, used 192K [0x00000000eab00000, 0x00000000ec580000, 0x0000000100000000)
  eden space 20480K, 0% used [0x00000000eab00000,0x00000000eab00000,0x00000000ebf00000)
  from space 512K, 37% used [0x00000000ec480000,0x00000000ec4b0000,0x00000000ec500000)
  to   space 512K, 0% used [0x00000000ec500000,0x00000000ec500000,0x00000000ec580000)
 ParOldGen       total 68608K, used 47496K [0x00000000c0000000, 0x00000000c4300000, 0x00000000eab00000)
  object space 68608K, 69% used [0x00000000c0000000,0x00000000c2e62318,0x00000000c4300000)
 Metaspace       used 59358K, committed 60352K, reserved 1114112K
  class space    used 6927K, committed 7360K, reserved 1048576K
}
Event: 18.266 GC heap before
{Heap before GC invocations=39 (full 3):
 PSYoungGen      total 20992K, used 20672K [0x00000000eab00000, 0x00000000ec580000, 0x0000000100000000)
  eden space 20480K, 100% used [0x00000000eab00000,0x00000000ebf00000,0x00000000ebf00000)
  from space 512K, 37% used [0x00000000ec480000,0x00000000ec4b0000,0x00000000ec500000)
  to   space 512K, 0% used [0x00000000ec500000,0x00000000ec500000,0x00000000ec580000)
 ParOldGen       total 68608K, used 47496K [0x00000000c0000000, 0x00000000c4300000, 0x00000000eab00000)
  object space 68608K, 69% used [0x00000000c0000000,0x00000000c2e62318,0x00000000c4300000)
 Metaspace       used 59377K, committed 60352K, reserved 1114112K
  class space    used 6928K, committed 7360K, reserved 1048576K
}
Event: 18.266 GC heap after
{Heap after GC invocations=39 (full 3):
 PSYoungGen      total 20992K, used 256K [0x00000000eab00000, 0x00000000ec580000, 0x0000000100000000)
  eden space 20480K, 0% used [0x00000000eab00000,0x00000000eab00000,0x00000000ebf00000)
  from space 512K, 50% used [0x00000000ec500000,0x00000000ec540000,0x00000000ec580000)
  to   space 512K, 0% used [0x00000000ec480000,0x00000000ec480000,0x00000000ec500000)
 ParOldGen       total 68608K, used 47504K [0x00000000c0000000, 0x00000000c4300000, 0x00000000eab00000)
  object space 68608K, 69% used [0x00000000c0000000,0x00000000c2e64318,0x00000000c4300000)
 Metaspace       used 59377K, committed 60352K, reserved 1114112K
  class space    used 6928K, committed 7360K, reserved 1048576K
}

