# JRE version: OpenJDK Runtime Environment Temurin-17.0.7+7 (17.0.7+7) (build 17.0.7+7)
# Java VM: OpenJDK 64-Bit Server VM Temurin-17.0.7+7 (17.0.7+7, mixed mode, tiered, compressed oops, compressed class ptrs, parallel gc, windows-amd64)
GC Precious Log:
 CPUs: 16 total, 16 available
 Memory: 16085M
 Large Page Support: Disabled
 NUMA Support: Disabled
 Compressed Oops: Enabled (32-bit)
 Alignments: Space 512K, Generation 512K, Heap 2M
 Heap Min Capacity: 100M
 Heap Initial Capacity: 100M
 Heap Max Capacity: 1G
 Pre-touch: Disabled
 Parallel Workers: 13
Heap:
 PSYoungGen      total 17920K, used 13559K [0x00000000eab00000, 0x00000000ebf80000, 0x0000000100000000)
  eden space 15360K, 78% used [0x00000000eab00000,0x00000000eb6b8430,0x00000000eba00000)
  from space 2560K, 60% used [0x00000000ebb00000,0x00000000ebc85ad8,0x00000000ebd80000)
  to   space 2048K, 0% used [0x00000000ebd80000,0x00000000ebd80000,0x00000000ebf80000)
 ParOldGen       total 68608K, used 43597K [0x00000000c0000000, 0x00000000c4300000, 0x00000000eab00000)
  object space 68608K, 63% used [0x00000000c0000000,0x00000000c2a93610,0x00000000c4300000)
 Metaspace       used 53680K, committed 54592K, reserved 1114112K
  class space    used 6024K, committed 6400K, reserved 1048576K
GC Heap History (20 events):
Event: 14.892 GC heap before
{Heap before GC invocations=20 (full 2):
 PSYoungGen      total 23040K, used 23008K [0x00000000eab00000, 0x00000000ec780000, 0x0000000100000000)
  eden space 20992K, 100% used [0x00000000eab00000,0x00000000ebf80000,0x00000000ebf80000)
  from space 2048K, 98% used [0x00000000ec000000,0x00000000ec1f8010,0x00000000ec200000)
  to   space 4096K, 0% used [0x00000000ec380000,0x00000000ec380000,0x00000000ec780000)
 ParOldGen       total 68608K, used 21553K [0x00000000c0000000, 0x00000000c4300000, 0x00000000eab00000)
  object space 68608K, 31% used [0x00000000c0000000,0x00000000c150c770,0x00000000c4300000)
 Metaspace       used 49979K, committed 50880K, reserved 1114112K
  class space    used 5423K, committed 5760K, reserved 1048576K
}
Event: 14.894 GC heap after
{Heap after GC invocations=20 (full 2):
 PSYoungGen      total 23552K, used 2208K [0x00000000eab00000, 0x00000000ec600000, 0x0000000100000000)
  eden space 20992K, 0% used [0x00000000eab00000,0x00000000eab00000,0x00000000ebf80000)
  from space 2560K, 86% used [0x00000000ec380000,0x00000000ec5a8010,0x00000000ec600000)
  to   space 3072K, 0% used [0x00000000ec000000,0x00000000ec000000,0x00000000ec300000)
 ParOldGen       total 68608K, used 23425K [0x00000000c0000000, 0x00000000c4300000, 0x00000000eab00000)
  object space 68608K, 34% used [0x00000000c0000000,0x00000000c16e0770,0x00000000c4300000)
 Metaspace       used 49979K, committed 50880K, reserved 1114112K
  class space    used 5423K, committed 5760K, reserved 1048576K
}
Event: 14.951 GC heap before
{Heap before GC invocations=21 (full 2):
 PSYoungGen      total 23552K, used 23010K [0x00000000eab00000, 0x00000000ec600000, 0x0000000100000000)
  eden space 20992K, 99% used [0x00000000eab00000,0x00000000ebf50b50,0x00000000ebf80000)
  from space 2560K, 86% used [0x00000000ec380000,0x00000000ec5a8010,0x00000000ec600000)
  to   space 3072K, 0% used [0x00000000ec000000,0x00000000ec000000,0x00000000ec300000)
 ParOldGen       total 68608K, used 23425K [0x00000000c0000000, 0x00000000c4300000, 0x00000000eab00000)
  object space 68608K, 34% used [0x00000000c0000000,0x00000000c16e0770,0x00000000c4300000)
 Metaspace       used 50127K, committed 50944K, reserved 1114112K
  class space    used 5438K, committed 5760K, reserved 1048576K
}
Event: 14.954 GC heap after
{Heap after GC invocations=21 (full 2):
 PSYoungGen      total 23040K, used 2048K [0x00000000eab00000, 0x00000000ec480000, 0x0000000100000000)
  eden space 20992K, 0% used [0x00000000eab00000,0x00000000eab00000,0x00000000ebf80000)
  from space 2048K, 100% used [0x00000000ec000000,0x00000000ec200000,0x00000000ec200000)
  to   space 2560K, 0% used [0x00000000ec200000,0x00000000ec200000,0x00000000ec480000)
 ParOldGen       total 68608K, used 25470K [0x00000000c0000000, 0x00000000c4300000, 0x00000000eab00000)
  object space 68608K, 37% used [0x00000000c0000000,0x00000000c18df900,0x00000000c4300000)
 Metaspace       used 50127K, committed 50944K, reserved 1114112K
  class space    used 5438K, committed 5760K, reserved 1048576K
}
Event: 14.987 GC heap before
{Heap before GC invocations=22 (full 2):
 PSYoungGen      total 23040K, used 23040K [0x00000000eab00000, 0x00000000ec480000, 0x0000000100000000)
  eden space 20992K, 100% used [0x00000000eab00000,0x00000000ebf80000,0x00000000ebf80000)
  from space 2048K, 100% used [0x00000000ec000000,0x00000000ec200000,0x00000000ec200000)
  to   space 2560K, 0% used [0x00000000ec200000,0x00000000ec200000,0x00000000ec480000)
 ParOldGen       total 68608K, used 25470K [0x00000000c0000000, 0x00000000c4300000, 0x00000000eab00000)
  object space 68608K, 37% used [0x00000000c0000000,0x00000000c18df900,0x00000000c4300000)
 Metaspace       used 50127K, committed 50944K, reserved 1114112K
  class space    used 5438K, committed 5760K, reserved 1048576K
}
Event: 14.990 GC heap after
{Heap after GC invocations=22 (full 2):
 PSYoungGen      total 20992K, used 2528K [0x00000000eab00000, 0x00000000ec980000, 0x0000000100000000)
  eden space 18432K, 0% used [0x00000000eab00000,0x00000000eab00000,0x00000000ebd00000)
  from space 2560K, 98% used [0x00000000ec200000,0x00000000ec478010,0x00000000ec480000)
  to   space 5120K, 0% used [0x00000000ebd00000,0x00000000ebd00000,0x00000000ec200000)
 ParOldGen       total 68608K, used 27374K [0x00000000c0000000, 0x00000000c4300000, 0x00000000eab00000)
  object space 68608K, 39% used [0x00000000c0000000,0x00000000c1abba48,0x00000000c4300000)
 Metaspace       used 50127K, committed 50944K, reserved 1114112K
  class space    used 5438K, committed 5760K, reserved 1048576K
}
Event: 15.023 GC heap before
{Heap before GC invocations=23 (full 2):
 PSYoungGen      total 20992K, used 20960K [0x00000000eab00000, 0x00000000ec980000, 0x0000000100000000)
  eden space 18432K, 100% used [0x00000000eab00000,0x00000000ebd00000,0x00000000ebd00000)
  from space 2560K, 98% used [0x00000000ec200000,0x00000000ec478010,0x00000000ec480000)
  to   space 5120K, 0% used [0x00000000ebd00000,0x00000000ebd00000,0x00000000ec200000)
 ParOldGen       total 68608K, used 27374K [0x00000000c0000000, 0x00000000c4300000, 0x00000000eab00000)
  object space 68608K, 39% used [0x00000000c0000000,0x00000000c1abba48,0x00000000c4300000)
 Metaspace       used 50127K, committed 50944K, reserved 1114112K
  class space    used 5438K, committed 5760K, reserved 1048576K
}
Event: 15.026 GC heap after
{Heap after GC invocations=23 (full 2):
 PSYoungGen      total 20992K, used 2336K [0x00000000eab00000, 0x00000000ec400000, 0x0000000100000000)
  eden space 18432K, 0% used [0x00000000eab00000,0x00000000eab00000,0x00000000ebd00000)
  from space 2560K, 91% used [0x00000000ebd00000,0x00000000ebf48010,0x00000000ebf80000)
  to   space 3584K, 0% used [0x00000000ec080000,0x00000000ec080000,0x00000000ec400000)
 ParOldGen       total 68608K, used 29870K [0x00000000c0000000, 0x00000000c4300000, 0x00000000eab00000)
  object space 68608K, 43% used [0x00000000c0000000,0x00000000c1d2ba58,0x00000000c4300000)
 Metaspace       used 50127K, committed 50944K, reserved 1114112K
  class space    used 5438K, committed 5760K, reserved 1048576K
}
Event: 15.056 GC heap before
{Heap before GC invocations=24 (full 2):
 PSYoungGen      total 20992K, used 20768K [0x00000000eab00000, 0x00000000ec400000, 0x0000000100000000)
  eden space 18432K, 100% used [0x00000000eab00000,0x00000000ebd00000,0x00000000ebd00000)
  from space 2560K, 91% used [0x00000000ebd00000,0x00000000ebf48010,0x00000000ebf80000)
  to   space 3584K, 0% used [0x00000000ec080000,0x00000000ec080000,0x00000000ec400000)
 ParOldGen       total 68608K, used 29870K [0x00000000c0000000, 0x00000000c4300000, 0x00000000eab00000)
  object space 68608K, 43% used [0x00000000c0000000,0x00000000c1d2ba58,0x00000000c4300000)
 Metaspace       used 50127K, committed 50944K, reserved 1114112K
  class space    used 5438K, committed 5760K, reserved 1048576K
}
Event: 15.059 GC heap after
{Heap after GC invocations=24 (full 2):
 PSYoungGen      total 20480K, used 1920K [0x00000000eab00000, 0x00000000ec280000, 0x0000000100000000)
  eden space 18432K, 0% used [0x00000000eab00000,0x00000000eab00000,0x00000000ebd00000)
  from space 2048K, 93% used [0x00000000ec080000,0x00000000ec260000,0x00000000ec280000)
  to   space 2560K, 0% used [0x00000000ebd80000,0x00000000ebd80000,0x00000000ec000000)
 ParOldGen       total 68608K, used 32028K [0x00000000c0000000, 0x00000000c4300000, 0x00000000eab00000)
  object space 68608K, 46% used [0x00000000c0000000,0x00000000c1f472e8,0x00000000c4300000)
 Metaspace       used 50127K, committed 50944K, reserved 1114112K
  class space    used 5438K, committed 5760K, reserved 1048576K
}
Event: 15.250 GC heap before
{Heap before GC invocations=25 (full 2):
 PSYoungGen      total 20480K, used 20352K [0x00000000eab00000, 0x00000000ec280000, 0x0000000100000000)
  eden space 18432K, 100% used [0x00000000eab00000,0x00000000ebd00000,0x00000000ebd00000)
  from space 2048K, 93% used [0x00000000ec080000,0x00000000ec260000,0x00000000ec280000)
  to   space 2560K, 0% used [0x00000000ebd80000,0x00000000ebd80000,0x00000000ec000000)
 ParOldGen       total 68608K, used 32028K [0x00000000c0000000, 0x00000000c4300000, 0x00000000eab00000)
  object space 68608K, 46% used [0x00000000c0000000,0x00000000c1f472e8,0x00000000c4300000)
 Metaspace       used 50397K, committed 51264K, reserved 1114112K
  class space    used 5451K, committed 5824K, reserved 1048576K
}
Event: 15.252 GC heap after
{Heap after GC invocations=25 (full 2):
 PSYoungGen      total 20480K, used 1664K [0x00000000eab00000, 0x00000000ec100000, 0x0000000100000000)
  eden space 18432K, 0% used [0x00000000eab00000,0x00000000eab00000,0x00000000ebd00000)
  from space 2048K, 81% used [0x00000000ebd80000,0x00000000ebf20000,0x00000000ebf80000)
  to   space 1536K, 0% used [0x00000000ebf80000,0x00000000ebf80000,0x00000000ec100000)
 ParOldGen       total 68608K, used 33748K [0x00000000c0000000, 0x00000000c4300000, 0x00000000eab00000)
  object space 68608K, 49% used [0x00000000c0000000,0x00000000c20f52e8,0x00000000c4300000)
 Metaspace       used 50397K, committed 51264K, reserved 1114112K
  class space    used 5451K, committed 5824K, reserved 1048576K
}
Event: 18.679 GC heap before
{Heap before GC invocations=26 (full 2):
 PSYoungGen      total 20480K, used 17686K [0x00000000eab00000, 0x00000000ec100000, 0x0000000100000000)
  eden space 18432K, 86% used [0x00000000eab00000,0x00000000ebaa5970,0x00000000ebd00000)
  from space 2048K, 81% used [0x00000000ebd80000,0x00000000ebf20000,0x00000000ebf80000)
  to   space 1536K, 0% used [0x00000000ebf80000,0x00000000ebf80000,0x00000000ec100000)
 ParOldGen       total 68608K, used 33748K [0x00000000c0000000, 0x00000000c4300000, 0x00000000eab00000)
  object space 68608K, 49% used [0x00000000c0000000,0x00000000c20f52e8,0x00000000c4300000)
 Metaspace       used 51650K, committed 52544K, reserved 1114112K
  class space    used 5669K, committed 6016K, reserved 1048576K
}
Event: 18.681 GC heap after
{Heap after GC invocations=26 (full 2):
 PSYoungGen      total 16896K, used 1531K [0x00000000eab00000, 0x00000000ec800000, 0x0000000100000000)
  eden space 15360K, 0% used [0x00000000eab00000,0x00000000eab00000,0x00000000eba00000)
  from space 1536K, 99% used [0x00000000ebf80000,0x00000000ec0fef88,0x00000000ec100000)
  to   space 5632K, 0% used [0x00000000eba00000,0x00000000eba00000,0x00000000ebf80000)
 ParOldGen       total 68608K, used 36985K [0x00000000c0000000, 0x00000000c4300000, 0x00000000eab00000)
  object space 68608K, 53% used [0x00000000c0000000,0x00000000c241e580,0x00000000c4300000)
 Metaspace       used 51650K, committed 52544K, reserved 1114112K
  class space    used 5669K, committed 6016K, reserved 1048576K
}
Event: 19.703 GC heap before
{Heap before GC invocations=27 (full 2):
 PSYoungGen      total 16896K, used 16891K [0x00000000eab00000, 0x00000000ec800000, 0x0000000100000000)
  eden space 15360K, 100% used [0x00000000eab00000,0x00000000eba00000,0x00000000eba00000)
  from space 1536K, 99% used [0x00000000ebf80000,0x00000000ec0fef88,0x00000000ec100000)
  to   space 5632K, 0% used [0x00000000eba00000,0x00000000eba00000,0x00000000ebf80000)
 ParOldGen       total 68608K, used 36985K [0x00000000c0000000, 0x00000000c4300000, 0x00000000eab00000)
  object space 68608K, 53% used [0x00000000c0000000,0x00000000c241e580,0x00000000c4300000)
 Metaspace       used 52754K, committed 53632K, reserved 1114112K
  class space    used 5870K, committed 6208K, reserved 1048576K
}
Event: 19.705 GC heap after
{Heap after GC invocations=27 (full 2):
 PSYoungGen      total 20480K, used 4840K [0x00000000eab00000, 0x00000000ec400000, 0x0000000100000000)
  eden space 15360K, 0% used [0x00000000eab00000,0x00000000eab00000,0x00000000eba00000)
  from space 5120K, 94% used [0x00000000eba00000,0x00000000ebeba030,0x00000000ebf00000)
  to   space 5120K, 0% used [0x00000000ebf00000,0x00000000ebf00000,0x00000000ec400000)
 ParOldGen       total 68608K, used 38537K [0x00000000c0000000, 0x00000000c4300000, 0x00000000eab00000)
  object space 68608K, 56% used [0x00000000c0000000,0x00000000c25a26e8,0x00000000c4300000)
 Metaspace       used 52754K, committed 53632K, reserved 1114112K
  class space    used 5870K, committed 6208K, reserved 1048576K
}
Event: 19.830 GC heap before
{Heap before GC invocations=28 (full 2):
 PSYoungGen      total 20480K, used 20200K [0x00000000eab00000, 0x00000000ec400000, 0x0000000100000000)
  eden space 15360K, 100% used [0x00000000eab00000,0x00000000eba00000,0x00000000eba00000)
  from space 5120K, 94% used [0x00000000eba00000,0x00000000ebeba030,0x00000000ebf00000)
  to   space 5120K, 0% used [0x00000000ebf00000,0x00000000ebf00000,0x00000000ec400000)
 ParOldGen       total 68608K, used 38537K [0x00000000c0000000, 0x00000000c4300000, 0x00000000eab00000)
  object space 68608K, 56% used [0x00000000c0000000,0x00000000c25a26e8,0x00000000c4300000)
 Metaspace       used 53556K, committed 54400K, reserved 1114112K
  class space    used 5995K, committed 6336K, reserved 1048576K
}
Event: 19.833 GC heap after
{Heap after GC invocations=28 (full 2):
 PSYoungGen      total 16384K, used 640K [0x00000000eab00000, 0x00000000ec000000, 0x0000000100000000)
  eden space 15360K, 0% used [0x00000000eab00000,0x00000000eab00000,0x00000000eba00000)
  from space 1024K, 62% used [0x00000000ebf00000,0x00000000ebfa0000,0x00000000ec000000)
  to   space 2560K, 0% used [0x00000000ebb00000,0x00000000ebb00000,0x00000000ebd80000)
 ParOldGen       total 68608K, used 43128K [0x00000000c0000000, 0x00000000c4300000, 0x00000000eab00000)
  object space 68608K, 62% used [0x00000000c0000000,0x00000000c2a1e260,0x00000000c4300000)
 Metaspace       used 53556K, committed 54400K, reserved 1114112K
  class space    used 5995K, committed 6336K, reserved 1048576K
}
Event: 21.954 GC heap before
{Heap before GC invocations=29 (full 2):
 PSYoungGen      total 16384K, used 15995K [0x00000000eab00000, 0x00000000ec000000, 0x0000000100000000)
  eden space 15360K, 99% used [0x00000000eab00000,0x00000000eb9fef40,0x00000000eba00000)
  from space 1024K, 62% used [0x00000000ebf00000,0x00000000ebfa0000,0x00000000ec000000)
  to   space 2560K, 0% used [0x00000000ebb00000,0x00000000ebb00000,0x00000000ebd80000)
 ParOldGen       total 68608K, used 43128K [0x00000000c0000000, 0x00000000c4300000, 0x00000000eab00000)
  object space 68608K, 62% used [0x00000000c0000000,0x00000000c2a1e260,0x00000000c4300000)
 Metaspace       used 53563K, committed 54400K, reserved 1114112K
  class space    used 5995K, committed 6336K, reserved 1048576K
}
Event: 21.955 GC heap after
{Heap after GC invocations=29 (full 2):
 PSYoungGen      total 17920K, used 1558K [0x00000000eab00000, 0x00000000ebf80000, 0x0000000100000000)
  eden space 15360K, 0% used [0x00000000eab00000,0x00000000eab00000,0x00000000eba00000)
  from space 2560K, 60% used [0x00000000ebb00000,0x00000000ebc85ad8,0x00000000ebd80000)
  to   space 2048K, 0% used [0x00000000ebd80000,0x00000000ebd80000,0x00000000ebf80000)
 ParOldGen       total 68608K, used 43597K [0x00000000c0000000, 0x00000000c4300000, 0x00000000eab00000)
  object space 68608K, 63% used [0x00000000c0000000,0x00000000c2a93610,0x00000000c4300000)
 Metaspace       used 53563K, committed 54400K, reserved 1114112K
  class space    used 5995K, committed 6336K, reserved 1048576K
}

