# JRE version: OpenJDK Runtime Environment Temurin-17.0.7+7 (17.0.7+7) (build 17.0.7+7)
# Java VM: OpenJDK 64-Bit Server VM Temurin-17.0.7+7 (17.0.7+7, mixed mode, tiered, compressed oops, compressed class ptrs, parallel gc, windows-amd64)
GC Precious Log:
 CPUs: 16 total, 16 available
 Memory: 16085M
 Large Page Support: Disabled
 NUMA Support: Disabled
 Compressed Oops: Enabled (32-bit)
 Alignments: Space 512K, Generation 512K, Heap 2M
 Heap Min Capacity: 100M
 Heap Initial Capacity: 100M
 Heap Max Capacity: 1G
 Pre-touch: Disabled
 Parallel Workers: 13
Heap:
 PSYoungGen      total 21504K, used 6987K [0x00000000eab00000, 0x00000000ec600000, 0x0000000100000000)
  eden space 20992K, 31% used [0x00000000eab00000,0x00000000eb182ce0,0x00000000ebf80000)
  from space 512K, 62% used [0x00000000ec500000,0x00000000ec550000,0x00000000ec580000)
  to   space 512K, 0% used [0x00000000ec580000,0x00000000ec580000,0x00000000ec600000)
 ParOldGen       total 68608K, used 49528K [0x00000000c0000000, 0x00000000c4300000, 0x00000000eab00000)
  object space 68608K, 72% used [0x00000000c0000000,0x00000000c305e278,0x00000000c4300000)
 Metaspace       used 63803K, committed 64832K, reserved 1114112K
  class space    used 7475K, committed 7936K, reserved 1048576K
GC Heap History (20 events):
Event: 25.429 GC heap before
{Heap before GC invocations=31 (full 3):
 PSYoungGen      total 22528K, used 1117K [0x00000000eab00000, 0x00000000ec800000, 0x0000000100000000)
  eden space 20992K, 0% used [0x00000000eab00000,0x00000000eab00000,0x00000000ebf80000)
  from space 1536K, 72% used [0x00000000ec680000,0x00000000ec797520,0x00000000ec800000)
  to   space 2560K, 0% used [0x00000000ec300000,0x00000000ec300000,0x00000000ec580000)
 ParOldGen       total 68608K, used 49047K [0x00000000c0000000, 0x00000000c4300000, 0x00000000eab00000)
  object space 68608K, 71% used [0x00000000c0000000,0x00000000c2fe5f40,0x00000000c4300000)
 Metaspace       used 58845K, committed 59776K, reserved 1114112K
  class space    used 6752K, committed 7168K, reserved 1048576K
}
Event: 25.470 GC heap after
{Heap after GC invocations=31 (full 3):
 PSYoungGen      total 22528K, used 0K [0x00000000eab00000, 0x00000000ec800000, 0x0000000100000000)
  eden space 20992K, 0% used [0x00000000eab00000,0x00000000eab00000,0x00000000ebf80000)
  from space 1536K, 0% used [0x00000000ec680000,0x00000000ec680000,0x00000000ec800000)
  to   space 2560K, 0% used [0x00000000ec300000,0x00000000ec300000,0x00000000ec580000)
 ParOldGen       total 68608K, used 48073K [0x00000000c0000000, 0x00000000c4300000, 0x00000000eab00000)
  object space 68608K, 70% used [0x00000000c0000000,0x00000000c2ef24f8,0x00000000c4300000)
 Metaspace       used 58845K, committed 59776K, reserved 1114112K
  class space    used 6752K, committed 7168K, reserved 1048576K
}
Event: 25.718 GC heap before
{Heap before GC invocations=32 (full 3):
 PSYoungGen      total 22528K, used 20992K [0x00000000eab00000, 0x00000000ec800000, 0x0000000100000000)
  eden space 20992K, 100% used [0x00000000eab00000,0x00000000ebf80000,0x00000000ebf80000)
  from space 1536K, 0% used [0x00000000ec680000,0x00000000ec680000,0x00000000ec800000)
  to   space 2560K, 0% used [0x00000000ec300000,0x00000000ec300000,0x00000000ec580000)
 ParOldGen       total 68608K, used 48073K [0x00000000c0000000, 0x00000000c4300000, 0x00000000eab00000)
  object space 68608K, 70% used [0x00000000c0000000,0x00000000c2ef24f8,0x00000000c4300000)
 Metaspace       used 61200K, committed 62144K, reserved 1114112K
  class space    used 7145K, committed 7552K, reserved 1048576K
}
Event: 25.719 GC heap after
{Heap after GC invocations=32 (full 3):
 PSYoungGen      total 23552K, used 736K [0x00000000eab00000, 0x00000000ec700000, 0x0000000100000000)
  eden space 20992K, 0% used [0x00000000eab00000,0x00000000eab00000,0x00000000ebf80000)
  from space 2560K, 28% used [0x00000000ec300000,0x00000000ec3b8000,0x00000000ec580000)
  to   space 1536K, 0% used [0x00000000ec580000,0x00000000ec580000,0x00000000ec700000)
 ParOldGen       total 68608K, used 48081K [0x00000000c0000000, 0x00000000c4300000, 0x00000000eab00000)
  object space 68608K, 70% used [0x00000000c0000000,0x00000000c2ef44f8,0x00000000c4300000)
 Metaspace       used 61200K, committed 62144K, reserved 1114112K
  class space    used 7145K, committed 7552K, reserved 1048576K
}
Event: 37.112 GC heap before
{Heap before GC invocations=33 (full 3):
 PSYoungGen      total 23552K, used 21728K [0x00000000eab00000, 0x00000000ec700000, 0x0000000100000000)
  eden space 20992K, 100% used [0x00000000eab00000,0x00000000ebf80000,0x00000000ebf80000)
  from space 2560K, 28% used [0x00000000ec300000,0x00000000ec3b8000,0x00000000ec580000)
  to   space 1536K, 0% used [0x00000000ec580000,0x00000000ec580000,0x00000000ec700000)
 ParOldGen       total 68608K, used 48081K [0x00000000c0000000, 0x00000000c4300000, 0x00000000eab00000)
  object space 68608K, 70% used [0x00000000c0000000,0x00000000c2ef44f8,0x00000000c4300000)
 Metaspace       used 63242K, committed 64256K, reserved 1114112K
  class space    used 7407K, committed 7872K, reserved 1048576K
}
Event: 37.115 GC heap after
{Heap after GC invocations=33 (full 3):
 PSYoungGen      total 22016K, used 544K [0x00000000eab00000, 0x00000000ec680000, 0x0000000100000000)
  eden space 20992K, 0% used [0x00000000eab00000,0x00000000eab00000,0x00000000ebf80000)
  from space 1024K, 53% used [0x00000000ec580000,0x00000000ec608000,0x00000000ec680000)
  to   space 1024K, 0% used [0x00000000ec480000,0x00000000ec480000,0x00000000ec580000)
 ParOldGen       total 68608K, used 48664K [0x00000000c0000000, 0x00000000c4300000, 0x00000000eab00000)
  object space 68608K, 70% used [0x00000000c0000000,0x00000000c2f86218,0x00000000c4300000)
 Metaspace       used 63242K, committed 64256K, reserved 1114112K
  class space    used 7407K, committed 7872K, reserved 1048576K
}
Event: 43.140 GC heap before
{Heap before GC invocations=34 (full 3):
 PSYoungGen      total 22016K, used 21536K [0x00000000eab00000, 0x00000000ec680000, 0x0000000100000000)
  eden space 20992K, 100% used [0x00000000eab00000,0x00000000ebf80000,0x00000000ebf80000)
  from space 1024K, 53% used [0x00000000ec580000,0x00000000ec608000,0x00000000ec680000)
  to   space 1024K, 0% used [0x00000000ec480000,0x00000000ec480000,0x00000000ec580000)
 ParOldGen       total 68608K, used 48664K [0x00000000c0000000, 0x00000000c4300000, 0x00000000eab00000)
  object space 68608K, 70% used [0x00000000c0000000,0x00000000c2f86218,0x00000000c4300000)
 Metaspace       used 63644K, committed 64704K, reserved 1114112K
  class space    used 7456K, committed 7936K, reserved 1048576K
}
Event: 43.141 GC heap after
{Heap after GC invocations=34 (full 3):
 PSYoungGen      total 22016K, used 352K [0x00000000eab00000, 0x00000000ec600000, 0x0000000100000000)
  eden space 20992K, 0% used [0x00000000eab00000,0x00000000eab00000,0x00000000ebf80000)
  from space 1024K, 34% used [0x00000000ec480000,0x00000000ec4d8000,0x00000000ec580000)
  to   space 512K, 0% used [0x00000000ec580000,0x00000000ec580000,0x00000000ec600000)
 ParOldGen       total 68608K, used 49060K [0x00000000c0000000, 0x00000000c4300000, 0x00000000eab00000)
  object space 68608K, 71% used [0x00000000c0000000,0x00000000c2fe9268,0x00000000c4300000)
 Metaspace       used 63644K, committed 64704K, reserved 1114112K
  class space    used 7456K, committed 7936K, reserved 1048576K
}
Event: 48.339 GC heap before
{Heap before GC invocations=35 (full 3):
 PSYoungGen      total 22016K, used 21344K [0x00000000eab00000, 0x00000000ec600000, 0x0000000100000000)
  eden space 20992K, 100% used [0x00000000eab00000,0x00000000ebf80000,0x00000000ebf80000)
  from space 1024K, 34% used [0x00000000ec480000,0x00000000ec4d8000,0x00000000ec580000)
  to   space 512K, 0% used [0x00000000ec580000,0x00000000ec580000,0x00000000ec600000)
 ParOldGen       total 68608K, used 49060K [0x00000000c0000000, 0x00000000c4300000, 0x00000000eab00000)
  object space 68608K, 71% used [0x00000000c0000000,0x00000000c2fe9268,0x00000000c4300000)
 Metaspace       used 63661K, committed 64704K, reserved 1114112K
  class space    used 7457K, committed 7936K, reserved 1048576K
}
Event: 48.339 GC heap after
{Heap after GC invocations=35 (full 3):
 PSYoungGen      total 21504K, used 352K [0x00000000eab00000, 0x00000000ec600000, 0x0000000100000000)
  eden space 20992K, 0% used [0x00000000eab00000,0x00000000eab00000,0x00000000ebf80000)
  from space 512K, 68% used [0x00000000ec580000,0x00000000ec5d8000,0x00000000ec600000)
  to   space 512K, 0% used [0x00000000ec500000,0x00000000ec500000,0x00000000ec580000)
 ParOldGen       total 68608K, used 49276K [0x00000000c0000000, 0x00000000c4300000, 0x00000000eab00000)
  object space 68608K, 71% used [0x00000000c0000000,0x00000000c301f268,0x00000000c4300000)
 Metaspace       used 63661K, committed 64704K, reserved 1114112K
  class space    used 7457K, committed 7936K, reserved 1048576K
}
Event: 48.655 GC heap before
{Heap before GC invocations=36 (full 3):
 PSYoungGen      total 21504K, used 21344K [0x00000000eab00000, 0x00000000ec600000, 0x0000000100000000)
  eden space 20992K, 100% used [0x00000000eab00000,0x00000000ebf80000,0x00000000ebf80000)
  from space 512K, 68% used [0x00000000ec580000,0x00000000ec5d8000,0x00000000ec600000)
  to   space 512K, 0% used [0x00000000ec500000,0x00000000ec500000,0x00000000ec580000)
 ParOldGen       total 68608K, used 49276K [0x00000000c0000000, 0x00000000c4300000, 0x00000000eab00000)
  object space 68608K, 71% used [0x00000000c0000000,0x00000000c301f268,0x00000000c4300000)
 Metaspace       used 63677K, committed 64704K, reserved 1114112K
  class space    used 7457K, committed 7936K, reserved 1048576K
}
Event: 48.656 GC heap after
{Heap after GC invocations=36 (full 3):
 PSYoungGen      total 21504K, used 256K [0x00000000eab00000, 0x00000000ec600000, 0x0000000100000000)
  eden space 20992K, 0% used [0x00000000eab00000,0x00000000eab00000,0x00000000ebf80000)
  from space 512K, 50% used [0x00000000ec500000,0x00000000ec540000,0x00000000ec580000)
  to   space 512K, 0% used [0x00000000ec580000,0x00000000ec580000,0x00000000ec600000)
 ParOldGen       total 68608K, used 49332K [0x00000000c0000000, 0x00000000c4300000, 0x00000000eab00000)
  object space 68608K, 71% used [0x00000000c0000000,0x00000000c302d268,0x00000000c4300000)
 Metaspace       used 63677K, committed 64704K, reserved 1114112K
  class space    used 7457K, committed 7936K, reserved 1048576K
}
Event: 49.933 GC heap before
{Heap before GC invocations=37 (full 3):
 PSYoungGen      total 21504K, used 21248K [0x00000000eab00000, 0x00000000ec600000, 0x0000000100000000)
  eden space 20992K, 100% used [0x00000000eab00000,0x00000000ebf80000,0x00000000ebf80000)
  from space 512K, 50% used [0x00000000ec500000,0x00000000ec540000,0x00000000ec580000)
  to   space 512K, 0% used [0x00000000ec580000,0x00000000ec580000,0x00000000ec600000)
 ParOldGen       total 68608K, used 49332K [0x00000000c0000000, 0x00000000c4300000, 0x00000000eab00000)
  object space 68608K, 71% used [0x00000000c0000000,0x00000000c302d268,0x00000000c4300000)
 Metaspace       used 63692K, committed 64704K, reserved 1114112K
  class space    used 7457K, committed 7936K, reserved 1048576K
}
Event: 49.934 GC heap after
{Heap after GC invocations=37 (full 3):
 PSYoungGen      total 21504K, used 288K [0x00000000eab00000, 0x00000000ec600000, 0x0000000100000000)
  eden space 20992K, 0% used [0x00000000eab00000,0x00000000eab00000,0x00000000ebf80000)
  from space 512K, 56% used [0x00000000ec580000,0x00000000ec5c8000,0x00000000ec600000)
  to   space 512K, 0% used [0x00000000ec500000,0x00000000ec500000,0x00000000ec580000)
 ParOldGen       total 68608K, used 49372K [0x00000000c0000000, 0x00000000c4300000, 0x00000000eab00000)
  object space 68608K, 71% used [0x00000000c0000000,0x00000000c3037268,0x00000000c4300000)
 Metaspace       used 63692K, committed 64704K, reserved 1114112K
  class space    used 7457K, committed 7936K, reserved 1048576K
}
Event: 50.589 GC heap before
{Heap before GC invocations=38 (full 3):
 PSYoungGen      total 21504K, used 21280K [0x00000000eab00000, 0x00000000ec600000, 0x0000000100000000)
  eden space 20992K, 100% used [0x00000000eab00000,0x00000000ebf80000,0x00000000ebf80000)
  from space 512K, 56% used [0x00000000ec580000,0x00000000ec5c8000,0x00000000ec600000)
  to   space 512K, 0% used [0x00000000ec500000,0x00000000ec500000,0x00000000ec580000)
 ParOldGen       total 68608K, used 49372K [0x00000000c0000000, 0x00000000c4300000, 0x00000000eab00000)
  object space 68608K, 71% used [0x00000000c0000000,0x00000000c3037268,0x00000000c4300000)
 Metaspace       used 63697K, committed 64704K, reserved 1114112K
  class space    used 7457K, committed 7936K, reserved 1048576K
}
Event: 50.590 GC heap after
{Heap after GC invocations=38 (full 3):
 PSYoungGen      total 21504K, used 192K [0x00000000eab00000, 0x00000000ec600000, 0x0000000100000000)
  eden space 20992K, 0% used [0x00000000eab00000,0x00000000eab00000,0x00000000ebf80000)
  from space 512K, 37% used [0x00000000ec500000,0x00000000ec530000,0x00000000ec580000)
  to   space 512K, 0% used [0x00000000ec580000,0x00000000ec580000,0x00000000ec600000)
 ParOldGen       total 68608K, used 49432K [0x00000000c0000000, 0x00000000c4300000, 0x00000000eab00000)
  object space 68608K, 72% used [0x00000000c0000000,0x00000000c3046278,0x00000000c4300000)
 Metaspace       used 63697K, committed 64704K, reserved 1114112K
  class space    used 7457K, committed 7936K, reserved 1048576K
}
Event: 51.302 GC heap before
{Heap before GC invocations=39 (full 3):
 PSYoungGen      total 21504K, used 21184K [0x00000000eab00000, 0x00000000ec600000, 0x0000000100000000)
  eden space 20992K, 100% used [0x00000000eab00000,0x00000000ebf80000,0x00000000ebf80000)
  from space 512K, 37% used [0x00000000ec500000,0x00000000ec530000,0x00000000ec580000)
  to   space 512K, 0% used [0x00000000ec580000,0x00000000ec580000,0x00000000ec600000)
 ParOldGen       total 68608K, used 49432K [0x00000000c0000000, 0x00000000c4300000, 0x00000000eab00000)
  object space 68608K, 72% used [0x00000000c0000000,0x00000000c3046278,0x00000000c4300000)
 Metaspace       used 63719K, committed 64704K, reserved 1114112K
  class space    used 7458K, committed 7936K, reserved 1048576K
}
Event: 51.303 GC heap after
{Heap after GC invocations=39 (full 3):
 PSYoungGen      total 21504K, used 256K [0x00000000eab00000, 0x00000000ec600000, 0x0000000100000000)
  eden space 20992K, 0% used [0x00000000eab00000,0x00000000eab00000,0x00000000ebf80000)
  from space 512K, 50% used [0x00000000ec580000,0x00000000ec5c0000,0x00000000ec600000)
  to   space 512K, 0% used [0x00000000ec500000,0x00000000ec500000,0x00000000ec580000)
 ParOldGen       total 68608K, used 49464K [0x00000000c0000000, 0x00000000c4300000, 0x00000000eab00000)
  object space 68608K, 72% used [0x00000000c0000000,0x00000000c304e278,0x00000000c4300000)
 Metaspace       used 63719K, committed 64704K, reserved 1114112K
  class space    used 7458K, committed 7936K, reserved 1048576K
}
Event: 51.753 GC heap before
{Heap before GC invocations=40 (full 3):
 PSYoungGen      total 21504K, used 21248K [0x00000000eab00000, 0x00000000ec600000, 0x0000000100000000)
  eden space 20992K, 100% used [0x00000000eab00000,0x00000000ebf80000,0x00000000ebf80000)
  from space 512K, 50% used [0x00000000ec580000,0x00000000ec5c0000,0x00000000ec600000)
  to   space 512K, 0% used [0x00000000ec500000,0x00000000ec500000,0x00000000ec580000)
 ParOldGen       total 68608K, used 49464K [0x00000000c0000000, 0x00000000c4300000, 0x00000000eab00000)
  object space 68608K, 72% used [0x00000000c0000000,0x00000000c304e278,0x00000000c4300000)
 Metaspace       used 63721K, committed 64704K, reserved 1114112K
  class space    used 7459K, committed 7936K, reserved 1048576K
}
Event: 51.754 GC heap after
{Heap after GC invocations=40 (full 3):
 PSYoungGen      total 21504K, used 320K [0x00000000eab00000, 0x00000000ec600000, 0x0000000100000000)
  eden space 20992K, 0% used [0x00000000eab00000,0x00000000eab00000,0x00000000ebf80000)
  from space 512K, 62% used [0x00000000ec500000,0x00000000ec550000,0x00000000ec580000)
  to   space 512K, 0% used [0x00000000ec580000,0x00000000ec580000,0x00000000ec600000)
 ParOldGen       total 68608K, used 49528K [0x00000000c0000000, 0x00000000c4300000, 0x00000000eab00000)
  object space 68608K, 72% used [0x00000000c0000000,0x00000000c305e278,0x00000000c4300000)
 Metaspace       used 63721K, committed 64704K, reserved 1114112K
  class space    used 7459K, committed 7936K, reserved 1048576K
}

