# JRE version: Java(TM) SE Runtime Environment (14.0.2+12) (build 14.0.2+12-46)
# Java VM: Java HotSpot(TM) 64-Bit Server VM (14.0.2+12-46, mixed mode, sharing, tiered, compressed oops, g1 gc, windows-amd64)
Heap:
 garbage-first heap   total 219136K, used 121064K [0x0000000080000000, 0x0000000100000000)
  region size 1024K, 7 young (7168K), 5 survivors (5120K)
 Metaspace       used 92010K, capacity 95898K, committed 96000K, reserved 598016K
  class space    used 12655K, capacity 14055K, committed 14080K, reserved 516096K
GC Heap History (20 events):
Event: 13.836 GC heap before
{Heap before GC invocations=42 (full 0):
 garbage-first heap   total 122880K, used 85213K [0x0000000080000000, 0x0000000100000000)
  region size 1024K, 22 young (22528K), 3 survivors (3072K)
 Metaspace       used 73623K, capacity 75968K, committed 76160K, reserved 581632K
  class space    used 9965K, capacity 10878K, committed 10880K, reserved 516096K
}
Event: 13.838 GC heap after
{Heap after GC invocations=43 (full 0):
 garbage-first heap   total 122880K, used 68772K [0x0000000080000000, 0x0000000100000000)
  region size 1024K, 5 young (5120K), 5 survivors (5120K)
 Metaspace       used 73623K, capacity 75968K, committed 76160K, reserved 581632K
  class space    used 9965K, capacity 10878K, committed 10880K, reserved 516096K
}
Event: 14.072 GC heap before
{Heap before GC invocations=44 (full 0):
 garbage-first heap   total 153600K, used 106660K [0x0000000080000000, 0x0000000100000000)
  region size 1024K, 35 young (35840K), 5 survivors (5120K)
 Metaspace       used 75171K, capacity 77470K, committed 77696K, reserved 583680K
  class space    used 10174K, capacity 11075K, committed 11136K, reserved 516096K
}
Event: 14.075 GC heap after
{Heap after GC invocations=45 (full 0):
 garbage-first heap   total 153600K, used 71591K [0x0000000080000000, 0x0000000100000000)
  region size 1024K, 5 young (5120K), 5 survivors (5120K)
 Metaspace       used 75171K, capacity 77470K, committed 77696K, reserved 583680K
  class space    used 10174K, capacity 11075K, committed 11136K, reserved 516096K
}
Event: 14.530 GC heap before
{Heap before GC invocations=45 (full 0):
 garbage-first heap   total 153600K, used 123815K [0x0000000080000000, 0x0000000100000000)
  region size 1024K, 55 young (56320K), 5 survivors (5120K)
 Metaspace       used 78141K, capacity 80595K, committed 80896K, reserved 585728K
  class space    used 10554K, capacity 11469K, committed 11520K, reserved 516096K
}
Event: 14.534 GC heap after
{Heap after GC invocations=46 (full 0):
 garbage-first heap   total 153600K, used 75264K [0x0000000080000000, 0x0000000100000000)
  region size 1024K, 7 young (7168K), 7 survivors (7168K)
 Metaspace       used 78141K, capacity 80595K, committed 80896K, reserved 585728K
  class space    used 10554K, capacity 11469K, committed 11520K, reserved 516096K
}
Event: 17.739 GC heap before
{Heap before GC invocations=46 (full 0):
 garbage-first heap   total 153600K, used 123392K [0x0000000080000000, 0x0000000100000000)
  region size 1024K, 54 young (55296K), 7 survivors (7168K)
 Metaspace       used 79075K, capacity 81490K, committed 81792K, reserved 587776K
  class space    used 10681K, capacity 11594K, committed 11648K, reserved 516096K
}
Event: 17.744 GC heap after
{Heap after GC invocations=47 (full 0):
 garbage-first heap   total 184320K, used 78657K [0x0000000080000000, 0x0000000100000000)
  region size 1024K, 7 young (7168K), 7 survivors (7168K)
 Metaspace       used 79075K, capacity 81490K, committed 81792K, reserved 587776K
  class space    used 10681K, capacity 11594K, committed 11648K, reserved 516096K
}
Event: 18.357 GC heap before
{Heap before GC invocations=48 (full 0):
 garbage-first heap   total 184320K, used 145217K [0x0000000080000000, 0x0000000100000000)
  region size 1024K, 72 young (73728K), 7 survivors (7168K)
 Metaspace       used 84921K, capacity 87427K, committed 87680K, reserved 591872K
  class space    used 11667K, capacity 12646K, committed 12672K, reserved 516096K
}
Event: 18.361 GC heap after
{Heap after GC invocations=49 (full 0):
 garbage-first heap   total 184320K, used 83222K [0x0000000080000000, 0x0000000100000000)
  region size 1024K, 8 young (8192K), 8 survivors (8192K)
 Metaspace       used 84921K, capacity 87427K, committed 87680K, reserved 591872K
  class space    used 11667K, capacity 12646K, committed 12672K, reserved 516096K
}
Event: 18.714 GC heap before
{Heap before GC invocations=49 (full 0):
 garbage-first heap   total 184320K, used 147734K [0x0000000080000000, 0x0000000100000000)
  region size 1024K, 71 young (72704K), 8 survivors (8192K)
 Metaspace       used 86774K, capacity 89935K, committed 90240K, reserved 593920K
  class space    used 11945K, capacity 13077K, committed 13184K, reserved 516096K
}
Event: 18.719 GC heap after
{Heap after GC invocations=50 (full 0):
 garbage-first heap   total 184320K, used 89000K [0x0000000080000000, 0x0000000100000000)
  region size 1024K, 9 young (9216K), 9 survivors (9216K)
 Metaspace       used 86774K, capacity 89935K, committed 90240K, reserved 593920K
  class space    used 11945K, capacity 13077K, committed 13184K, reserved 516096K
}
Event: 19.190 GC heap before
{Heap before GC invocations=50 (full 0):
 garbage-first heap   total 184320K, used 147368K [0x0000000080000000, 0x0000000100000000)
  region size 1024K, 67 young (68608K), 9 survivors (9216K)
 Metaspace       used 88467K, capacity 91958K, committed 92032K, reserved 595968K
  class space    used 12154K, capacity 13401K, committed 13440K, reserved 516096K
}
Event: 19.198 GC heap after
{Heap after GC invocations=51 (full 0):
 garbage-first heap   total 184320K, used 96883K [0x0000000080000000, 0x0000000100000000)
  region size 1024K, 8 young (8192K), 8 survivors (8192K)
 Metaspace       used 88467K, capacity 91958K, committed 92032K, reserved 595968K
  class space    used 12154K, capacity 13401K, committed 13440K, reserved 516096K
}
Event: 19.250 GC heap before
{Heap before GC invocations=51 (full 0):
 garbage-first heap   total 184320K, used 107123K [0x0000000080000000, 0x0000000100000000)
  region size 1024K, 20 young (20480K), 8 survivors (8192K)
 Metaspace       used 88499K, capacity 92095K, committed 92288K, reserved 595968K
  class space    used 12157K, capacity 13404K, committed 13440K, reserved 516096K
}
Event: 19.255 GC heap after
{Heap after GC invocations=52 (full 0):
 garbage-first heap   total 184320K, used 98159K [0x0000000080000000, 0x0000000100000000)
  region size 1024K, 2 young (2048K), 2 survivors (2048K)
 Metaspace       used 88499K, capacity 92095K, committed 92288K, reserved 595968K
  class space    used 12157K, capacity 13404K, committed 13440K, reserved 516096K
}
Event: 19.656 GC heap before
{Heap before GC invocations=53 (full 0):
 garbage-first heap   total 186368K, used 156527K [0x0000000080000000, 0x0000000100000000)
  region size 1024K, 54 young (55296K), 2 survivors (2048K)
 Metaspace       used 90183K, capacity 93770K, committed 93824K, reserved 598016K
  class space    used 12391K, capacity 13684K, committed 13696K, reserved 516096K
}
Event: 19.661 GC heap after
{Heap after GC invocations=54 (full 0):
 garbage-first heap   total 186368K, used 112573K [0x0000000080000000, 0x0000000100000000)
  region size 1024K, 7 young (7168K), 7 survivors (7168K)
 Metaspace       used 90183K, capacity 93770K, committed 93824K, reserved 598016K
  class space    used 12391K, capacity 13684K, committed 13696K, reserved 516096K
}
Event: 20.005 GC heap before
{Heap before GC invocations=54 (full 0):
 garbage-first heap   total 186368K, used 148413K [0x0000000080000000, 0x0000000100000000)
  region size 1024K, 44 young (45056K), 7 survivors (7168K)
 Metaspace       used 91041K, capacity 94838K, committed 95104K, reserved 598016K
  class space    used 12491K, capacity 13844K, committed 13952K, reserved 516096K
}
Event: 20.010 GC heap after
{Heap after GC invocations=55 (full 0):
 garbage-first heap   total 186368K, used 116204K [0x0000000080000000, 0x0000000100000000)
  region size 1024K, 4 young (4096K), 4 survivors (4096K)
 Metaspace       used 91041K, capacity 94838K, committed 95104K, reserved 598016K
  class space    used 12491K, capacity 13844K, committed 13952K, reserved 516096K
}

