# JRE version: Java(TM) SE Runtime Environment (14.0.2+12) (build 14.0.2+12-46)
# Java VM: Java HotSpot(TM) 64-Bit Server VM (14.0.2+12-46, mixed mode, sharing, tiered, compressed oops, g1 gc, windows-amd64)
Heap:
 garbage-first heap   total 168960K, used 108124K [0x0000000080000000, 0x0000000100000000)
  region size 1024K, 21 young (21504K), 4 survivors (4096K)
 Metaspace       used 88822K, capacity 91051K, committed 91264K, reserved 595968K
  class space    used 12055K, capacity 12899K, committed 12928K, reserved 516096K
GC Heap History (20 events):
Event: 7.712 GC heap before
{Heap before GC invocations=26 (full 0):
 garbage-first heap   total 114688K, used 101546K [0x0000000080000000, 0x0000000100000000)
  region size 1024K, 40 young (40960K), 3 survivors (3072K)
 Metaspace       used 66035K, capacity 68130K, committed 68352K, reserved 575488K
  class space    used 9085K, capacity 9885K, committed 9984K, reserved 516096K
}
Event: 7.714 GC heap after
{Heap after GC invocations=27 (full 0):
 garbage-first heap   total 114688K, used 59062K [0x0000000080000000, 0x0000000100000000)
  region size 1024K, 3 young (3072K), 3 survivors (3072K)
 Metaspace       used 66035K, capacity 68130K, committed 68352K, reserved 575488K
  class space    used 9085K, capacity 9885K, committed 9984K, reserved 516096K
}
Event: 7.941 GC heap before
{Heap before GC invocations=27 (full 0):
 garbage-first heap   total 114688K, used 97974K [0x0000000080000000, 0x0000000100000000)
  region size 1024K, 41 young (41984K), 3 survivors (3072K)
 Metaspace       used 69718K, capacity 71746K, committed 71936K, reserved 577536K
  class space    used 9895K, capacity 10685K, committed 10752K, reserved 516096K
}
Event: 7.943 GC heap after
{Heap after GC invocations=28 (full 0):
 garbage-first heap   total 114688K, used 59642K [0x0000000080000000, 0x0000000100000000)
  region size 1024K, 4 young (4096K), 4 survivors (4096K)
 Metaspace       used 69718K, capacity 71746K, committed 71936K, reserved 577536K
  class space    used 9895K, capacity 10685K, committed 10752K, reserved 516096K
}
Event: 8.226 GC heap before
{Heap before GC invocations=29 (full 0):
 garbage-first heap   total 114688K, used 96506K [0x0000000080000000, 0x0000000100000000)
  region size 1024K, 41 young (41984K), 4 survivors (4096K)
 Metaspace       used 71092K, capacity 73207K, committed 73344K, reserved 579584K
  class space    used 10022K, capacity 10827K, committed 10880K, reserved 516096K
}
Event: 8.229 GC heap after
{Heap after GC invocations=30 (full 0):
 garbage-first heap   total 114688K, used 59948K [0x0000000080000000, 0x0000000100000000)
  region size 1024K, 3 young (3072K), 3 survivors (3072K)
 Metaspace       used 71092K, capacity 73207K, committed 73344K, reserved 579584K
  class space    used 10022K, capacity 10827K, committed 10880K, reserved 516096K
}
Event: 8.445 GC heap before
{Heap before GC invocations=30 (full 0):
 garbage-first heap   total 114688K, used 98860K [0x0000000080000000, 0x0000000100000000)
  region size 1024K, 41 young (41984K), 3 survivors (3072K)
 Metaspace       used 74187K, capacity 76279K, committed 76544K, reserved 581632K
  class space    used 10420K, capacity 11236K, committed 11264K, reserved 516096K
}
Event: 8.447 GC heap after
{Heap after GC invocations=31 (full 0):
 garbage-first heap   total 138240K, used 60495K [0x0000000080000000, 0x0000000100000000)
  region size 1024K, 4 young (4096K), 4 survivors (4096K)
 Metaspace       used 74187K, capacity 76279K, committed 76544K, reserved 581632K
  class space    used 10420K, capacity 11236K, committed 11264K, reserved 516096K
}
Event: 8.786 GC heap before
{Heap before GC invocations=32 (full 0):
 garbage-first heap   total 138240K, used 112719K [0x0000000080000000, 0x0000000100000000)
  region size 1024K, 53 young (54272K), 4 survivors (4096K)
 Metaspace       used 78580K, capacity 80714K, committed 81024K, reserved 585728K
  class space    used 10961K, capacity 11807K, committed 11904K, reserved 516096K
}
Event: 8.790 GC heap after
{Heap after GC invocations=33 (full 0):
 garbage-first heap   total 138240K, used 68890K [0x0000000080000000, 0x0000000100000000)
  region size 1024K, 8 young (8192K), 8 survivors (8192K)
 Metaspace       used 78580K, capacity 80714K, committed 81024K, reserved 585728K
  class space    used 10961K, capacity 11807K, committed 11904K, reserved 516096K
}
Event: 8.996 GC heap before
{Heap before GC invocations=34 (full 0):
 garbage-first heap   total 138240K, used 99610K [0x0000000080000000, 0x0000000100000000)
  region size 1024K, 34 young (34816K), 8 survivors (8192K)
 Metaspace       used 81260K, capacity 83448K, committed 83584K, reserved 587776K
  class space    used 11273K, capacity 12119K, committed 12160K, reserved 516096K
}
Event: 9.000 GC heap after
{Heap after GC invocations=35 (full 0):
 garbage-first heap   total 138240K, used 70758K [0x0000000080000000, 0x0000000100000000)
  region size 1024K, 2 young (2048K), 2 survivors (2048K)
 Metaspace       used 81260K, capacity 83448K, committed 83584K, reserved 587776K
  class space    used 11273K, capacity 12119K, committed 12160K, reserved 516096K
}
Event: 9.165 GC heap before
{Heap before GC invocations=36 (full 0):
 garbage-first heap   total 140288K, used 119910K [0x0000000080000000, 0x0000000100000000)
  region size 1024K, 46 young (47104K), 2 survivors (2048K)
 Metaspace       used 81459K, capacity 83684K, committed 83840K, reserved 587776K
  class space    used 11282K, capacity 12154K, committed 12160K, reserved 516096K
}
Event: 9.171 GC heap after
{Heap after GC invocations=37 (full 0):
 garbage-first heap   total 140288K, used 83462K [0x0000000080000000, 0x0000000100000000)
  region size 1024K, 6 young (6144K), 6 survivors (6144K)
 Metaspace       used 81459K, capacity 83684K, committed 83840K, reserved 587776K
  class space    used 11282K, capacity 12154K, committed 12160K, reserved 516096K
}
Event: 9.317 GC heap before
{Heap before GC invocations=37 (full 0):
 garbage-first heap   total 140288K, used 114182K [0x0000000080000000, 0x0000000100000000)
  region size 1024K, 36 young (36864K), 6 survivors (6144K)
 Metaspace       used 82577K, capacity 84854K, committed 84992K, reserved 589824K
  class space    used 11417K, capacity 12286K, committed 12288K, reserved 516096K
}
Event: 9.321 GC heap after
{Heap after GC invocations=38 (full 0):
 garbage-first heap   total 168960K, used 88015K [0x0000000080000000, 0x0000000100000000)
  region size 1024K, 4 young (4096K), 4 survivors (4096K)
 Metaspace       used 82577K, capacity 84854K, committed 84992K, reserved 589824K
  class space    used 11417K, capacity 12286K, committed 12288K, reserved 516096K
}
Event: 9.507 GC heap before
{Heap before GC invocations=39 (full 0):
 garbage-first heap   total 168960K, used 118735K [0x0000000080000000, 0x0000000100000000)
  region size 1024K, 35 young (35840K), 4 survivors (4096K)
 Metaspace       used 84743K, capacity 86975K, committed 87168K, reserved 593920K
  class space    used 11680K, capacity 12545K, committed 12672K, reserved 516096K
}
Event: 9.510 GC heap after
{Heap after GC invocations=40 (full 0):
 garbage-first heap   total 168960K, used 89299K [0x0000000080000000, 0x0000000100000000)
  region size 1024K, 2 young (2048K), 2 survivors (2048K)
 Metaspace       used 84743K, capacity 86975K, committed 87168K, reserved 593920K
  class space    used 11680K, capacity 12545K, committed 12672K, reserved 516096K
}
Event: 9.799 GC heap before
{Heap before GC invocations=41 (full 0):
 garbage-first heap   total 168960K, used 144595K [0x0000000080000000, 0x0000000100000000)
  region size 1024K, 46 young (47104K), 2 survivors (2048K)
 Metaspace       used 87249K, capacity 89547K, committed 89728K, reserved 595968K
  class space    used 11937K, capacity 12803K, committed 12928K, reserved 516096K
}
Event: 9.802 GC heap after
{Heap after GC invocations=42 (full 0):
 garbage-first heap   total 168960K, used 91740K [0x0000000080000000, 0x0000000100000000)
  region size 1024K, 4 young (4096K), 4 survivors (4096K)
 Metaspace       used 87249K, capacity 89547K, committed 89728K, reserved 595968K
  class space    used 11937K, capacity 12803K, committed 12928K, reserved 516096K
}

