# JRE version: OpenJDK Runtime Environment Temurin-17.0.7+7 (17.0.7+7) (build 17.0.7+7)
# Java VM: OpenJDK 64-Bit Server VM Temurin-17.0.7+7 (17.0.7+7, mixed mode, tiered, compressed oops, compressed class ptrs, parallel gc, windows-amd64)
GC Precious Log:
 CPUs: 16 total, 16 available
 Memory: 16085M
 Large Page Support: Disabled
 NUMA Support: Disabled
 Compressed Oops: Enabled (32-bit)
 Alignments: Space 512K, Generation 512K, Heap 2M
 Heap Min Capacity: 100M
 Heap Initial Capacity: 100M
 Heap Max Capacity: 1G
 Pre-touch: Disabled
 Parallel Workers: 13
Heap:
 PSYoungGen      total 24576K, used 22333K [0x00000000eab00000, 0x00000000ec600000, 0x0000000100000000)
  eden space 22016K, 90% used [0x00000000eab00000,0x00000000ebe77788,0x00000000ec080000)
  from space 2560K, 93% used [0x00000000ec380000,0x00000000ec5d8000,0x00000000ec600000)
  to   space 2560K, 0% used [0x00000000ec100000,0x00000000ec100000,0x00000000ec380000)
 ParOldGen       total 68608K, used 27816K [0x00000000c0000000, 0x00000000c4300000, 0x00000000eab00000)
  object space 68608K, 40% used [0x00000000c0000000,0x00000000c1b2a2c8,0x00000000c4300000)
 Metaspace       used 37267K, committed 38016K, reserved 1114112K
  class space    used 3798K, committed 4160K, reserved 1048576K
GC Heap History (20 events):
Event: 2.584 GC heap before
{Heap before GC invocations=9 (full 1):
 PSYoungGen      total 26112K, used 26103K [0x00000000eab00000, 0x00000000ec880000, 0x0000000100000000)
  eden space 24064K, 100% used [0x00000000eab00000,0x00000000ec280000,0x00000000ec280000)
  from space 2048K, 99% used [0x00000000ec580000,0x00000000ec77de48,0x00000000ec780000)
  to   space 1024K, 0% used [0x00000000ec780000,0x00000000ec780000,0x00000000ec880000)
 ParOldGen       total 68608K, used 12976K [0x00000000c0000000, 0x00000000c4300000, 0x00000000eab00000)
  object space 68608K, 18% used [0x00000000c0000000,0x00000000c0cac1d8,0x00000000c4300000)
 Metaspace       used 31255K, committed 31872K, reserved 1114112K
  class space    used 3067K, committed 3328K, reserved 1048576K
}
Event: 2.586 GC heap after
{Heap after GC invocations=9 (full 1):
 PSYoungGen      total 24576K, used 1000K [0x00000000eab00000, 0x00000000ec880000, 0x0000000100000000)
  eden space 23552K, 0% used [0x00000000eab00000,0x00000000eab00000,0x00000000ec200000)
  from space 1024K, 97% used [0x00000000ec780000,0x00000000ec87a190,0x00000000ec880000)
  to   space 2560K, 0% used [0x00000000ec380000,0x00000000ec380000,0x00000000ec600000)
 ParOldGen       total 68608K, used 14339K [0x00000000c0000000, 0x00000000c4300000, 0x00000000eab00000)
  object space 68608K, 20% used [0x00000000c0000000,0x00000000c0e00f88,0x00000000c4300000)
 Metaspace       used 31255K, committed 31872K, reserved 1114112K
  class space    used 3067K, committed 3328K, reserved 1048576K
}
Event: 2.909 GC heap before
{Heap before GC invocations=10 (full 1):
 PSYoungGen      total 24576K, used 24552K [0x00000000eab00000, 0x00000000ec880000, 0x0000000100000000)
  eden space 23552K, 99% used [0x00000000eab00000,0x00000000ec1fffd0,0x00000000ec200000)
  from space 1024K, 97% used [0x00000000ec780000,0x00000000ec87a190,0x00000000ec880000)
  to   space 2560K, 0% used [0x00000000ec380000,0x00000000ec380000,0x00000000ec600000)
 ParOldGen       total 68608K, used 14339K [0x00000000c0000000, 0x00000000c4300000, 0x00000000eab00000)
  object space 68608K, 20% used [0x00000000c0000000,0x00000000c0e00f88,0x00000000c4300000)
 Metaspace       used 35094K, committed 35712K, reserved 1114112K
  class space    used 3551K, committed 3840K, reserved 1048576K
}
Event: 2.910 GC heap after
{Heap after GC invocations=10 (full 1):
 PSYoungGen      total 25600K, used 2542K [0x00000000eab00000, 0x00000000ec800000, 0x0000000100000000)
  eden space 23040K, 0% used [0x00000000eab00000,0x00000000eab00000,0x00000000ec180000)
  from space 2560K, 99% used [0x00000000ec380000,0x00000000ec5fb998,0x00000000ec600000)
  to   space 2048K, 0% used [0x00000000ec600000,0x00000000ec600000,0x00000000ec800000)
 ParOldGen       total 68608K, used 14705K [0x00000000c0000000, 0x00000000c4300000, 0x00000000eab00000)
  object space 68608K, 21% used [0x00000000c0000000,0x00000000c0e5c7b0,0x00000000c4300000)
 Metaspace       used 35094K, committed 35712K, reserved 1114112K
  class space    used 3551K, committed 3840K, reserved 1048576K
}
Event: 2.919 GC heap before
{Heap before GC invocations=11 (full 1):
 PSYoungGen      total 25600K, used 3919K [0x00000000eab00000, 0x00000000ec800000, 0x0000000100000000)
  eden space 23040K, 5% used [0x00000000eab00000,0x00000000eac585f8,0x00000000ec180000)
  from space 2560K, 99% used [0x00000000ec380000,0x00000000ec5fb998,0x00000000ec600000)
  to   space 2048K, 0% used [0x00000000ec600000,0x00000000ec600000,0x00000000ec800000)
 ParOldGen       total 68608K, used 14705K [0x00000000c0000000, 0x00000000c4300000, 0x00000000eab00000)
  object space 68608K, 21% used [0x00000000c0000000,0x00000000c0e5c7b0,0x00000000c4300000)
 Metaspace       used 35268K, committed 35840K, reserved 1114112K
  class space    used 3572K, committed 3840K, reserved 1048576K
}
Event: 2.920 GC heap after
{Heap after GC invocations=11 (full 1):
 PSYoungGen      total 25088K, used 1937K [0x00000000eab00000, 0x00000000ec800000, 0x0000000100000000)
  eden space 23040K, 0% used [0x00000000eab00000,0x00000000eab00000,0x00000000ec180000)
  from space 2048K, 94% used [0x00000000ec600000,0x00000000ec7e47b0,0x00000000ec800000)
  to   space 2560K, 0% used [0x00000000ec300000,0x00000000ec300000,0x00000000ec580000)
 ParOldGen       total 68608K, used 15439K [0x00000000c0000000, 0x00000000c4300000, 0x00000000eab00000)
  object space 68608K, 22% used [0x00000000c0000000,0x00000000c0f13e50,0x00000000c4300000)
 Metaspace       used 35268K, committed 35840K, reserved 1114112K
  class space    used 3572K, committed 3840K, reserved 1048576K
}
Event: 2.920 GC heap before
{Heap before GC invocations=12 (full 2):
 PSYoungGen      total 25088K, used 1937K [0x00000000eab00000, 0x00000000ec800000, 0x0000000100000000)
  eden space 23040K, 0% used [0x00000000eab00000,0x00000000eab00000,0x00000000ec180000)
  from space 2048K, 94% used [0x00000000ec600000,0x00000000ec7e47b0,0x00000000ec800000)
  to   space 2560K, 0% used [0x00000000ec300000,0x00000000ec300000,0x00000000ec580000)
 ParOldGen       total 68608K, used 15439K [0x00000000c0000000, 0x00000000c4300000, 0x00000000eab00000)
  object space 68608K, 22% used [0x00000000c0000000,0x00000000c0f13e50,0x00000000c4300000)
 Metaspace       used 35268K, committed 35840K, reserved 1114112K
  class space    used 3572K, committed 3840K, reserved 1048576K
}
Event: 2.936 GC heap after
{Heap after GC invocations=12 (full 2):
 PSYoungGen      total 25088K, used 0K [0x00000000eab00000, 0x00000000ec800000, 0x0000000100000000)
  eden space 23040K, 0% used [0x00000000eab00000,0x00000000eab00000,0x00000000ec180000)
  from space 2048K, 0% used [0x00000000ec600000,0x00000000ec600000,0x00000000ec800000)
  to   space 2560K, 0% used [0x00000000ec300000,0x00000000ec300000,0x00000000ec580000)
 ParOldGen       total 68608K, used 16794K [0x00000000c0000000, 0x00000000c4300000, 0x00000000eab00000)
  object space 68608K, 24% used [0x00000000c0000000,0x00000000c10668e8,0x00000000c4300000)
 Metaspace       used 35268K, committed 35840K, reserved 1114112K
  class space    used 3572K, committed 3840K, reserved 1048576K
}
Event: 3.085 GC heap before
{Heap before GC invocations=13 (full 2):
 PSYoungGen      total 25088K, used 23040K [0x00000000eab00000, 0x00000000ec800000, 0x0000000100000000)
  eden space 23040K, 100% used [0x00000000eab00000,0x00000000ec180000,0x00000000ec180000)
  from space 2048K, 0% used [0x00000000ec600000,0x00000000ec600000,0x00000000ec800000)
  to   space 2560K, 0% used [0x00000000ec300000,0x00000000ec300000,0x00000000ec580000)
 ParOldGen       total 68608K, used 16794K [0x00000000c0000000, 0x00000000c4300000, 0x00000000eab00000)
  object space 68608K, 24% used [0x00000000c0000000,0x00000000c10668e8,0x00000000c4300000)
 Metaspace       used 36431K, committed 37120K, reserved 1114112K
  class space    used 3708K, committed 4032K, reserved 1048576K
}
Event: 3.086 GC heap after
{Heap after GC invocations=13 (full 2):
 PSYoungGen      total 24576K, used 2016K [0x00000000eab00000, 0x00000000ec680000, 0x0000000100000000)
  eden space 22528K, 0% used [0x00000000eab00000,0x00000000eab00000,0x00000000ec100000)
  from space 2048K, 98% used [0x00000000ec300000,0x00000000ec4f8020,0x00000000ec500000)
  to   space 1536K, 0% used [0x00000000ec500000,0x00000000ec500000,0x00000000ec680000)
 ParOldGen       total 68608K, used 16802K [0x00000000c0000000, 0x00000000c4300000, 0x00000000eab00000)
  object space 68608K, 24% used [0x00000000c0000000,0x00000000c10688e8,0x00000000c4300000)
 Metaspace       used 36431K, committed 37120K, reserved 1114112K
  class space    used 3708K, committed 4032K, reserved 1048576K
}
Event: 3.161 GC heap before
{Heap before GC invocations=14 (full 2):
 PSYoungGen      total 24576K, used 24544K [0x00000000eab00000, 0x00000000ec680000, 0x0000000100000000)
  eden space 22528K, 100% used [0x00000000eab00000,0x00000000ec100000,0x00000000ec100000)
  from space 2048K, 98% used [0x00000000ec300000,0x00000000ec4f8020,0x00000000ec500000)
  to   space 1536K, 0% used [0x00000000ec500000,0x00000000ec500000,0x00000000ec680000)
 ParOldGen       total 68608K, used 16802K [0x00000000c0000000, 0x00000000c4300000, 0x00000000eab00000)
  object space 68608K, 24% used [0x00000000c0000000,0x00000000c10688e8,0x00000000c4300000)
 Metaspace       used 36624K, committed 37312K, reserved 1114112K
  class space    used 3726K, committed 4032K, reserved 1048576K
}
Event: 3.164 GC heap after
{Heap after GC invocations=14 (full 2):
 PSYoungGen      total 23552K, used 1504K [0x00000000eab00000, 0x00000000ec980000, 0x0000000100000000)
  eden space 22016K, 0% used [0x00000000eab00000,0x00000000eab00000,0x00000000ec080000)
  from space 1536K, 97% used [0x00000000ec500000,0x00000000ec678010,0x00000000ec680000)
  to   space 4608K, 0% used [0x00000000ec080000,0x00000000ec080000,0x00000000ec500000)
 ParOldGen       total 68608K, used 19244K [0x00000000c0000000, 0x00000000c4300000, 0x00000000eab00000)
  object space 68608K, 28% used [0x00000000c0000000,0x00000000c12cb300,0x00000000c4300000)
 Metaspace       used 36624K, committed 37312K, reserved 1114112K
  class space    used 3726K, committed 4032K, reserved 1048576K
}
Event: 3.209 GC heap before
{Heap before GC invocations=15 (full 2):
 PSYoungGen      total 23552K, used 23520K [0x00000000eab00000, 0x00000000ec980000, 0x0000000100000000)
  eden space 22016K, 100% used [0x00000000eab00000,0x00000000ec080000,0x00000000ec080000)
  from space 1536K, 97% used [0x00000000ec500000,0x00000000ec678010,0x00000000ec680000)
  to   space 4608K, 0% used [0x00000000ec080000,0x00000000ec080000,0x00000000ec500000)
 ParOldGen       total 68608K, used 19244K [0x00000000c0000000, 0x00000000c4300000, 0x00000000eab00000)
  object space 68608K, 28% used [0x00000000c0000000,0x00000000c12cb300,0x00000000c4300000)
 Metaspace       used 36636K, committed 37312K, reserved 1114112K
  class space    used 3727K, committed 4032K, reserved 1048576K
}
Event: 3.211 GC heap after
{Heap after GC invocations=15 (full 2):
 PSYoungGen      total 24576K, used 2292K [0x00000000eab00000, 0x00000000ec680000, 0x0000000100000000)
  eden space 22016K, 0% used [0x00000000eab00000,0x00000000eab00000,0x00000000ec080000)
  from space 2560K, 89% used [0x00000000ec080000,0x00000000ec2bd190,0x00000000ec300000)
  to   space 3072K, 0% used [0x00000000ec380000,0x00000000ec380000,0x00000000ec680000)
 ParOldGen       total 68608K, used 20704K [0x00000000c0000000, 0x00000000c4300000, 0x00000000eab00000)
  object space 68608K, 30% used [0x00000000c0000000,0x00000000c1438328,0x00000000c4300000)
 Metaspace       used 36636K, committed 37312K, reserved 1114112K
  class space    used 3727K, committed 4032K, reserved 1048576K
}
Event: 3.273 GC heap before
{Heap before GC invocations=16 (full 2):
 PSYoungGen      total 24576K, used 24308K [0x00000000eab00000, 0x00000000ec680000, 0x0000000100000000)
  eden space 22016K, 100% used [0x00000000eab00000,0x00000000ec080000,0x00000000ec080000)
  from space 2560K, 89% used [0x00000000ec080000,0x00000000ec2bd190,0x00000000ec300000)
  to   space 3072K, 0% used [0x00000000ec380000,0x00000000ec380000,0x00000000ec680000)
 ParOldGen       total 68608K, used 20704K [0x00000000c0000000, 0x00000000c4300000, 0x00000000eab00000)
  object space 68608K, 30% used [0x00000000c0000000,0x00000000c1438328,0x00000000c4300000)
 Metaspace       used 36776K, committed 37568K, reserved 1114112K
  class space    used 3743K, committed 4096K, reserved 1048576K
}
Event: 3.275 GC heap after
{Heap after GC invocations=16 (full 2):
 PSYoungGen      total 25088K, used 2560K [0x00000000eab00000, 0x00000000ec680000, 0x0000000100000000)
  eden space 22016K, 0% used [0x00000000eab00000,0x00000000eab00000,0x00000000ec080000)
  from space 3072K, 83% used [0x00000000ec380000,0x00000000ec600010,0x00000000ec680000)
  to   space 3072K, 0% used [0x00000000ec080000,0x00000000ec080000,0x00000000ec380000)
 ParOldGen       total 68608K, used 22869K [0x00000000c0000000, 0x00000000c4300000, 0x00000000eab00000)
  object space 68608K, 33% used [0x00000000c0000000,0x00000000c16554b8,0x00000000c4300000)
 Metaspace       used 36776K, committed 37568K, reserved 1114112K
  class space    used 3743K, committed 4096K, reserved 1048576K
}
Event: 3.314 GC heap before
{Heap before GC invocations=17 (full 2):
 PSYoungGen      total 25088K, used 24576K [0x00000000eab00000, 0x00000000ec680000, 0x0000000100000000)
  eden space 22016K, 100% used [0x00000000eab00000,0x00000000ec080000,0x00000000ec080000)
  from space 3072K, 83% used [0x00000000ec380000,0x00000000ec600010,0x00000000ec680000)
  to   space 3072K, 0% used [0x00000000ec080000,0x00000000ec080000,0x00000000ec380000)
 ParOldGen       total 68608K, used 22869K [0x00000000c0000000, 0x00000000c4300000, 0x00000000eab00000)
  object space 68608K, 33% used [0x00000000c0000000,0x00000000c16554b8,0x00000000c4300000)
 Metaspace       used 36776K, committed 37568K, reserved 1114112K
  class space    used 3743K, committed 4096K, reserved 1048576K
}
Event: 3.316 GC heap after
{Heap after GC invocations=17 (full 2):
 PSYoungGen      total 25088K, used 2656K [0x00000000eab00000, 0x00000000ec680000, 0x0000000100000000)
  eden space 22016K, 0% used [0x00000000eab00000,0x00000000eab00000,0x00000000ec080000)
  from space 3072K, 86% used [0x00000000ec080000,0x00000000ec318010,0x00000000ec380000)
  to   space 3072K, 0% used [0x00000000ec380000,0x00000000ec380000,0x00000000ec680000)
 ParOldGen       total 68608K, used 25288K [0x00000000c0000000, 0x00000000c4300000, 0x00000000eab00000)
  object space 68608K, 36% used [0x00000000c0000000,0x00000000c18b22b8,0x00000000c4300000)
 Metaspace       used 36776K, committed 37568K, reserved 1114112K
  class space    used 3743K, committed 4096K, reserved 1048576K
}
Event: 3.356 GC heap before
{Heap before GC invocations=18 (full 2):
 PSYoungGen      total 25088K, used 24672K [0x00000000eab00000, 0x00000000ec680000, 0x0000000100000000)
  eden space 22016K, 100% used [0x00000000eab00000,0x00000000ec080000,0x00000000ec080000)
  from space 3072K, 86% used [0x00000000ec080000,0x00000000ec318010,0x00000000ec380000)
  to   space 3072K, 0% used [0x00000000ec380000,0x00000000ec380000,0x00000000ec680000)
 ParOldGen       total 68608K, used 25288K [0x00000000c0000000, 0x00000000c4300000, 0x00000000eab00000)
  object space 68608K, 36% used [0x00000000c0000000,0x00000000c18b22b8,0x00000000c4300000)
 Metaspace       used 36776K, committed 37568K, reserved 1114112K
  class space    used 3743K, committed 4096K, reserved 1048576K
}
Event: 3.360 GC heap after
{Heap after GC invocations=18 (full 2):
 PSYoungGen      total 24576K, used 2400K [0x00000000eab00000, 0x00000000ec600000, 0x0000000100000000)
  eden space 22016K, 0% used [0x00000000eab00000,0x00000000eab00000,0x00000000ec080000)
  from space 2560K, 93% used [0x00000000ec380000,0x00000000ec5d8000,0x00000000ec600000)
  to   space 2560K, 0% used [0x00000000ec100000,0x00000000ec100000,0x00000000ec380000)
 ParOldGen       total 68608K, used 27816K [0x00000000c0000000, 0x00000000c4300000, 0x00000000eab00000)
  object space 68608K, 40% used [0x00000000c0000000,0x00000000c1b2a2c8,0x00000000c4300000)
 Metaspace       used 36776K, committed 37568K, reserved 1114112K
  class space    used 3743K, committed 4096K, reserved 1048576K
}

