# JRE version: Java(TM) SE Runtime Environment (14.0.2+12) (build 14.0.2+12-46)
# Java VM: Java HotSpot(TM) 64-Bit Server VM (14.0.2+12-46, mixed mode, sharing, tiered, compressed oops, g1 gc, windows-amd64)
Heap:
 garbage-first heap   total 115712K, used 92617K [0x0000000080000000, 0x0000000100000000)
  region size 1024K, 45 young (46080K), 3 survivors (3072K)
 Metaspace       used 60701K, capacity 62843K, committed 63104K, reserved 571392K
  class space    used 8456K, capacity 9278K, committed 9344K, reserved 516096K
GC Heap History (20 events):
Event: 9.139 GC heap before
{Heap before GC invocations=17 (full 0):
 garbage-first heap   total 75776K, used 40130K [0x0000000080000000, 0x0000000100000000)
  region size 1024K, 6 young (6144K), 3 survivors (3072K)
 Metaspace       used 43651K, capacity 45089K, committed 45440K, reserved 555008K
  class space    used 6069K, capacity 6666K, committed 6784K, reserved 516096K
}
Event: 9.141 GC heap after
{Heap after GC invocations=18 (full 0):
 garbage-first heap   total 75776K, used 38999K [0x0000000080000000, 0x0000000100000000)
  region size 1024K, 3 young (3072K), 3 survivors (3072K)
 Metaspace       used 43651K, capacity 45089K, committed 45440K, reserved 555008K
  class space    used 6069K, capacity 6666K, committed 6784K, reserved 516096K
}
Event: 9.476 GC heap before
{Heap before GC invocations=19 (full 0):
 garbage-first heap   total 75776K, used 63575K [0x0000000080000000, 0x0000000100000000)
  region size 1024K, 24 young (24576K), 3 survivors (3072K)
 Metaspace       used 46642K, capacity 48065K, committed 48384K, reserved 559104K
  class space    used 6472K, capacity 7084K, committed 7168K, reserved 516096K
}
Event: 9.479 GC heap after
{Heap after GC invocations=20 (full 0):
 garbage-first heap   total 75776K, used 43892K [0x0000000080000000, 0x0000000100000000)
  region size 1024K, 3 young (3072K), 3 survivors (3072K)
 Metaspace       used 46642K, capacity 48065K, committed 48384K, reserved 559104K
  class space    used 6472K, capacity 7084K, committed 7168K, reserved 516096K
}
Event: 9.708 GC heap before
{Heap before GC invocations=20 (full 0):
 garbage-first heap   total 75776K, used 61300K [0x0000000080000000, 0x0000000100000000)
  region size 1024K, 20 young (20480K), 3 survivors (3072K)
 Metaspace       used 48094K, capacity 49689K, committed 49920K, reserved 559104K
  class space    used 6712K, capacity 7351K, committed 7424K, reserved 516096K
}
Event: 9.710 GC heap after
{Heap after GC invocations=21 (full 0):
 garbage-first heap   total 75776K, used 44513K [0x0000000080000000, 0x0000000100000000)
  region size 1024K, 1 young (1024K), 1 survivors (1024K)
 Metaspace       used 48094K, capacity 49689K, committed 49920K, reserved 559104K
  class space    used 6712K, capacity 7351K, committed 7424K, reserved 516096K
}
Event: 9.903 GC heap before
{Heap before GC invocations=22 (full 0):
 garbage-first heap   total 80896K, used 60897K [0x0000000080000000, 0x0000000100000000)
  region size 1024K, 18 young (18432K), 1 survivors (1024K)
 Metaspace       used 49401K, capacity 51038K, committed 51072K, reserved 561152K
  class space    used 6878K, capacity 7540K, committed 7552K, reserved 516096K
}
Event: 9.904 GC heap after
{Heap after GC invocations=23 (full 0):
 garbage-first heap   total 80896K, used 45076K [0x0000000080000000, 0x0000000100000000)
  region size 1024K, 2 young (2048K), 2 survivors (2048K)
 Metaspace       used 49401K, capacity 51038K, committed 51072K, reserved 561152K
  class space    used 6878K, capacity 7540K, committed 7552K, reserved 516096K
}
Event: 10.064 GC heap before
{Heap before GC invocations=23 (full 0):
 garbage-first heap   total 80896K, used 65556K [0x0000000080000000, 0x0000000100000000)
  region size 1024K, 22 young (22528K), 2 survivors (2048K)
 Metaspace       used 51016K, capacity 52624K, committed 52864K, reserved 561152K
  class space    used 7113K, capacity 7771K, committed 7808K, reserved 516096K
}
Event: 10.067 GC heap after
{Heap after GC invocations=24 (full 0):
 garbage-first heap   total 80896K, used 45883K [0x0000000080000000, 0x0000000100000000)
  region size 1024K, 2 young (2048K), 2 survivors (2048K)
 Metaspace       used 51016K, capacity 52624K, committed 52864K, reserved 561152K
  class space    used 7113K, capacity 7771K, committed 7808K, reserved 516096K
}
Event: 10.200 GC heap before
{Heap before GC invocations=25 (full 0):
 garbage-first heap   total 83968K, used 67387K [0x0000000080000000, 0x0000000100000000)
  region size 1024K, 23 young (23552K), 2 survivors (2048K)
 Metaspace       used 52239K, capacity 53808K, committed 54016K, reserved 563200K
  class space    used 7292K, capacity 7931K, committed 7936K, reserved 516096K
}
Event: 10.202 GC heap after
{Heap after GC invocations=26 (full 0):
 garbage-first heap   total 83968K, used 46206K [0x0000000080000000, 0x0000000100000000)
  region size 1024K, 2 young (2048K), 2 survivors (2048K)
 Metaspace       used 52239K, capacity 53808K, committed 54016K, reserved 563200K
  class space    used 7292K, capacity 7931K, committed 7936K, reserved 516096K
}
Event: 10.300 GC heap before
{Heap before GC invocations=26 (full 0):
 garbage-first heap   total 83968K, used 68734K [0x0000000080000000, 0x0000000100000000)
  region size 1024K, 25 young (25600K), 2 survivors (2048K)
 Metaspace       used 53816K, capacity 55440K, committed 55552K, reserved 565248K
  class space    used 7495K, capacity 8155K, committed 8192K, reserved 516096K
}
Event: 10.303 GC heap after
{Heap after GC invocations=27 (full 0):
 garbage-first heap   total 83968K, used 46458K [0x0000000080000000, 0x0000000100000000)
  region size 1024K, 3 young (3072K), 3 survivors (3072K)
 Metaspace       used 53816K, capacity 55440K, committed 55552K, reserved 565248K
  class space    used 7495K, capacity 8155K, committed 8192K, reserved 516096K
}
Event: 10.513 GC heap before
{Heap before GC invocations=28 (full 0):
 garbage-first heap   total 87040K, used 68986K [0x0000000080000000, 0x0000000100000000)
  region size 1024K, 25 young (25600K), 3 survivors (3072K)
 Metaspace       used 55153K, capacity 56932K, committed 57088K, reserved 565248K
  class space    used 7636K, capacity 8366K, committed 8448K, reserved 516096K
}
Event: 10.516 GC heap after
{Heap after GC invocations=29 (full 0):
 garbage-first heap   total 87040K, used 48020K [0x0000000080000000, 0x0000000100000000)
  region size 1024K, 4 young (4096K), 4 survivors (4096K)
 Metaspace       used 55153K, capacity 56932K, committed 57088K, reserved 565248K
  class space    used 7636K, capacity 8366K, committed 8448K, reserved 516096K
}
Event: 10.780 GC heap before
{Heap before GC invocations=29 (full 0):
 garbage-first heap   total 87040K, used 72596K [0x0000000080000000, 0x0000000100000000)
  region size 1024K, 28 young (28672K), 4 survivors (4096K)
 Metaspace       used 56772K, capacity 58751K, committed 58880K, reserved 567296K
  class space    used 7885K, capacity 8642K, committed 8704K, reserved 516096K
}
Event: 10.784 GC heap after
{Heap after GC invocations=30 (full 0):
 garbage-first heap   total 87040K, used 49356K [0x0000000080000000, 0x0000000100000000)
  region size 1024K, 4 young (4096K), 4 survivors (4096K)
 Metaspace       used 56772K, capacity 58751K, committed 58880K, reserved 567296K
  class space    used 7885K, capacity 8642K, committed 8704K, reserved 516096K
}
Event: 10.969 GC heap before
{Heap before GC invocations=31 (full 0):
 garbage-first heap   total 96256K, used 70860K [0x0000000080000000, 0x0000000100000000)
  region size 1024K, 25 young (25600K), 4 survivors (4096K)
 Metaspace       used 57803K, capacity 59874K, committed 60160K, reserved 567296K
  class space    used 8062K, capacity 8886K, committed 8960K, reserved 516096K
}
Event: 10.973 GC heap after
{Heap after GC invocations=32 (full 0):
 garbage-first heap   total 115712K, used 50633K [0x0000000080000000, 0x0000000100000000)
  region size 1024K, 3 young (3072K), 3 survivors (3072K)
 Metaspace       used 57803K, capacity 59874K, committed 60160K, reserved 567296K
  class space    used 8062K, capacity 8886K, committed 8960K, reserved 516096K
}

