# JRE version: Java(TM) SE Runtime Environment (14.0.2+12) (build 14.0.2+12-46)
# Java VM: Java HotSpot(TM) 64-Bit Server VM (14.0.2+12-46, mixed mode, sharing, tiered, compressed oops, g1 gc, windows-amd64)
Heap:
 garbage-first heap   total 247808K, used 170898K [0x0000000080000000, 0x0000000100000000)
  region size 1024K, 45 young (46080K), 6 survivors (6144K)
 Metaspace       used 98553K, capacity 102497K, committed 102784K, reserved 604160K
  class space    used 13486K, capacity 14892K, committed 14976K, reserved 516096K
GC Heap History (20 events):
Event: 19.571 GC heap before
{Heap before GC invocations=52 (full 0):
 garbage-first heap   total 148480K, used 121212K [0x0000000080000000, 0x0000000100000000)
  region size 1024K, 40 young (40960K), 6 survivors (6144K)
 Metaspace       used 87957K, capacity 91380K, committed 91392K, reserved 595968K
  class space    used 12126K, capacity 13311K, committed 13312K, reserved 516096K
}
Event: 19.577 GC heap after
{Heap after GC invocations=53 (full 0):
 garbage-first heap   total 148480K, used 90900K [0x0000000080000000, 0x0000000100000000)
  region size 1024K, 5 young (5120K), 5 survivors (5120K)
 Metaspace       used 87957K, capacity 91380K, committed 91392K, reserved 595968K
  class space    used 12126K, capacity 13311K, committed 13312K, reserved 516096K
}
Event: 20.580 GC heap before
{Heap before GC invocations=54 (full 0):
 garbage-first heap   total 160768K, used 121620K [0x0000000080000000, 0x0000000100000000)
  region size 1024K, 35 young (35840K), 5 survivors (5120K)
 Metaspace       used 88568K, capacity 92077K, committed 92288K, reserved 595968K
  class space    used 12156K, capacity 13401K, committed 13440K, reserved 516096K
}
Event: 20.585 GC heap after
{Heap after GC invocations=55 (full 0):
 garbage-first heap   total 160768K, used 93537K [0x0000000080000000, 0x0000000100000000)
  region size 1024K, 3 young (3072K), 3 survivors (3072K)
 Metaspace       used 88568K, capacity 92077K, committed 92288K, reserved 595968K
  class space    used 12156K, capacity 13401K, committed 13440K, reserved 516096K
}
Event: 20.792 GC heap before
{Heap before GC invocations=55 (full 0):
 garbage-first heap   total 160768K, used 115041K [0x0000000080000000, 0x0000000100000000)
  region size 1024K, 26 young (26624K), 3 survivors (3072K)
 Metaspace       used 88694K, capacity 92233K, committed 92288K, reserved 595968K
  class space    used 12159K, capacity 13404K, committed 13440K, reserved 516096K
}
Event: 20.795 GC heap after
{Heap after GC invocations=56 (full 0):
 garbage-first heap   total 160768K, used 96581K [0x0000000080000000, 0x0000000100000000)
  region size 1024K, 4 young (4096K), 4 survivors (4096K)
 Metaspace       used 88694K, capacity 92233K, committed 92288K, reserved 595968K
  class space    used 12159K, capacity 13404K, committed 13440K, reserved 516096K
}
Event: 20.982 GC heap before
{Heap before GC invocations=57 (full 0):
 garbage-first heap   total 186368K, used 136517K [0x0000000080000000, 0x0000000100000000)
  region size 1024K, 38 young (38912K), 4 survivors (4096K)
 Metaspace       used 90106K, capacity 93736K, committed 94080K, reserved 598016K
  class space    used 12340K, capacity 13605K, committed 13696K, reserved 516096K
}
Event: 20.985 GC heap after
{Heap after GC invocations=58 (full 0):
 garbage-first heap   total 186368K, used 109839K [0x0000000080000000, 0x0000000100000000)
  region size 1024K, 5 young (5120K), 5 survivors (5120K)
 Metaspace       used 90106K, capacity 93736K, committed 94080K, reserved 598016K
  class space    used 12340K, capacity 13605K, committed 13696K, reserved 516096K
}
Event: 21.212 GC heap before
{Heap before GC invocations=58 (full 0):
 garbage-first heap   total 186368K, used 147727K [0x0000000080000000, 0x0000000100000000)
  region size 1024K, 42 young (43008K), 5 survivors (5120K)
 Metaspace       used 91080K, capacity 94765K, committed 94976K, reserved 598016K
  class space    used 12472K, capacity 13795K, committed 13824K, reserved 516096K
}
Event: 21.217 GC heap after
{Heap after GC invocations=59 (full 0):
 garbage-first heap   total 186368K, used 113947K [0x0000000080000000, 0x0000000100000000)
  region size 1024K, 5 young (5120K), 5 survivors (5120K)
 Metaspace       used 91080K, capacity 94765K, committed 94976K, reserved 598016K
  class space    used 12472K, capacity 13795K, committed 13824K, reserved 516096K
}
Event: 21.411 GC heap before
{Heap before GC invocations=60 (full 0):
 garbage-first heap   total 208896K, used 149787K [0x0000000080000000, 0x0000000100000000)
  region size 1024K, 40 young (40960K), 5 survivors (5120K)
 Metaspace       used 91755K, capacity 95596K, committed 95744K, reserved 598016K
  class space    used 12590K, capacity 13977K, committed 14080K, reserved 516096K
}
Event: 21.415 GC heap after
{Heap after GC invocations=61 (full 0):
 garbage-first heap   total 208896K, used 117068K [0x0000000080000000, 0x0000000100000000)
  region size 1024K, 4 young (4096K), 4 survivors (4096K)
 Metaspace       used 91755K, capacity 95596K, committed 95744K, reserved 598016K
  class space    used 12590K, capacity 13977K, committed 14080K, reserved 516096K
}
Event: 22.021 GC heap before
{Heap before GC invocations=61 (full 0):
 garbage-first heap   total 208896K, used 164172K [0x0000000080000000, 0x0000000100000000)
  region size 1024K, 50 young (51200K), 4 survivors (4096K)
 Metaspace       used 94348K, capacity 98289K, committed 98560K, reserved 602112K
  class space    used 12920K, capacity 14315K, committed 14336K, reserved 516096K
}
Event: 22.025 GC heap after
{Heap after GC invocations=62 (full 0):
 garbage-first heap   total 208896K, used 120460K [0x0000000080000000, 0x0000000100000000)
  region size 1024K, 7 young (7168K), 7 survivors (7168K)
 Metaspace       used 94348K, capacity 98289K, committed 98560K, reserved 602112K
  class space    used 12920K, capacity 14315K, committed 14336K, reserved 516096K
}
Event: 22.435 GC heap before
{Heap before GC invocations=63 (full 0):
 garbage-first heap   total 208896K, used 167564K [0x0000000080000000, 0x0000000100000000)
  region size 1024K, 53 young (54272K), 7 survivors (7168K)
 Metaspace       used 96352K, capacity 100312K, committed 100480K, reserved 602112K
  class space    used 13216K, capacity 14627K, committed 14720K, reserved 516096K
}
Event: 22.440 GC heap after
{Heap after GC invocations=64 (full 0):
 garbage-first heap   total 208896K, used 122477K [0x0000000080000000, 0x0000000100000000)
  region size 1024K, 6 young (6144K), 6 survivors (6144K)
 Metaspace       used 96352K, capacity 100312K, committed 100480K, reserved 602112K
  class space    used 13216K, capacity 14627K, committed 14720K, reserved 516096K
}
Event: 22.637 GC heap before
{Heap before GC invocations=64 (full 0):
 garbage-first heap   total 208896K, used 169581K [0x0000000080000000, 0x0000000100000000)
  region size 1024K, 52 young (53248K), 6 survivors (6144K)
 Metaspace       used 98331K, capacity 102351K, committed 102528K, reserved 604160K
  class space    used 13466K, capacity 14889K, committed 14976K, reserved 516096K
}
Event: 22.642 GC heap after
{Heap after GC invocations=65 (full 0):
 garbage-first heap   total 208896K, used 126615K [0x0000000080000000, 0x0000000100000000)
  region size 1024K, 7 young (7168K), 7 survivors (7168K)
 Metaspace       used 98331K, capacity 102351K, committed 102528K, reserved 604160K
  class space    used 13466K, capacity 14889K, committed 14976K, reserved 516096K
}
Event: 22.769 GC heap before
{Heap before GC invocations=66 (full 0):
 garbage-first heap   total 247808K, used 168599K [0x0000000080000000, 0x0000000100000000)
  region size 1024K, 48 young (49152K), 7 survivors (7168K)
 Metaspace       used 98523K, capacity 102497K, committed 102784K, reserved 604160K
  class space    used 13484K, capacity 14892K, committed 14976K, reserved 516096K
}
Event: 22.774 GC heap after
{Heap after GC invocations=67 (full 0):
 garbage-first heap   total 247808K, used 131986K [0x0000000080000000, 0x0000000100000000)
  region size 1024K, 6 young (6144K), 6 survivors (6144K)
 Metaspace       used 98523K, capacity 102497K, committed 102784K, reserved 604160K
  class space    used 13484K, capacity 14892K, committed 14976K, reserved 516096K
}

