# JRE version: Java(TM) SE Runtime Environment (14.0.2+12) (build 14.0.2+12-46)
# Java VM: Java HotSpot(TM) 64-Bit Server VM (14.0.2+12-46, mixed mode, sharing, tiered, compressed oops, g1 gc, windows-amd64)
Heap:
 garbage-first heap   total 83968K, used 56258K [0x0000000080000000, 0x0000000100000000)
  region size 1024K, 16 young (16384K), 4 survivors (4096K)
 Metaspace       used 55766K, capacity 57560K, committed 57600K, reserved 565248K
  class space    used 7741K, capacity 8446K, committed 8448K, reserved 516096K
GC Heap History (20 events):
Event: 10.398 GC heap before
{Heap before GC invocations=18 (full 0):
 garbage-first heap   total 71680K, used 42146K [0x0000000080000000, 0x0000000100000000)
  region size 1024K, 8 young (8192K), 2 survivors (2048K)
 Metaspace       used 43172K, capacity 44591K, committed 44800K, reserved 555008K
  class space    used 6030K, capacity 6585K, committed 6656K, reserved 516096K
}
Event: 10.401 GC heap after
{Heap after GC invocations=19 (full 0):
 garbage-first heap   total 71680K, used 37789K [0x0000000080000000, 0x0000000100000000)
  region size 1024K, 3 young (3072K), 3 survivors (3072K)
 Metaspace       used 43172K, capacity 44591K, committed 44800K, reserved 555008K
  class space    used 6030K, capacity 6585K, committed 6656K, reserved 516096K
}
Event: 10.451 GC heap before
{Heap before GC invocations=20 (full 0):
 garbage-first heap   total 71680K, used 40861K [0x0000000080000000, 0x0000000100000000)
  region size 1024K, 6 young (6144K), 3 survivors (3072K)
 Metaspace       used 43501K, capacity 44941K, committed 45184K, reserved 555008K
  class space    used 6067K, capacity 6660K, committed 6784K, reserved 516096K
}
Event: 10.453 GC heap after
{Heap after GC invocations=21 (full 0):
 garbage-first heap   total 71680K, used 39634K [0x0000000080000000, 0x0000000100000000)
  region size 1024K, 3 young (3072K), 3 survivors (3072K)
 Metaspace       used 43501K, capacity 44941K, committed 45184K, reserved 555008K
  class space    used 6067K, capacity 6660K, committed 6784K, reserved 516096K
}
Event: 10.719 GC heap before
{Heap before GC invocations=22 (full 0):
 garbage-first heap   total 75776K, used 61138K [0x0000000080000000, 0x0000000100000000)
  region size 1024K, 21 young (21504K), 3 survivors (3072K)
 Metaspace       used 46134K, capacity 47596K, committed 47744K, reserved 557056K
  class space    used 6414K, capacity 7014K, committed 7040K, reserved 516096K
}
Event: 10.721 GC heap after
{Heap after GC invocations=23 (full 0):
 garbage-first heap   total 75776K, used 44221K [0x0000000080000000, 0x0000000100000000)
  region size 1024K, 3 young (3072K), 3 survivors (3072K)
 Metaspace       used 46134K, capacity 47596K, committed 47744K, reserved 557056K
  class space    used 6414K, capacity 7014K, committed 7040K, reserved 516096K
}
Event: 10.924 GC heap before
{Heap before GC invocations=23 (full 0):
 garbage-first heap   total 75776K, used 61629K [0x0000000080000000, 0x0000000100000000)
  region size 1024K, 20 young (20480K), 3 survivors (3072K)
 Metaspace       used 47633K, capacity 49106K, committed 49280K, reserved 559104K
  class space    used 6656K, capacity 7262K, committed 7296K, reserved 516096K
}
Event: 10.928 GC heap after
{Heap after GC invocations=24 (full 0):
 garbage-first heap   total 75776K, used 44701K [0x0000000080000000, 0x0000000100000000)
  region size 1024K, 1 young (1024K), 1 survivors (1024K)
 Metaspace       used 47633K, capacity 49106K, committed 49280K, reserved 559104K
  class space    used 6656K, capacity 7262K, committed 7296K, reserved 516096K
}
Event: 11.101 GC heap before
{Heap before GC invocations=25 (full 0):
 garbage-first heap   total 80896K, used 61085K [0x0000000080000000, 0x0000000100000000)
  region size 1024K, 17 young (17408K), 1 survivors (1024K)
 Metaspace       used 48769K, capacity 50399K, committed 50560K, reserved 559104K
  class space    used 6812K, capacity 7434K, committed 7552K, reserved 516096K
}
Event: 11.103 GC heap after
{Heap after GC invocations=26 (full 0):
 garbage-first heap   total 80896K, used 45306K [0x0000000080000000, 0x0000000100000000)
  region size 1024K, 2 young (2048K), 2 survivors (2048K)
 Metaspace       used 48769K, capacity 50399K, committed 50560K, reserved 559104K
  class space    used 6812K, capacity 7434K, committed 7552K, reserved 516096K
}
Event: 11.312 GC heap before
{Heap before GC invocations=26 (full 0):
 garbage-first heap   total 80896K, used 64762K [0x0000000080000000, 0x0000000100000000)
  region size 1024K, 21 young (21504K), 2 survivors (2048K)
 Metaspace       used 50518K, capacity 52096K, committed 52352K, reserved 561152K
  class space    used 7057K, capacity 7702K, committed 7808K, reserved 516096K
}
Event: 11.314 GC heap after
{Heap after GC invocations=27 (full 0):
 garbage-first heap   total 80896K, used 46077K [0x0000000080000000, 0x0000000100000000)
  region size 1024K, 2 young (2048K), 2 survivors (2048K)
 Metaspace       used 50518K, capacity 52096K, committed 52352K, reserved 561152K
  class space    used 7057K, capacity 7702K, committed 7808K, reserved 516096K
}
Event: 11.457 GC heap before
{Heap before GC invocations=28 (full 0):
 garbage-first heap   total 83968K, used 65533K [0x0000000080000000, 0x0000000100000000)
  region size 1024K, 21 young (21504K), 2 survivors (2048K)
 Metaspace       used 51637K, capacity 53216K, committed 53504K, reserved 563200K
  class space    used 7224K, capacity 7862K, committed 7936K, reserved 516096K
}
Event: 11.459 GC heap after
{Heap after GC invocations=29 (full 0):
 garbage-first heap   total 83968K, used 46492K [0x0000000080000000, 0x0000000100000000)
  region size 1024K, 2 young (2048K), 2 survivors (2048K)
 Metaspace       used 51637K, capacity 53216K, committed 53504K, reserved 563200K
  class space    used 7224K, capacity 7862K, committed 7936K, reserved 516096K
}
Event: 11.472 GC heap before
{Heap before GC invocations=29 (full 0):
 garbage-first heap   total 83968K, used 48540K [0x0000000080000000, 0x0000000100000000)
  region size 1024K, 4 young (4096K), 2 survivors (2048K)
 Metaspace       used 51773K, capacity 53376K, committed 53504K, reserved 563200K
  class space    used 7243K, capacity 7894K, committed 7936K, reserved 516096K
}
Event: 11.476 GC heap after
{Heap after GC invocations=30 (full 0):
 garbage-first heap   total 83968K, used 42241K [0x0000000080000000, 0x0000000100000000)
  region size 1024K, 1 young (1024K), 1 survivors (1024K)
 Metaspace       used 51773K, capacity 53376K, committed 53504K, reserved 563200K
  class space    used 7243K, capacity 7894K, committed 7936K, reserved 516096K
}
Event: 11.605 GC heap before
{Heap before GC invocations=30 (full 0):
 garbage-first heap   total 83968K, used 66817K [0x0000000080000000, 0x0000000100000000)
  region size 1024K, 26 young (26624K), 1 survivors (1024K)
 Metaspace       used 53465K, capacity 55072K, committed 55296K, reserved 563200K
  class space    used 7466K, capacity 8118K, committed 8192K, reserved 516096K
}
Event: 11.607 GC heap after
{Heap after GC invocations=31 (full 0):
 garbage-first heap   total 83968K, used 42362K [0x0000000080000000, 0x0000000100000000)
  region size 1024K, 1 young (1024K), 1 survivors (1024K)
 Metaspace       used 53465K, capacity 55072K, committed 55296K, reserved 563200K
  class space    used 7466K, capacity 8118K, committed 8192K, reserved 516096K
}
Event: 11.852 GC heap before
{Heap before GC invocations=32 (full 0):
 garbage-first heap   total 83968K, used 67962K [0x0000000080000000, 0x0000000100000000)
  region size 1024K, 27 young (27648K), 1 survivors (1024K)
 Metaspace       used 54916K, capacity 56596K, committed 56704K, reserved 565248K
  class space    used 7610K, capacity 8297K, committed 8320K, reserved 516096K
}
Event: 11.854 GC heap after
{Heap after GC invocations=33 (full 0):
 garbage-first heap   total 83968K, used 44994K [0x0000000080000000, 0x0000000100000000)
  region size 1024K, 4 young (4096K), 4 survivors (4096K)
 Metaspace       used 54916K, capacity 56596K, committed 56704K, reserved 565248K
  class space    used 7610K, capacity 8297K, committed 8320K, reserved 516096K
}

