# JRE version: Java(TM) SE Runtime Environment (14.0.2+12) (build 14.0.2+12-46)
# Java VM: Java HotSpot(TM) 64-Bit Server VM (14.0.2+12-46, mixed mode, sharing, tiered, compressed oops, g1 gc, windows-amd64)
Heap:
 garbage-first heap   total 215040K, used 141104K [0x0000000080000000, 0x0000000100000000)
  region size 1024K, 31 young (31744K), 5 survivors (5120K)
 Metaspace       used 91784K, capacity 95676K, committed 96000K, reserved 598016K
  class space    used 12598K, capacity 13982K, committed 14080K, reserved 516096K
GC Heap History (20 events):
Event: 17.955 GC heap before
{Heap before GC invocations=45 (full 0):
 garbage-first heap   total 147456K, used 119787K [0x0000000080000000, 0x0000000100000000)
  region size 1024K, 47 young (48128K), 6 survivors (6144K)
 Metaspace       used 80077K, capacity 82482K, committed 82688K, reserved 587776K
  class space    used 10812K, capacity 11754K, committed 11776K, reserved 516096K
}
Event: 17.959 GC heap after
{Heap after GC invocations=46 (full 0):
 garbage-first heap   total 147456K, used 81114K [0x0000000080000000, 0x0000000100000000)
  region size 1024K, 4 young (4096K), 4 survivors (4096K)
 Metaspace       used 80077K, capacity 82482K, committed 82688K, reserved 587776K
  class space    used 10812K, capacity 11754K, committed 11776K, reserved 516096K
}
Event: 18.410 GC heap before
{Heap before GC invocations=47 (full 0):
 garbage-first heap   total 147456K, used 121050K [0x0000000080000000, 0x0000000100000000)
  region size 1024K, 43 young (44032K), 4 survivors (4096K)
 Metaspace       used 84472K, capacity 86877K, committed 87040K, reserved 591872K
  class space    used 11585K, capacity 12508K, committed 12544K, reserved 516096K
}
Event: 18.413 GC heap after
{Heap after GC invocations=48 (full 0):
 garbage-first heap   total 147456K, used 83209K [0x0000000080000000, 0x0000000100000000)
  region size 1024K, 3 young (3072K), 3 survivors (3072K)
 Metaspace       used 84472K, capacity 86877K, committed 87040K, reserved 591872K
  class space    used 11585K, capacity 12508K, committed 12544K, reserved 516096K
}
Event: 18.455 GC heap before
{Heap before GC invocations=48 (full 0):
 garbage-first heap   total 147456K, used 87305K [0x0000000080000000, 0x0000000100000000)
  region size 1024K, 7 young (7168K), 3 survivors (3072K)
 Metaspace       used 84822K, capacity 87273K, committed 87424K, reserved 591872K
  class space    used 11632K, capacity 12574K, committed 12672K, reserved 516096K
}
Event: 18.463 GC heap after
{Heap after GC invocations=49 (full 0):
 garbage-first heap   total 147456K, used 77518K [0x0000000080000000, 0x0000000100000000)
  region size 1024K, 1 young (1024K), 1 survivors (1024K)
 Metaspace       used 84822K, capacity 87273K, committed 87424K, reserved 591872K
  class space    used 11632K, capacity 12574K, committed 12672K, reserved 516096K
}
Event: 18.764 GC heap before
{Heap before GC invocations=49 (full 0):
 garbage-first heap   total 147456K, used 120526K [0x0000000080000000, 0x0000000100000000)
  region size 1024K, 43 young (44032K), 1 survivors (1024K)
 Metaspace       used 85653K, capacity 88310K, committed 88576K, reserved 591872K
  class space    used 11758K, capacity 12732K, committed 12800K, reserved 516096K
}
Event: 18.767 GC heap after
{Heap after GC invocations=50 (full 0):
 garbage-first heap   total 147456K, used 80844K [0x0000000080000000, 0x0000000100000000)
  region size 1024K, 4 young (4096K), 4 survivors (4096K)
 Metaspace       used 85653K, capacity 88310K, committed 88576K, reserved 591872K
  class space    used 11758K, capacity 12732K, committed 12800K, reserved 516096K
}
Event: 19.213 GC heap before
{Heap before GC invocations=51 (full 0):
 garbage-first heap   total 147456K, used 120780K [0x0000000080000000, 0x0000000100000000)
  region size 1024K, 43 young (44032K), 4 survivors (4096K)
 Metaspace       used 86924K, capacity 90044K, committed 90240K, reserved 593920K
  class space    used 11951K, capacity 13113K, committed 13184K, reserved 516096K
}
Event: 19.218 GC heap after
{Heap after GC invocations=52 (full 0):
 garbage-first heap   total 147456K, used 86040K [0x0000000080000000, 0x0000000100000000)
  region size 1024K, 6 young (6144K), 6 survivors (6144K)
 Metaspace       used 86924K, capacity 90044K, committed 90240K, reserved 593920K
  class space    used 11951K, capacity 13113K, committed 13184K, reserved 516096K
}
Event: 19.833 GC heap before
{Heap before GC invocations=52 (full 0):
 garbage-first heap   total 147456K, used 120856K [0x0000000080000000, 0x0000000100000000)
  region size 1024K, 40 young (40960K), 6 survivors (6144K)
 Metaspace       used 88335K, capacity 91855K, committed 92032K, reserved 595968K
  class space    used 12149K, capacity 13397K, committed 13440K, reserved 516096K
}
Event: 19.843 GC heap after
{Heap after GC invocations=53 (full 0):
 garbage-first heap   total 147456K, used 92766K [0x0000000080000000, 0x0000000100000000)
  region size 1024K, 5 young (5120K), 5 survivors (5120K)
 Metaspace       used 88335K, capacity 91855K, committed 92032K, reserved 595968K
  class space    used 12149K, capacity 13397K, committed 13440K, reserved 516096K
}
Event: 20.120 GC heap before
{Heap before GC invocations=54 (full 0):
 garbage-first heap   total 160768K, used 116318K [0x0000000080000000, 0x0000000100000000)
  region size 1024K, 30 young (30720K), 5 survivors (5120K)
 Metaspace       used 88627K, capacity 92167K, committed 92288K, reserved 595968K
  class space    used 12155K, capacity 13404K, committed 13440K, reserved 516096K
}
Event: 20.125 GC heap after
{Heap after GC invocations=55 (full 0):
 garbage-first heap   total 160768K, used 96706K [0x0000000080000000, 0x0000000100000000)
  region size 1024K, 4 young (4096K), 4 survivors (4096K)
 Metaspace       used 88627K, capacity 92167K, committed 92288K, reserved 595968K
  class space    used 12155K, capacity 13404K, committed 13440K, reserved 516096K
}
Event: 20.426 GC heap before
{Heap before GC invocations=56 (full 0):
 garbage-first heap   total 184320K, used 135618K [0x0000000080000000, 0x0000000100000000)
  region size 1024K, 37 young (37888K), 4 survivors (4096K)
 Metaspace       used 90043K, capacity 93606K, committed 93824K, reserved 598016K
  class space    used 12335K, capacity 13605K, committed 13696K, reserved 516096K
}
Event: 20.430 GC heap after
{Heap after GC invocations=57 (full 0):
 garbage-first heap   total 184320K, used 109016K [0x0000000080000000, 0x0000000100000000)
  region size 1024K, 5 young (5120K), 5 survivors (5120K)
 Metaspace       used 90043K, capacity 93606K, committed 93824K, reserved 598016K
  class space    used 12335K, capacity 13605K, committed 13696K, reserved 516096K
}
Event: 20.744 GC heap before
{Heap before GC invocations=57 (full 0):
 garbage-first heap   total 184320K, used 144856K [0x0000000080000000, 0x0000000100000000)
  region size 1024K, 40 young (40960K), 5 survivors (5120K)
 Metaspace       used 90440K, capacity 94040K, committed 94080K, reserved 598016K
  class space    used 12392K, capacity 13685K, committed 13696K, reserved 516096K
}
Event: 20.750 GC heap after
{Heap after GC invocations=58 (full 0):
 garbage-first heap   total 184320K, used 111014K [0x0000000080000000, 0x0000000100000000)
  region size 1024K, 3 young (3072K), 3 survivors (3072K)
 Metaspace       used 90440K, capacity 94040K, committed 94080K, reserved 598016K
  class space    used 12392K, capacity 13685K, committed 13696K, reserved 516096K
}
Event: 21.089 GC heap before
{Heap before GC invocations=59 (full 0):
 garbage-first heap   total 198656K, used 141734K [0x0000000080000000, 0x0000000100000000)
  region size 1024K, 35 young (35840K), 3 survivors (3072K)
 Metaspace       used 91176K, capacity 94972K, committed 95104K, reserved 598016K
  class space    used 12489K, capacity 13844K, committed 13952K, reserved 516096K
}
Event: 21.093 GC heap after
{Heap after GC invocations=60 (full 0):
 garbage-first heap   total 198656K, used 115504K [0x0000000080000000, 0x0000000100000000)
  region size 1024K, 5 young (5120K), 5 survivors (5120K)
 Metaspace       used 91176K, capacity 94972K, committed 95104K, reserved 598016K
  class space    used 12489K, capacity 13844K, committed 13952K, reserved 516096K
}

