# JRE version: OpenJDK Runtime Environment Temurin-17.0.7+7 (17.0.7+7) (build 17.0.7+7)
# Java VM: OpenJDK 64-Bit Server VM Temurin-17.0.7+7 (17.0.7+7, mixed mode, tiered, compressed oops, compressed class ptrs, parallel gc, windows-amd64)
GC Precious Log:
 CPUs: 16 total, 16 available
 Memory: 16085M
 Large Page Support: Disabled
 NUMA Support: Disabled
 Compressed Oops: Enabled (32-bit)
 Alignments: Space 512K, Generation 512K, Heap 2M
 Heap Min Capacity: 100M
 Heap Initial Capacity: 100M
 Heap Max Capacity: 1G
 Pre-touch: Disabled
 Parallel Workers: 13
Heap:
 PSYoungGen      total 20480K, used 16913K [0x00000000eab00000, 0x00000000ec500000, 0x0000000100000000)
  eden space 19456K, 86% used [0x00000000eab00000,0x00000000ebb846b8,0x00000000ebe00000)
  from space 1024K, 0% used [0x00000000ec400000,0x00000000ec400000,0x00000000ec500000)
  to   space 1536K, 0% used [0x00000000ec200000,0x00000000ec200000,0x00000000ec380000)
 ParOldGen       total 68608K, used 47049K [0x00000000c0000000, 0x00000000c4300000, 0x00000000eab00000)
  object space 68608K, 68% used [0x00000000c0000000,0x00000000c2df2508,0x00000000c4300000)
 Metaspace       used 59319K, committed 60224K, reserved 1114112K
  class space    used 6931K, committed 7296K, reserved 1048576K
GC Heap History (20 events):
Event: 4.439 GC heap before
{Heap before GC invocations=22 (full 2):
 PSYoungGen      total 21504K, used 21504K [0x00000000eab00000, 0x00000000ec400000, 0x0000000100000000)
  eden space 19456K, 100% used [0x00000000eab00000,0x00000000ebe00000,0x00000000ebe00000)
  from space 2048K, 100% used [0x00000000ebe00000,0x00000000ec000000,0x00000000ec000000)
  to   space 3072K, 0% used [0x00000000ec100000,0x00000000ec100000,0x00000000ec400000)
 ParOldGen       total 68608K, used 27940K [0x00000000c0000000, 0x00000000c4300000, 0x00000000eab00000)
  object space 68608K, 40% used [0x00000000c0000000,0x00000000c1b49390,0x00000000c4300000)
 Metaspace       used 49951K, committed 50752K, reserved 1114112K
  class space    used 5438K, committed 5760K, reserved 1048576K
}
Event: 4.441 GC heap after
{Heap after GC invocations=22 (full 2):
 PSYoungGen      total 22016K, used 2432K [0x00000000eab00000, 0x00000000ec380000, 0x0000000100000000)
  eden space 19456K, 0% used [0x00000000eab00000,0x00000000eab00000,0x00000000ebe00000)
  from space 2560K, 95% used [0x00000000ec100000,0x00000000ec360010,0x00000000ec380000)
  to   space 2560K, 0% used [0x00000000ebe80000,0x00000000ebe80000,0x00000000ec100000)
 ParOldGen       total 68608K, used 29860K [0x00000000c0000000, 0x00000000c4300000, 0x00000000eab00000)
  object space 68608K, 43% used [0x00000000c0000000,0x00000000c1d29390,0x00000000c4300000)
 Metaspace       used 49951K, committed 50752K, reserved 1114112K
  class space    used 5438K, committed 5760K, reserved 1048576K
}
Event: 4.465 GC heap before
{Heap before GC invocations=23 (full 2):
 PSYoungGen      total 22016K, used 21888K [0x00000000eab00000, 0x00000000ec380000, 0x0000000100000000)
  eden space 19456K, 100% used [0x00000000eab00000,0x00000000ebe00000,0x00000000ebe00000)
  from space 2560K, 95% used [0x00000000ec100000,0x00000000ec360010,0x00000000ec380000)
  to   space 2560K, 0% used [0x00000000ebe80000,0x00000000ebe80000,0x00000000ec100000)
 ParOldGen       total 68608K, used 29860K [0x00000000c0000000, 0x00000000c4300000, 0x00000000eab00000)
  object space 68608K, 43% used [0x00000000c0000000,0x00000000c1d29390,0x00000000c4300000)
 Metaspace       used 49951K, committed 50752K, reserved 1114112K
  class space    used 5438K, committed 5760K, reserved 1048576K
}
Event: 4.468 GC heap after
{Heap after GC invocations=23 (full 2):
 PSYoungGen      total 21504K, used 1984K [0x00000000eab00000, 0x00000000ec300000, 0x0000000100000000)
  eden space 19456K, 0% used [0x00000000eab00000,0x00000000eab00000,0x00000000ebe00000)
  from space 2048K, 96% used [0x00000000ebe80000,0x00000000ec070000,0x00000000ec080000)
  to   space 2560K, 0% used [0x00000000ec080000,0x00000000ec080000,0x00000000ec300000)
 ParOldGen       total 68608K, used 32139K [0x00000000c0000000, 0x00000000c4300000, 0x00000000eab00000)
  object space 68608K, 46% used [0x00000000c0000000,0x00000000c1f62c20,0x00000000c4300000)
 Metaspace       used 49951K, committed 50752K, reserved 1114112K
  class space    used 5438K, committed 5760K, reserved 1048576K
}
Event: 4.784 GC heap before
{Heap before GC invocations=24 (full 2):
 PSYoungGen      total 21504K, used 21440K [0x00000000eab00000, 0x00000000ec300000, 0x0000000100000000)
  eden space 19456K, 100% used [0x00000000eab00000,0x00000000ebe00000,0x00000000ebe00000)
  from space 2048K, 96% used [0x00000000ebe80000,0x00000000ec070000,0x00000000ec080000)
  to   space 2560K, 0% used [0x00000000ec080000,0x00000000ec080000,0x00000000ec300000)
 ParOldGen       total 68608K, used 32139K [0x00000000c0000000, 0x00000000c4300000, 0x00000000eab00000)
  object space 68608K, 46% used [0x00000000c0000000,0x00000000c1f62c20,0x00000000c4300000)
 Metaspace       used 50534K, committed 51392K, reserved 1114112K
  class space    used 5511K, committed 5888K, reserved 1048576K
}
Event: 4.786 GC heap after
{Heap after GC invocations=24 (full 2):
 PSYoungGen      total 20992K, used 1472K [0x00000000eab00000, 0x00000000ec200000, 0x0000000100000000)
  eden space 19456K, 0% used [0x00000000eab00000,0x00000000eab00000,0x00000000ebe00000)
  from space 1536K, 95% used [0x00000000ec080000,0x00000000ec1f0000,0x00000000ec200000)
  to   space 2048K, 0% used [0x00000000ebe00000,0x00000000ebe00000,0x00000000ec000000)
 ParOldGen       total 68608K, used 33959K [0x00000000c0000000, 0x00000000c4300000, 0x00000000eab00000)
  object space 68608K, 49% used [0x00000000c0000000,0x00000000c2129f78,0x00000000c4300000)
 Metaspace       used 50534K, committed 51392K, reserved 1114112K
  class space    used 5511K, committed 5888K, reserved 1048576K
}
Event: 4.998 GC heap before
{Heap before GC invocations=25 (full 2):
 PSYoungGen      total 20992K, used 20928K [0x00000000eab00000, 0x00000000ec200000, 0x0000000100000000)
  eden space 19456K, 100% used [0x00000000eab00000,0x00000000ebe00000,0x00000000ebe00000)
  from space 1536K, 95% used [0x00000000ec080000,0x00000000ec1f0000,0x00000000ec200000)
  to   space 2048K, 0% used [0x00000000ebe00000,0x00000000ebe00000,0x00000000ec000000)
 ParOldGen       total 68608K, used 33959K [0x00000000c0000000, 0x00000000c4300000, 0x00000000eab00000)
  object space 68608K, 49% used [0x00000000c0000000,0x00000000c2129f78,0x00000000c4300000)
 Metaspace       used 51855K, committed 52800K, reserved 1114112K
  class space    used 5733K, committed 6144K, reserved 1048576K
}
Event: 5.007 GC heap after
{Heap after GC invocations=25 (full 2):
 PSYoungGen      total 21504K, used 2045K [0x00000000eab00000, 0x00000000ed200000, 0x0000000100000000)
  eden space 19456K, 0% used [0x00000000eab00000,0x00000000eab00000,0x00000000ebe00000)
  from space 2048K, 99% used [0x00000000ebe00000,0x00000000ebfff560,0x00000000ec000000)
  to   space 10240K, 0% used [0x00000000ec800000,0x00000000ec800000,0x00000000ed200000)
 ParOldGen       total 68608K, used 40801K [0x00000000c0000000, 0x00000000c4300000, 0x00000000eab00000)
  object space 68608K, 59% used [0x00000000c0000000,0x00000000c27d8480,0x00000000c4300000)
 Metaspace       used 51855K, committed 52800K, reserved 1114112K
  class space    used 5733K, committed 6144K, reserved 1048576K
}
Event: 5.177 GC heap before
{Heap before GC invocations=26 (full 2):
 PSYoungGen      total 21504K, used 21501K [0x00000000eab00000, 0x00000000ed200000, 0x0000000100000000)
  eden space 19456K, 100% used [0x00000000eab00000,0x00000000ebe00000,0x00000000ebe00000)
  from space 2048K, 99% used [0x00000000ebe00000,0x00000000ebfff560,0x00000000ec000000)
  to   space 10240K, 0% used [0x00000000ec800000,0x00000000ec800000,0x00000000ed200000)
 ParOldGen       total 68608K, used 40801K [0x00000000c0000000, 0x00000000c4300000, 0x00000000eab00000)
  object space 68608K, 59% used [0x00000000c0000000,0x00000000c27d8480,0x00000000c4300000)
 Metaspace       used 53375K, committed 54272K, reserved 1114112K
  class space    used 5995K, committed 6400K, reserved 1048576K
}
Event: 5.178 GC heap after
{Heap after GC invocations=26 (full 2):
 PSYoungGen      total 20480K, used 768K [0x00000000eab00000, 0x00000000ec900000, 0x0000000100000000)
  eden space 19456K, 0% used [0x00000000eab00000,0x00000000eab00000,0x00000000ebe00000)
  from space 1024K, 75% used [0x00000000ec800000,0x00000000ec8c0000,0x00000000ec900000)
  to   space 4096K, 0% used [0x00000000ec100000,0x00000000ec100000,0x00000000ec500000)
 ParOldGen       total 68608K, used 42837K [0x00000000c0000000, 0x00000000c4300000, 0x00000000eab00000)
  object space 68608K, 62% used [0x00000000c0000000,0x00000000c29d5788,0x00000000c4300000)
 Metaspace       used 53375K, committed 54272K, reserved 1114112K
  class space    used 5995K, committed 6400K, reserved 1048576K
}
Event: 5.326 GC heap before
{Heap before GC invocations=27 (full 2):
 PSYoungGen      total 20480K, used 20224K [0x00000000eab00000, 0x00000000ec900000, 0x0000000100000000)
  eden space 19456K, 100% used [0x00000000eab00000,0x00000000ebe00000,0x00000000ebe00000)
  from space 1024K, 75% used [0x00000000ec800000,0x00000000ec8c0000,0x00000000ec900000)
  to   space 4096K, 0% used [0x00000000ec100000,0x00000000ec100000,0x00000000ec500000)
 ParOldGen       total 68608K, used 42837K [0x00000000c0000000, 0x00000000c4300000, 0x00000000eab00000)
  object space 68608K, 62% used [0x00000000c0000000,0x00000000c29d5788,0x00000000c4300000)
 Metaspace       used 53394K, committed 54272K, reserved 1114112K
  class space    used 5995K, committed 6400K, reserved 1048576K
}
Event: 5.326 GC heap after
{Heap after GC invocations=27 (full 2):
 PSYoungGen      total 23552K, used 1809K [0x00000000eab00000, 0x00000000ec880000, 0x0000000100000000)
  eden space 19456K, 0% used [0x00000000eab00000,0x00000000eab00000,0x00000000ebe00000)
  from space 4096K, 44% used [0x00000000ec100000,0x00000000ec2c47a0,0x00000000ec500000)
  to   space 2560K, 0% used [0x00000000ec600000,0x00000000ec600000,0x00000000ec880000)
 ParOldGen       total 68608K, used 43446K [0x00000000c0000000, 0x00000000c4300000, 0x00000000eab00000)
  object space 68608K, 63% used [0x00000000c0000000,0x00000000c2a6db28,0x00000000c4300000)
 Metaspace       used 53394K, committed 54272K, reserved 1114112K
  class space    used 5995K, committed 6400K, reserved 1048576K
}
Event: 5.438 GC heap before
{Heap before GC invocations=28 (full 2):
 PSYoungGen      total 23552K, used 21265K [0x00000000eab00000, 0x00000000ec880000, 0x0000000100000000)
  eden space 19456K, 100% used [0x00000000eab00000,0x00000000ebe00000,0x00000000ebe00000)
  from space 4096K, 44% used [0x00000000ec100000,0x00000000ec2c47a0,0x00000000ec500000)
  to   space 2560K, 0% used [0x00000000ec600000,0x00000000ec600000,0x00000000ec880000)
 ParOldGen       total 68608K, used 43446K [0x00000000c0000000, 0x00000000c4300000, 0x00000000eab00000)
  object space 68608K, 63% used [0x00000000c0000000,0x00000000c2a6db28,0x00000000c4300000)
 Metaspace       used 54189K, committed 55104K, reserved 1114112K
  class space    used 6161K, committed 6592K, reserved 1048576K
}
Event: 5.439 GC heap after
{Heap after GC invocations=28 (full 2):
 PSYoungGen      total 22016K, used 2547K [0x00000000eab00000, 0x00000000ec880000, 0x0000000100000000)
  eden space 19456K, 0% used [0x00000000eab00000,0x00000000eab00000,0x00000000ebe00000)
  from space 2560K, 99% used [0x00000000ec600000,0x00000000ec87ccd8,0x00000000ec880000)
  to   space 5120K, 0% used [0x00000000ebe80000,0x00000000ebe80000,0x00000000ec380000)
 ParOldGen       total 68608K, used 45484K [0x00000000c0000000, 0x00000000c4300000, 0x00000000eab00000)
  object space 68608K, 66% used [0x00000000c0000000,0x00000000c2c6b1e0,0x00000000c4300000)
 Metaspace       used 54189K, committed 55104K, reserved 1114112K
  class space    used 6161K, committed 6592K, reserved 1048576K
}
Event: 5.556 GC heap before
{Heap before GC invocations=29 (full 2):
 PSYoungGen      total 22016K, used 22003K [0x00000000eab00000, 0x00000000ec880000, 0x0000000100000000)
  eden space 19456K, 100% used [0x00000000eab00000,0x00000000ebe00000,0x00000000ebe00000)
  from space 2560K, 99% used [0x00000000ec600000,0x00000000ec87ccd8,0x00000000ec880000)
  to   space 5120K, 0% used [0x00000000ebe80000,0x00000000ebe80000,0x00000000ec380000)
 ParOldGen       total 68608K, used 45484K [0x00000000c0000000, 0x00000000c4300000, 0x00000000eab00000)
  object space 68608K, 66% used [0x00000000c0000000,0x00000000c2c6b1e0,0x00000000c4300000)
 Metaspace       used 56341K, committed 57216K, reserved 1114112K
  class space    used 6539K, committed 6912K, reserved 1048576K
}
Event: 5.557 GC heap after
{Heap after GC invocations=29 (full 2):
 PSYoungGen      total 24576K, used 672K [0x00000000eab00000, 0x00000000ec680000, 0x0000000100000000)
  eden space 19456K, 0% used [0x00000000eab00000,0x00000000eab00000,0x00000000ebe00000)
  from space 5120K, 13% used [0x00000000ebe80000,0x00000000ebf28000,0x00000000ec380000)
  to   space 2560K, 0% used [0x00000000ec400000,0x00000000ec400000,0x00000000ec680000)
 ParOldGen       total 68608K, used 48020K [0x00000000c0000000, 0x00000000c4300000, 0x00000000eab00000)
  object space 68608K, 69% used [0x00000000c0000000,0x00000000c2ee52d8,0x00000000c4300000)
 Metaspace       used 56341K, committed 57216K, reserved 1114112K
  class space    used 6539K, committed 6912K, reserved 1048576K
}
Event: 9.978 GC heap before
{Heap before GC invocations=30 (full 2):
 PSYoungGen      total 24576K, used 19545K [0x00000000eab00000, 0x00000000ec680000, 0x0000000100000000)
  eden space 19456K, 97% used [0x00000000eab00000,0x00000000ebd6e7d0,0x00000000ebe00000)
  from space 5120K, 13% used [0x00000000ebe80000,0x00000000ebf28000,0x00000000ec380000)
  to   space 2560K, 0% used [0x00000000ec400000,0x00000000ec400000,0x00000000ec680000)
 ParOldGen       total 68608K, used 48020K [0x00000000c0000000, 0x00000000c4300000, 0x00000000eab00000)
  object space 68608K, 69% used [0x00000000c0000000,0x00000000c2ee52d8,0x00000000c4300000)
 Metaspace       used 58966K, committed 59776K, reserved 1114112K
  class space    used 6882K, committed 7232K, reserved 1048576K
}
Event: 9.980 GC heap after
{Heap after GC invocations=30 (full 2):
 PSYoungGen      total 20480K, used 928K [0x00000000eab00000, 0x00000000ec500000, 0x0000000100000000)
  eden space 19456K, 0% used [0x00000000eab00000,0x00000000eab00000,0x00000000ebe00000)
  from space 1024K, 90% used [0x00000000ec400000,0x00000000ec4e8000,0x00000000ec500000)
  to   space 1536K, 0% used [0x00000000ec200000,0x00000000ec200000,0x00000000ec380000)
 ParOldGen       total 68608K, used 48516K [0x00000000c0000000, 0x00000000c4300000, 0x00000000eab00000)
  object space 68608K, 70% used [0x00000000c0000000,0x00000000c2f612d8,0x00000000c4300000)
 Metaspace       used 58966K, committed 59776K, reserved 1114112K
  class space    used 6882K, committed 7232K, reserved 1048576K
}
Event: 9.980 GC heap before
{Heap before GC invocations=31 (full 3):
 PSYoungGen      total 20480K, used 928K [0x00000000eab00000, 0x00000000ec500000, 0x0000000100000000)
  eden space 19456K, 0% used [0x00000000eab00000,0x00000000eab00000,0x00000000ebe00000)
  from space 1024K, 90% used [0x00000000ec400000,0x00000000ec4e8000,0x00000000ec500000)
  to   space 1536K, 0% used [0x00000000ec200000,0x00000000ec200000,0x00000000ec380000)
 ParOldGen       total 68608K, used 48516K [0x00000000c0000000, 0x00000000c4300000, 0x00000000eab00000)
  object space 68608K, 70% used [0x00000000c0000000,0x00000000c2f612d8,0x00000000c4300000)
 Metaspace       used 58966K, committed 59776K, reserved 1114112K
  class space    used 6882K, committed 7232K, reserved 1048576K
}
Event: 10.033 GC heap after
{Heap after GC invocations=31 (full 3):
 PSYoungGen      total 20480K, used 0K [0x00000000eab00000, 0x00000000ec500000, 0x0000000100000000)
  eden space 19456K, 0% used [0x00000000eab00000,0x00000000eab00000,0x00000000ebe00000)
  from space 1024K, 0% used [0x00000000ec400000,0x00000000ec400000,0x00000000ec500000)
  to   space 1536K, 0% used [0x00000000ec200000,0x00000000ec200000,0x00000000ec380000)
 ParOldGen       total 68608K, used 47049K [0x00000000c0000000, 0x00000000c4300000, 0x00000000eab00000)
  object space 68608K, 68% used [0x00000000c0000000,0x00000000c2df2508,0x00000000c4300000)
 Metaspace       used 58966K, committed 59776K, reserved 1114112K
  class space    used 6882K, committed 7232K, reserved 1048576K
}

