# JRE version: Java(TM) SE Runtime Environment (14.0.2+12) (build 14.0.2+12-46)
# Java VM: Java HotSpot(TM) 64-Bit Server VM (14.0.2+12-46, mixed mode, sharing, tiered, compressed oops, g1 gc, windows-amd64)
Heap:
 garbage-first heap   total 582656K, used 278439K [0x0000000080000000, 0x0000000100000000)
  region size 1024K, 30 young (30720K), 3 survivors (3072K)
 Metaspace       used 165984K, capacity 172265K, committed 181276K, reserved 673792K
  class space    used 21336K, capacity 23534K, committed 25216K, reserved 516096K
GC Heap History (20 events):
Event: 7846.026 GC heap before
{Heap before GC invocations=117 (full 0):
 garbage-first heap   total 582656K, used 310425K [0x0000000080000000, 0x0000000100000000)
  region size 1024K, 28 young (28672K), 27 survivors (27648K)
 Metaspace       used 164962K, capacity 171167K, committed 181276K, reserved 673792K
  class space    used 21278K, capacity 23433K, committed 25216K, reserved 516096K
}
Event: 7846.054 GC heap after
{Heap after GC invocations=118 (full 0):
 garbage-first heap   total 582656K, used 291642K [0x0000000080000000, 0x0000000100000000)
  region size 1024K, 3 young (3072K), 3 survivors (3072K)
 Metaspace       used 164962K, capacity 171167K, committed 181276K, reserved 673792K
  class space    used 21278K, capacity 23433K, committed 25216K, reserved 516096K
}
Event: 7848.042 GC heap before
{Heap before GC invocations=118 (full 0):
 garbage-first heap   total 582656K, used 469818K [0x0000000080000000, 0x0000000100000000)
  region size 1024K, 177 young (181248K), 3 survivors (3072K)
 Metaspace       used 165055K, capacity 171272K, committed 181276K, reserved 673792K
  class space    used 21283K, capacity 23441K, committed 25216K, reserved 516096K
}
Event: 7848.049 GC heap after
{Heap after GC invocations=119 (full 0):
 garbage-first heap   total 582656K, used 301667K [0x0000000080000000, 0x0000000100000000)
  region size 1024K, 13 young (13312K), 13 survivors (13312K)
 Metaspace       used 165055K, capacity 171272K, committed 181276K, reserved 673792K
  class space    used 21283K, capacity 23441K, committed 25216K, reserved 516096K
}
Event: 7850.421 GC heap before
{Heap before GC invocations=120 (full 0):
 garbage-first heap   total 582656K, used 469603K [0x0000000080000000, 0x0000000100000000)
  region size 1024K, 182 young (186368K), 13 survivors (13312K)
 Metaspace       used 165176K, capacity 171453K, committed 181276K, reserved 673792K
  class space    used 21299K, capacity 23470K, committed 25216K, reserved 516096K
}
Event: 7850.427 GC heap after
{Heap after GC invocations=121 (full 0):
 garbage-first heap   total 582656K, used 302412K [0x0000000080000000, 0x0000000100000000)
  region size 1024K, 7 young (7168K), 7 survivors (7168K)
 Metaspace       used 165176K, capacity 171453K, committed 181276K, reserved 673792K
  class space    used 21299K, capacity 23470K, committed 25216K, reserved 516096K
}
Event: 7851.170 GC heap before
{Heap before GC invocations=121 (full 0):
 garbage-first heap   total 582656K, used 323916K [0x0000000080000000, 0x0000000100000000)
  region size 1024K, 28 young (28672K), 7 survivors (7168K)
 Metaspace       used 165185K, capacity 171459K, committed 181276K, reserved 673792K
  class space    used 21299K, capacity 23471K, committed 25216K, reserved 516096K
}
Event: 7851.181 GC heap after
{Heap after GC invocations=122 (full 0):
 garbage-first heap   total 582656K, used 264318K [0x0000000080000000, 0x0000000100000000)
  region size 1024K, 2 young (2048K), 2 survivors (2048K)
 Metaspace       used 165185K, capacity 171459K, committed 181276K, reserved 673792K
  class space    used 21299K, capacity 23471K, committed 25216K, reserved 516096K
}
Event: 8158.318 GC heap before
{Heap before GC invocations=122 (full 0):
 garbage-first heap   total 582656K, used 470142K [0x0000000080000000, 0x0000000100000000)
  region size 1024K, 204 young (208896K), 2 survivors (2048K)
 Metaspace       used 165561K, capacity 171794K, committed 181276K, reserved 673792K
  class space    used 21316K, capacity 23500K, committed 25216K, reserved 516096K
}
Event: 8158.329 GC heap after
{Heap after GC invocations=123 (full 0):
 garbage-first heap   total 582656K, used 285812K [0x0000000080000000, 0x0000000100000000)
  region size 1024K, 23 young (23552K), 23 survivors (23552K)
 Metaspace       used 165561K, capacity 171794K, committed 181276K, reserved 673792K
  class space    used 21316K, capacity 23500K, committed 25216K, reserved 516096K
}
Event: 8158.967 GC heap before
{Heap before GC invocations=124 (full 0):
 garbage-first heap   total 582656K, used 471156K [0x0000000080000000, 0x0000000100000000)
  region size 1024K, 204 young (208896K), 23 survivors (23552K)
 Metaspace       used 165759K, capacity 171973K, committed 181276K, reserved 673792K
  class space    used 21319K, capacity 23507K, committed 25216K, reserved 516096K
}
Event: 8158.982 GC heap after
{Heap after GC invocations=125 (full 0):
 garbage-first heap   total 582656K, used 311128K [0x0000000080000000, 0x0000000100000000)
  region size 1024K, 25 young (25600K), 25 survivors (25600K)
 Metaspace       used 165759K, capacity 171973K, committed 181276K, reserved 673792K
  class space    used 21319K, capacity 23507K, committed 25216K, reserved 516096K
}
Event: 8161.143 GC heap before
{Heap before GC invocations=125 (full 0):
 garbage-first heap   total 582656K, used 473944K [0x0000000080000000, 0x0000000100000000)
  region size 1024K, 185 young (189440K), 25 survivors (25600K)
 Metaspace       used 165796K, capacity 171980K, committed 181276K, reserved 673792K
  class space    used 21319K, capacity 23507K, committed 25216K, reserved 516096K
}
Event: 8161.154 GC heap after
{Heap after GC invocations=126 (full 0):
 garbage-first heap   total 582656K, used 315727K [0x0000000080000000, 0x0000000100000000)
  region size 1024K, 6 young (6144K), 6 survivors (6144K)
 Metaspace       used 165796K, capacity 171980K, committed 181276K, reserved 673792K
  class space    used 21319K, capacity 23507K, committed 25216K, reserved 516096K
}
Event: 9201.757 GC heap before
{Heap before GC invocations=127 (full 0):
 garbage-first heap   total 582656K, used 471375K [0x0000000080000000, 0x0000000100000000)
  region size 1024K, 169 young (173056K), 6 survivors (6144K)
 Metaspace       used 165878K, capacity 172124K, committed 181276K, reserved 673792K
  class space    used 21321K, capacity 23510K, committed 25216K, reserved 516096K
}
Event: 9201.761 GC heap after
{Heap after GC invocations=128 (full 0):
 garbage-first heap   total 582656K, used 303794K [0x0000000080000000, 0x0000000100000000)
  region size 1024K, 5 young (5120K), 5 survivors (5120K)
 Metaspace       used 165878K, capacity 172124K, committed 181276K, reserved 673792K
  class space    used 21321K, capacity 23510K, committed 25216K, reserved 516096K
}
Event: 9590.938 GC heap before
{Heap before GC invocations=128 (full 0):
 garbage-first heap   total 582656K, used 327346K [0x0000000080000000, 0x0000000100000000)
  region size 1024K, 28 young (28672K), 5 survivors (5120K)
 Metaspace       used 165878K, capacity 172124K, committed 181276K, reserved 673792K
  class space    used 21321K, capacity 23510K, committed 25216K, reserved 516096K
}
Event: 9590.948 GC heap after
{Heap after GC invocations=129 (full 0):
 garbage-first heap   total 582656K, used 267358K [0x0000000080000000, 0x0000000100000000)
  region size 1024K, 3 young (3072K), 3 survivors (3072K)
 Metaspace       used 165878K, capacity 172124K, committed 181276K, reserved 673792K
  class space    used 21321K, capacity 23510K, committed 25216K, reserved 516096K
}
Event: 10012.415 GC heap before
{Heap before GC invocations=129 (full 0):
 garbage-first heap   total 582656K, used 292958K [0x0000000080000000, 0x0000000100000000)
  region size 1024K, 28 young (28672K), 3 survivors (3072K)
 Metaspace       used 165878K, capacity 172124K, committed 181276K, reserved 673792K
  class space    used 21321K, capacity 23510K, committed 25216K, reserved 516096K
}
Event: 10012.441 GC heap after
{Heap after GC invocations=130 (full 0):
 garbage-first heap   total 582656K, used 251815K [0x0000000080000000, 0x0000000100000000)
  region size 1024K, 3 young (3072K), 3 survivors (3072K)
 Metaspace       used 165878K, capacity 172124K, committed 181276K, reserved 673792K
  class space    used 21321K, capacity 23510K, committed 25216K, reserved 516096K
}

