# JRE version: Java(TM) SE Runtime Environment (14.0.2+12) (build 14.0.2+12-46)
# Java VM: Java HotSpot(TM) 64-Bit Server VM (14.0.2+12-46, mixed mode, sharing, tiered, compressed oops, g1 gc, windows-amd64)
Heap:
 garbage-first heap   total 432128K, used 255338K [0x0000000080000000, 0x0000000100000000)
  region size 1024K, 44 young (45056K), 11 survivors (11264K)
 Metaspace       used 113674K, capacity 118418K, committed 118940K, reserved 618496K
  class space    used 15208K, capacity 16936K, committed 17148K, reserved 516096K
GC Heap History (20 events):
Event: 14.858 GC heap before
{Heap before GC invocations=61 (full 0):
 garbage-first heap   total 275456K, used 205062K [0x0000000080000000, 0x0000000100000000)
  region size 1024K, 60 young (61440K), 5 survivors (5120K)
 Metaspace       used 100049K, capacity 104243K, committed 104476K, reserved 606208K
  class space    used 13701K, capacity 15189K, committed 15228K, reserved 516096K
}
Event: 14.861 GC heap after
{Heap after GC invocations=62 (full 0):
 garbage-first heap   total 275456K, used 153431K [0x0000000080000000, 0x0000000100000000)
  region size 1024K, 8 young (8192K), 8 survivors (8192K)
 Metaspace       used 100049K, capacity 104243K, committed 104476K, reserved 606208K
  class space    used 13701K, capacity 15189K, committed 15228K, reserved 516096K
}
Event: 14.924 GC heap before
{Heap before GC invocations=62 (full 0):
 garbage-first heap   total 275456K, used 165719K [0x0000000080000000, 0x0000000100000000)
  region size 1024K, 22 young (22528K), 8 survivors (8192K)
 Metaspace       used 100114K, capacity 104280K, committed 104476K, reserved 606208K
  class space    used 13706K, capacity 15196K, committed 15228K, reserved 516096K
}
Event: 14.927 GC heap after
{Heap after GC invocations=63 (full 0):
 garbage-first heap   total 275456K, used 155485K [0x0000000080000000, 0x0000000100000000)
  region size 1024K, 7 young (7168K), 7 survivors (7168K)
 Metaspace       used 100114K, capacity 104280K, committed 104476K, reserved 606208K
  class space    used 13706K, capacity 15196K, committed 15228K, reserved 516096K
}
Event: 15.295 GC heap before
{Heap before GC invocations=64 (full 0):
 garbage-first heap   total 283648K, used 224093K [0x0000000080000000, 0x0000000100000000)
  region size 1024K, 73 young (74752K), 7 survivors (7168K)
 Metaspace       used 102639K, capacity 107003K, committed 107292K, reserved 608256K
  class space    used 14033K, capacity 15615K, committed 15740K, reserved 516096K
}
Event: 15.302 GC heap after
{Heap after GC invocations=65 (full 0):
 garbage-first heap   total 283648K, used 166566K [0x0000000080000000, 0x0000000100000000)
  region size 1024K, 10 young (10240K), 10 survivors (10240K)
 Metaspace       used 102639K, capacity 107003K, committed 107292K, reserved 608256K
  class space    used 14033K, capacity 15615K, committed 15740K, reserved 516096K
}
Event: 15.994 GC heap before
{Heap before GC invocations=65 (full 0):
 garbage-first heap   total 283648K, used 231078K [0x0000000080000000, 0x0000000100000000)
  region size 1024K, 73 young (74752K), 10 survivors (10240K)
 Metaspace       used 107483K, capacity 112067K, committed 112284K, reserved 612352K
  class space    used 14678K, capacity 16285K, committed 16380K, reserved 516096K
}
Event: 16.002 GC heap after
{Heap after GC invocations=66 (full 0):
 garbage-first heap   total 283648K, used 176952K [0x0000000080000000, 0x0000000100000000)
  region size 1024K, 10 young (10240K), 10 survivors (10240K)
 Metaspace       used 107483K, capacity 112067K, committed 112284K, reserved 612352K
  class space    used 14678K, capacity 16285K, committed 16380K, reserved 516096K
}
Event: 16.427 GC heap before
{Heap before GC invocations=67 (full 0):
 garbage-first heap   total 304128K, used 231224K [0x0000000080000000, 0x0000000100000000)
  region size 1024K, 63 young (64512K), 10 survivors (10240K)
 Metaspace       used 108045K, capacity 112682K, committed 112796K, reserved 614400K
  class space    used 14727K, capacity 16333K, committed 16380K, reserved 516096K
}
Event: 16.433 GC heap after
{Heap after GC invocations=68 (full 0):
 garbage-first heap   total 304128K, used 182977K [0x0000000080000000, 0x0000000100000000)
  region size 1024K, 7 young (7168K), 7 survivors (7168K)
 Metaspace       used 108045K, capacity 112682K, committed 112796K, reserved 614400K
  class space    used 14727K, capacity 16333K, committed 16380K, reserved 516096K
}
Event: 16.796 GC heap before
{Heap before GC invocations=68 (full 0):
 garbage-first heap   total 304128K, used 248513K [0x0000000080000000, 0x0000000100000000)
  region size 1024K, 71 young (72704K), 7 survivors (7168K)
 Metaspace       used 109629K, capacity 114141K, committed 114332K, reserved 614400K
  class space    used 14891K, capacity 16535K, committed 16636K, reserved 516096K
}
Event: 16.802 GC heap after
{Heap after GC invocations=69 (full 0):
 garbage-first heap   total 304128K, used 189316K [0x0000000080000000, 0x0000000100000000)
  region size 1024K, 7 young (7168K), 7 survivors (7168K)
 Metaspace       used 109629K, capacity 114141K, committed 114332K, reserved 614400K
  class space    used 14891K, capacity 16535K, committed 16636K, reserved 516096K
}
Event: 17.083 GC heap before
{Heap before GC invocations=70 (full 0):
 garbage-first heap   total 345088K, used 249732K [0x0000000080000000, 0x0000000100000000)
  region size 1024K, 67 young (68608K), 7 survivors (7168K)
 Metaspace       used 111037K, capacity 115741K, committed 115996K, reserved 616448K
  class space    used 15033K, capacity 16736K, committed 16764K, reserved 516096K
}
Event: 17.089 GC heap after
{Heap after GC invocations=71 (full 0):
 garbage-first heap   total 345088K, used 196261K [0x0000000080000000, 0x0000000100000000)
  region size 1024K, 8 young (8192K), 8 survivors (8192K)
 Metaspace       used 111037K, capacity 115741K, committed 115996K, reserved 616448K
  class space    used 15033K, capacity 16736K, committed 16764K, reserved 516096K
}
Event: 17.630 GC heap before
{Heap before GC invocations=71 (full 0):
 garbage-first heap   total 345088K, used 279205K [0x0000000080000000, 0x0000000100000000)
  region size 1024K, 90 young (92160K), 8 survivors (8192K)
 Metaspace       used 113542K, capacity 118498K, committed 118684K, reserved 618496K
  class space    used 15254K, capacity 17029K, committed 17148K, reserved 516096K
}
Event: 17.637 GC heap after
{Heap after GC invocations=72 (full 0):
 garbage-first heap   total 345088K, used 202296K [0x0000000080000000, 0x0000000100000000)
  region size 1024K, 7 young (7168K), 7 survivors (7168K)
 Metaspace       used 113542K, capacity 118498K, committed 118684K, reserved 618496K
  class space    used 15254K, capacity 17029K, committed 17148K, reserved 516096K
}
Event: 19.114 GC heap before
{Heap before GC invocations=73 (full 0):
 garbage-first heap   total 348160K, used 283192K [0x0000000080000000, 0x0000000100000000)
  region size 1024K, 87 young (89088K), 7 survivors (7168K)
 Metaspace       used 113576K, capacity 118524K, committed 118684K, reserved 618496K
  class space    used 15259K, capacity 17036K, committed 17148K, reserved 516096K
}
Event: 19.124 GC heap after
{Heap after GC invocations=74 (full 0):
 garbage-first heap   total 348160K, used 213268K [0x0000000080000000, 0x0000000100000000)
  region size 1024K, 11 young (11264K), 11 survivors (11264K)
 Metaspace       used 113576K, capacity 118524K, committed 118684K, reserved 618496K
  class space    used 15259K, capacity 17036K, committed 17148K, reserved 516096K
}
Event: 20.132 GC heap before
{Heap before GC invocations=74 (full 0):
 garbage-first heap   total 348160K, used 288020K [0x0000000080000000, 0x0000000100000000)
  region size 1024K, 85 young (87040K), 11 survivors (11264K)
 Metaspace       used 113819K, capacity 118661K, committed 118940K, reserved 618496K
  class space    used 15272K, capacity 17047K, committed 17148K, reserved 516096K
}
Event: 20.141 GC heap after
{Heap after GC invocations=75 (full 0):
 garbage-first heap   total 348160K, used 223594K [0x0000000080000000, 0x0000000100000000)
  region size 1024K, 11 young (11264K), 11 survivors (11264K)
 Metaspace       used 113819K, capacity 118661K, committed 118940K, reserved 618496K
  class space    used 15272K, capacity 17047K, committed 17148K, reserved 516096K
}

