# JRE version: Java(TM) SE Runtime Environment (14.0.2+12) (build 14.0.2+12-46)
# Java VM: Java HotSpot(TM) 64-Bit Server VM (14.0.2+12-46, mixed mode, sharing, tiered, compressed oops, g1 gc, windows-amd64)
Heap:
 garbage-first heap   total 258048K, used 24358K [0x0000000080000000, 0x0000000100000000)
  region size 1024K, 16 young (16384K), 11 survivors (11264K)
 Metaspace       used 20485K, capacity 21126K, committed 21248K, reserved 534528K
  class space    used 3048K, capacity 3299K, committed 3328K, reserved 516096K
GC Heap History (6 events):
Event: 0.363 GC heap before
{Heap before GC invocations=0 (full 0):
 garbage-first heap   total 258048K, used 28672K [0x0000000080000000, 0x0000000100000000)
  region size 1024K, 23 young (23552K), 0 survivors (0K)
 Metaspace       used 3033K, capacity 5949K, committed 6144K, reserved 524288K
  class space    used 376K, capacity 667K, committed 768K, reserved 516096K
}
Event: 0.367 GC heap after
{Heap after GC invocations=1 (full 0):
 garbage-first heap   total 258048K, used 9575K [0x0000000080000000, 0x0000000100000000)
  region size 1024K, 3 young (3072K), 3 survivors (3072K)
 Metaspace       used 3033K, capacity 5949K, committed 6144K, reserved 524288K
  class space    used 376K, capacity 667K, committed 768K, reserved 516096K
}
Event: 0.615 GC heap before
{Heap before GC invocations=1 (full 0):
 garbage-first heap   total 258048K, used 37223K [0x0000000080000000, 0x0000000100000000)
  region size 1024K, 30 young (30720K), 3 survivors (3072K)
 Metaspace       used 4317K, capacity 6749K, committed 7040K, reserved 524288K
  class space    used 530K, capacity 806K, committed 896K, reserved 516096K
}
Event: 0.617 GC heap after
{Heap after GC invocations=2 (full 0):
 garbage-first heap   total 258048K, used 10284K [0x0000000080000000, 0x0000000100000000)
  region size 1024K, 1 young (1024K), 1 survivors (1024K)
 Metaspace       used 4317K, capacity 6749K, committed 7040K, reserved 524288K
  class space    used 530K, capacity 806K, committed 896K, reserved 516096K
}
Event: 1.927 GC heap before
{Heap before GC invocations=2 (full 0):
 garbage-first heap   total 258048K, used 163884K [0x0000000080000000, 0x0000000100000000)
  region size 1024K, 151 young (154624K), 1 survivors (1024K)
 Metaspace       used 20105K, capacity 20736K, committed 20992K, reserved 534528K
  class space    used 2989K, capacity 3233K, committed 3328K, reserved 516096K
}
Event: 1.936 GC heap after
{Heap after GC invocations=3 (full 0):
 garbage-first heap   total 258048K, used 20262K [0x0000000080000000, 0x0000000100000000)
  region size 1024K, 11 young (11264K), 11 survivors (11264K)
 Metaspace       used 20105K, capacity 20736K, committed 20992K, reserved 534528K
  class space    used 2989K, capacity 3233K, committed 3328K, reserved 516096K
}

