# JRE version: Java(TM) SE Runtime Environment (14.0.2+12) (build 14.0.2+12-46)
# Java VM: Java HotSpot(TM) 64-Bit Server VM (14.0.2+12-46, mixed mode, sharing, tiered, compressed oops, g1 gc, windows-amd64)
Heap:
 garbage-first heap   total 245760K, used 149034K [0x0000000080000000, 0x0000000100000000)
  region size 1024K, 7 young (7168K), 4 survivors (4096K)
 Metaspace       used 97039K, capacity 100851K, committed 100892K, reserved 604160K
  class space    used 13304K, capacity 14695K, committed 14716K, reserved 516096K
GC Heap History (20 events):
Event: 16.910 GC heap before
{Heap before GC invocations=47 (full 0):
 garbage-first heap   total 177152K, used 143029K [0x0000000080000000, 0x0000000100000000)
  region size 1024K, 66 young (67584K), 9 survivors (9216K)
 Metaspace       used 86524K, capacity 89791K, committed 89884K, reserved 593920K
  class space    used 11939K, capacity 13113K, committed 13180K, reserved 516096K
}
Event: 16.919 GC heap after
{Heap after GC invocations=48 (full 0):
 garbage-first heap   total 177152K, used 94084K [0x0000000080000000, 0x0000000100000000)
  region size 1024K, 9 young (9216K), 9 survivors (9216K)
 Metaspace       used 86524K, capacity 89791K, committed 89884K, reserved 593920K
  class space    used 11939K, capacity 13113K, committed 13180K, reserved 516096K
}
Event: 17.234 GC heap before
{Heap before GC invocations=48 (full 0):
 garbage-first heap   total 177152K, used 122756K [0x0000000080000000, 0x0000000100000000)
  region size 1024K, 39 young (39936K), 9 survivors (9216K)
 Metaspace       used 87016K, capacity 90382K, committed 90780K, reserved 593920K
  class space    used 11957K, capacity 13164K, committed 13308K, reserved 516096K
}
Event: 17.240 GC heap after
{Heap after GC invocations=49 (full 0):
 garbage-first heap   total 177152K, used 97308K [0x0000000080000000, 0x0000000100000000)
  region size 1024K, 4 young (4096K), 4 survivors (4096K)
 Metaspace       used 87016K, capacity 90382K, committed 90780K, reserved 593920K
  class space    used 11957K, capacity 13164K, committed 13308K, reserved 516096K
}
Event: 17.553 GC heap before
{Heap before GC invocations=50 (full 0):
 garbage-first heap   total 184320K, used 147484K [0x0000000080000000, 0x0000000100000000)
  region size 1024K, 48 young (49152K), 4 survivors (4096K)
 Metaspace       used 88663K, capacity 92125K, committed 92316K, reserved 595968K
  class space    used 12185K, capacity 13444K, committed 13564K, reserved 516096K
}
Event: 17.557 GC heap after
{Heap after GC invocations=51 (full 0):
 garbage-first heap   total 184320K, used 111031K [0x0000000080000000, 0x0000000100000000)
  region size 1024K, 6 young (6144K), 6 survivors (6144K)
 Metaspace       used 88663K, capacity 92125K, committed 92316K, reserved 595968K
  class space    used 12185K, capacity 13444K, committed 13564K, reserved 516096K
}
Event: 17.833 GC heap before
{Heap before GC invocations=51 (full 0):
 garbage-first heap   total 184320K, used 143799K [0x0000000080000000, 0x0000000100000000)
  region size 1024K, 40 young (40960K), 6 survivors (6144K)
 Metaspace       used 89529K, capacity 93165K, committed 93468K, reserved 595968K
  class space    used 12291K, capacity 13637K, committed 13692K, reserved 516096K
}
Event: 17.838 GC heap after
{Heap after GC invocations=52 (full 0):
 garbage-first heap   total 184320K, used 115347K [0x0000000080000000, 0x0000000100000000)
  region size 1024K, 4 young (4096K), 4 survivors (4096K)
 Metaspace       used 89529K, capacity 93165K, committed 93468K, reserved 595968K
  class space    used 12291K, capacity 13637K, committed 13692K, reserved 516096K
}
Event: 18.185 GC heap before
{Heap before GC invocations=53 (full 0):
 garbage-first heap   total 215040K, used 152211K [0x0000000080000000, 0x0000000100000000)
  region size 1024K, 39 young (39936K), 4 survivors (4096K)
 Metaspace       used 90454K, capacity 94201K, committed 94492K, reserved 598016K
  class space    used 12447K, capacity 13844K, committed 13948K, reserved 516096K
}
Event: 18.189 GC heap after
{Heap after GC invocations=54 (full 0):
 garbage-first heap   total 215040K, used 118697K [0x0000000080000000, 0x0000000100000000)
  region size 1024K, 4 young (4096K), 4 survivors (4096K)
 Metaspace       used 90454K, capacity 94201K, committed 94492K, reserved 598016K
  class space    used 12447K, capacity 13844K, committed 13948K, reserved 516096K
}
Event: 19.230 GC heap before
{Heap before GC invocations=54 (full 0):
 garbage-first heap   total 215040K, used 170921K [0x0000000080000000, 0x0000000100000000)
  region size 1024K, 55 young (56320K), 4 survivors (4096K)
 Metaspace       used 93610K, capacity 97256K, committed 97436K, reserved 600064K
  class space    used 12871K, capacity 14250K, committed 14332K, reserved 516096K
}
Event: 19.236 GC heap after
{Heap after GC invocations=55 (full 0):
 garbage-first heap   total 215040K, used 121933K [0x0000000080000000, 0x0000000100000000)
  region size 1024K, 4 young (4096K), 4 survivors (4096K)
 Metaspace       used 93610K, capacity 97256K, committed 97436K, reserved 600064K
  class space    used 12871K, capacity 14250K, committed 14332K, reserved 516096K
}
Event: 19.724 GC heap before
{Heap before GC invocations=56 (full 0):
 garbage-first heap   total 217088K, used 173133K [0x0000000080000000, 0x0000000100000000)
  region size 1024K, 54 young (55296K), 4 survivors (4096K)
 Metaspace       used 96604K, capacity 100429K, committed 100636K, reserved 602112K
  class space    used 13259K, capacity 14646K, committed 14716K, reserved 516096K
}
Event: 19.728 GC heap after
{Heap after GC invocations=57 (full 0):
 garbage-first heap   total 217088K, used 125471K [0x0000000080000000, 0x0000000100000000)
  region size 1024K, 7 young (7168K), 7 survivors (7168K)
 Metaspace       used 96604K, capacity 100429K, committed 100636K, reserved 602112K
  class space    used 13259K, capacity 14646K, committed 14716K, reserved 516096K
}
Event: 19.959 GC heap before
{Heap before GC invocations=57 (full 0):
 garbage-first heap   total 217088K, used 176671K [0x0000000080000000, 0x0000000100000000)
  region size 1024K, 57 young (58368K), 7 survivors (7168K)
 Metaspace       used 96884K, capacity 100747K, committed 100892K, reserved 604160K
  class space    used 13288K, capacity 14684K, committed 14716K, reserved 516096K
}
Event: 19.967 GC heap after
{Heap after GC invocations=58 (full 0):
 garbage-first heap   total 217088K, used 131365K [0x0000000080000000, 0x0000000100000000)
  region size 1024K, 8 young (8192K), 8 survivors (8192K)
 Metaspace       used 96884K, capacity 100747K, committed 100892K, reserved 604160K
  class space    used 13288K, capacity 14684K, committed 14716K, reserved 516096K
}
Event: 20.216 GC heap before
{Heap before GC invocations=59 (full 0):
 garbage-first heap   total 245760K, used 178469K [0x0000000080000000, 0x0000000100000000)
  region size 1024K, 54 young (55296K), 8 survivors (8192K)
 Metaspace       used 96922K, capacity 100747K, committed 100892K, reserved 604160K
  class space    used 13290K, capacity 14684K, committed 14716K, reserved 516096K
}
Event: 20.223 GC heap after
{Heap after GC invocations=60 (full 0):
 garbage-first heap   total 245760K, used 138743K [0x0000000080000000, 0x0000000100000000)
  region size 1024K, 7 young (7168K), 7 survivors (7168K)
 Metaspace       used 96922K, capacity 100747K, committed 100892K, reserved 604160K
  class space    used 13290K, capacity 14684K, committed 14716K, reserved 516096K
}
Event: 20.434 GC heap before
{Heap before GC invocations=60 (full 0):
 garbage-first heap   total 245760K, used 169463K [0x0000000080000000, 0x0000000100000000)
  region size 1024K, 38 young (38912K), 7 survivors (7168K)
 Metaspace       used 97039K, capacity 100851K, committed 100892K, reserved 604160K
  class space    used 13304K, capacity 14695K, committed 14716K, reserved 516096K
}
Event: 20.439 GC heap after
{Heap after GC invocations=61 (full 0):
 garbage-first heap   total 245760K, used 142890K [0x0000000080000000, 0x0000000100000000)
  region size 1024K, 4 young (4096K), 4 survivors (4096K)
 Metaspace       used 97039K, capacity 100851K, committed 100892K, reserved 604160K
  class space    used 13304K, capacity 14695K, committed 14716K, reserved 516096K
}

