# JRE version: Java(TM) SE Runtime Environment (14.0.2+12) (build 14.0.2+12-46)
# Java VM: Java HotSpot(TM) 64-Bit Server VM (14.0.2+12-46, mixed mode, sharing, tiered, compressed oops, g1 gc, windows-amd64)
Heap:
 garbage-first heap   total 269312K, used 129100K [0x0000000080000000, 0x0000000100000000)
  region size 1024K, 6 young (6144K), 6 survivors (6144K)
 Metaspace       used 93594K, capacity 97257K, committed 97404K, reserved 600064K
  class space    used 12799K, capacity 14177K, committed 14204K, reserved 516096K
GC Heap History (20 events):
Event: 7.809 GC heap after
{Heap after GC invocations=44 (full 0):
 garbage-first heap   total 172032K, used 69642K [0x0000000080000000, 0x0000000100000000)
  region size 1024K, 3 young (3072K), 3 survivors (3072K)
 Metaspace       used 73220K, capacity 75351K, committed 75644K, reserved 581632K
  class space    used 9913K, capacity 10770K, committed 10876K, reserved 516096K
}
Event: 8.128 GC heap before
{Heap before GC invocations=44 (full 0):
 garbage-first heap   total 172032K, used 133130K [0x0000000080000000, 0x0000000100000000)
  region size 1024K, 64 young (65536K), 3 survivors (3072K)
 Metaspace       used 76513K, capacity 78734K, committed 78844K, reserved 583680K
  class space    used 10336K, capacity 11231K, committed 11260K, reserved 516096K
}
Event: 8.132 GC heap after
{Heap after GC invocations=45 (full 0):
 garbage-first heap   total 172032K, used 74214K [0x0000000080000000, 0x0000000100000000)
  region size 1024K, 8 young (8192K), 8 survivors (8192K)
 Metaspace       used 76513K, capacity 78734K, committed 78844K, reserved 583680K
  class space    used 10336K, capacity 11231K, committed 11260K, reserved 516096K
}
Event: 10.336 GC heap before
{Heap before GC invocations=45 (full 0):
 garbage-first heap   total 172032K, used 134630K [0x0000000080000000, 0x0000000100000000)
  region size 1024K, 67 young (68608K), 8 survivors (8192K)
 Metaspace       used 79448K, capacity 81588K, committed 81788K, reserved 587776K
  class space    used 10740K, capacity 11606K, committed 11644K, reserved 516096K
}
Event: 10.340 GC heap after
{Heap after GC invocations=46 (full 0):
 garbage-first heap   total 172032K, used 78413K [0x0000000080000000, 0x0000000100000000)
  region size 1024K, 9 young (9216K), 9 survivors (9216K)
 Metaspace       used 79448K, capacity 81588K, committed 81788K, reserved 587776K
  class space    used 10740K, capacity 11606K, committed 11644K, reserved 516096K
}
Event: 10.674 GC heap before
{Heap before GC invocations=46 (full 0):
 garbage-first heap   total 172032K, used 136781K [0x0000000080000000, 0x0000000100000000)
  region size 1024K, 66 young (67584K), 9 survivors (9216K)
 Metaspace       used 83899K, capacity 86313K, committed 86524K, reserved 591872K
  class space    used 11528K, capacity 12445K, committed 12540K, reserved 516096K
}
Event: 10.679 GC heap after
{Heap after GC invocations=47 (full 0):
 garbage-first heap   total 172032K, used 82784K [0x0000000080000000, 0x0000000100000000)
  region size 1024K, 9 young (9216K), 9 survivors (9216K)
 Metaspace       used 83899K, capacity 86313K, committed 86524K, reserved 591872K
  class space    used 11528K, capacity 12445K, committed 12540K, reserved 516096K
}
Event: 10.909 GC heap before
{Heap before GC invocations=47 (full 0):
 garbage-first heap   total 172032K, used 138080K [0x0000000080000000, 0x0000000100000000)
  region size 1024K, 63 young (64512K), 9 survivors (9216K)
 Metaspace       used 85790K, capacity 88672K, committed 88828K, reserved 591872K
  class space    used 11821K, capacity 12908K, committed 13052K, reserved 516096K
}
Event: 10.915 GC heap after
{Heap after GC invocations=48 (full 0):
 garbage-first heap   total 172032K, used 88061K [0x0000000080000000, 0x0000000100000000)
  region size 1024K, 8 young (8192K), 8 survivors (8192K)
 Metaspace       used 85790K, capacity 88672K, committed 88828K, reserved 591872K
  class space    used 11821K, capacity 12908K, committed 13052K, reserved 516096K
}
Event: 11.317 GC heap before
{Heap before GC invocations=48 (full 0):
 garbage-first heap   total 172032K, used 130045K [0x0000000080000000, 0x0000000100000000)
  region size 1024K, 50 young (51200K), 8 survivors (8192K)
 Metaspace       used 86835K, capacity 90091K, committed 90236K, reserved 593920K
  class space    used 11928K, capacity 13076K, committed 13180K, reserved 516096K
}
Event: 11.322 GC heap after
{Heap after GC invocations=49 (full 0):
 garbage-first heap   total 172032K, used 93890K [0x0000000080000000, 0x0000000100000000)
  region size 1024K, 6 young (6144K), 6 survivors (6144K)
 Metaspace       used 86835K, capacity 90091K, committed 90236K, reserved 593920K
  class space    used 11928K, capacity 13076K, committed 13180K, reserved 516096K
}
Event: 11.523 GC heap before
{Heap before GC invocations=50 (full 0):
 garbage-first heap   total 174080K, used 145090K [0x0000000080000000, 0x0000000100000000)
  region size 1024K, 51 young (52224K), 6 survivors (6144K)
 Metaspace       used 88492K, capacity 91843K, committed 92028K, reserved 595968K
  class space    used 12157K, capacity 13358K, committed 13436K, reserved 516096K
}
Event: 11.528 GC heap after
{Heap after GC invocations=51 (full 0):
 garbage-first heap   total 174080K, used 108588K [0x0000000080000000, 0x0000000100000000)
  region size 1024K, 7 young (7168K), 7 survivors (7168K)
 Metaspace       used 88492K, capacity 91843K, committed 92028K, reserved 595968K
  class space    used 12157K, capacity 13358K, committed 13436K, reserved 516096K
}
Event: 11.690 GC heap before
{Heap before GC invocations=51 (full 0):
 garbage-first heap   total 174080K, used 136236K [0x0000000080000000, 0x0000000100000000)
  region size 1024K, 36 young (36864K), 7 survivors (7168K)
 Metaspace       used 89244K, capacity 92568K, committed 92924K, reserved 595968K
  class space    used 12241K, capacity 13441K, committed 13564K, reserved 516096K
}
Event: 11.693 GC heap after
{Heap after GC invocations=52 (full 0):
 garbage-first heap   total 174080K, used 110799K [0x0000000080000000, 0x0000000100000000)
  region size 1024K, 3 young (3072K), 3 survivors (3072K)
 Metaspace       used 89244K, capacity 92568K, committed 92924K, reserved 595968K
  class space    used 12241K, capacity 13441K, committed 13564K, reserved 516096K
}
Event: 11.858 GC heap before
{Heap before GC invocations=53 (full 0):
 garbage-first heap   total 209920K, used 149711K [0x0000000080000000, 0x0000000100000000)
  region size 1024K, 37 young (37888K), 3 survivors (3072K)
 Metaspace       used 90658K, capacity 94074K, committed 94332K, reserved 598016K
  class space    used 12423K, capacity 13643K, committed 13692K, reserved 516096K
}
Event: 11.860 GC heap after
{Heap after GC invocations=54 (full 0):
 garbage-first heap   total 209920K, used 118039K [0x0000000080000000, 0x0000000100000000)
  region size 1024K, 4 young (4096K), 4 survivors (4096K)
 Metaspace       used 90658K, capacity 94074K, committed 94332K, reserved 598016K
  class space    used 12423K, capacity 13643K, committed 13692K, reserved 516096K
}
Event: 12.082 GC heap before
{Heap before GC invocations=54 (full 0):
 garbage-first heap   total 209920K, used 152855K [0x0000000080000000, 0x0000000100000000)
  region size 1024K, 39 young (39936K), 4 survivors (4096K)
 Metaspace       used 91486K, capacity 94975K, committed 95228K, reserved 598016K
  class space    used 12526K, capacity 13804K, committed 13820K, reserved 516096K
}
Event: 12.089 GC heap after
{Heap after GC invocations=55 (full 0):
 garbage-first heap   total 209920K, used 122471K [0x0000000080000000, 0x0000000100000000)
  region size 1024K, 7 young (7168K), 7 survivors (7168K)
 Metaspace       used 91486K, capacity 94975K, committed 95228K, reserved 598016K
  class space    used 12526K, capacity 13804K, committed 13820K, reserved 516096K
}
Event: 12.297 GC heap before
{Heap before GC invocations=56 (full 0):
 garbage-first heap   total 224256K, used 170599K [0x0000000080000000, 0x0000000100000000)
  region size 1024K, 53 young (54272K), 7 survivors (7168K)
 Metaspace       used 93594K, capacity 97257K, committed 97404K, reserved 600064K
  class space    used 12799K, capacity 14177K, committed 14204K, reserved 516096K
}

