# JRE version: Java(TM) SE Runtime Environment (14.0.2+12) (build 14.0.2+12-46)
# Java VM: Java HotSpot(TM) 64-Bit Server VM (14.0.2+12-46, mixed mode, sharing, tiered, compressed oops, g1 gc, windows-amd64)
Heap:
 garbage-first heap   total 209920K, used 161249K [0x0000000080000000, 0x0000000100000000)
  region size 1024K, 51 young (52224K), 7 survivors (7168K)
 Metaspace       used 92409K, capacity 95525K, committed 95868K, reserved 598016K
  class space    used 12611K, capacity 13814K, committed 13948K, reserved 516096K
GC Heap History (20 events):
Event: 9.881 GC heap before
{Heap before GC invocations=38 (full 0):
 garbage-first heap   total 119808K, used 78834K [0x0000000080000000, 0x0000000100000000)
  region size 1024K, 18 young (18432K), 4 survivors (4096K)
 Metaspace       used 71922K, capacity 74117K, committed 74492K, reserved 581632K
  class space    used 9735K, capacity 10597K, committed 10748K, reserved 516096K
}
Event: 9.883 GC heap after
{Heap after GC invocations=39 (full 0):
 garbage-first heap   total 119808K, used 67583K [0x0000000080000000, 0x0000000100000000)
  region size 1024K, 5 young (5120K), 5 survivors (5120K)
 Metaspace       used 71922K, capacity 74117K, committed 74492K, reserved 581632K
  class space    used 9735K, capacity 10597K, committed 10748K, reserved 516096K
}
Event: 10.012 GC heap before
{Heap before GC invocations=40 (full 0):
 garbage-first heap   total 145408K, used 100351K [0x0000000080000000, 0x0000000100000000)
  region size 1024K, 31 young (31744K), 5 survivors (5120K)
 Metaspace       used 73137K, capacity 75331K, committed 75644K, reserved 581632K
  class space    used 9903K, capacity 10762K, committed 10876K, reserved 516096K
}
Event: 10.015 GC heap after
{Heap after GC invocations=41 (full 0):
 garbage-first heap   total 175104K, used 69513K [0x0000000080000000, 0x0000000100000000)
  region size 1024K, 4 young (4096K), 4 survivors (4096K)
 Metaspace       used 73137K, capacity 75331K, committed 75644K, reserved 581632K
  class space    used 9903K, capacity 10762K, committed 10876K, reserved 516096K
}
Event: 10.370 GC heap before
{Heap before GC invocations=41 (full 0):
 garbage-first heap   total 175104K, used 139145K [0x0000000080000000, 0x0000000100000000)
  region size 1024K, 71 young (72704K), 4 survivors (4096K)
 Metaspace       used 76455K, capacity 78688K, committed 78844K, reserved 583680K
  class space    used 10322K, capacity 11214K, committed 11260K, reserved 516096K
}
Event: 10.373 GC heap after
{Heap after GC invocations=42 (full 0):
 garbage-first heap   total 175104K, used 74599K [0x0000000080000000, 0x0000000100000000)
  region size 1024K, 9 young (9216K), 9 survivors (9216K)
 Metaspace       used 76455K, capacity 78688K, committed 78844K, reserved 583680K
  class space    used 10322K, capacity 11214K, committed 11260K, reserved 516096K
}
Event: 12.714 GC heap before
{Heap before GC invocations=42 (full 0):
 garbage-first heap   total 175104K, used 139111K [0x0000000080000000, 0x0000000100000000)
  region size 1024K, 72 young (73728K), 9 survivors (9216K)
 Metaspace       used 81582K, capacity 83777K, committed 84092K, reserved 589824K
  class space    used 11194K, capacity 12078K, committed 12156K, reserved 516096K
}
Event: 12.718 GC heap after
{Heap after GC invocations=43 (full 0):
 garbage-first heap   total 175104K, used 79175K [0x0000000080000000, 0x0000000100000000)
  region size 1024K, 5 young (5120K), 5 survivors (5120K)
 Metaspace       used 81582K, capacity 83777K, committed 84092K, reserved 589824K
  class space    used 11194K, capacity 12078K, committed 12156K, reserved 516096K
}
Event: 13.069 GC heap before
{Heap before GC invocations=43 (full 0):
 garbage-first heap   total 175104K, used 140615K [0x0000000080000000, 0x0000000100000000)
  region size 1024K, 66 young (67584K), 5 survivors (5120K)
 Metaspace       used 84178K, capacity 86629K, committed 86780K, reserved 591872K
  class space    used 11514K, capacity 12472K, committed 12540K, reserved 516096K
}
Event: 13.072 GC heap after
{Heap after GC invocations=44 (full 0):
 garbage-first heap   total 175104K, used 83708K [0x0000000080000000, 0x0000000100000000)
  region size 1024K, 9 young (9216K), 9 survivors (9216K)
 Metaspace       used 84178K, capacity 86629K, committed 86780K, reserved 591872K
  class space    used 11514K, capacity 12472K, committed 12540K, reserved 516096K
}
Event: 13.146 GC heap before
{Heap before GC invocations=44 (full 0):
 garbage-first heap   total 175104K, used 100092K [0x0000000080000000, 0x0000000100000000)
  region size 1024K, 24 young (24576K), 9 survivors (9216K)
 Metaspace       used 84556K, capacity 87077K, committed 87292K, reserved 591872K
  class space    used 11556K, capacity 12512K, committed 12540K, reserved 516096K
}
Event: 13.150 GC heap after
{Heap after GC invocations=45 (full 0):
 garbage-first heap   total 175104K, used 90446K [0x0000000080000000, 0x0000000100000000)
  region size 1024K, 4 young (4096K), 4 survivors (4096K)
 Metaspace       used 84556K, capacity 87077K, committed 87292K, reserved 591872K
  class space    used 11556K, capacity 12512K, committed 12540K, reserved 516096K
}
Event: 13.341 GC heap before
{Heap before GC invocations=46 (full 0):
 garbage-first heap   total 175104K, used 144718K [0x0000000080000000, 0x0000000100000000)
  region size 1024K, 54 young (55296K), 4 survivors (4096K)
 Metaspace       used 86631K, capacity 89314K, committed 89468K, reserved 593920K
  class space    used 11837K, capacity 12872K, committed 12924K, reserved 516096K
}
Event: 13.344 GC heap after
{Heap after GC invocations=47 (full 0):
 garbage-first heap   total 175104K, used 100107K [0x0000000080000000, 0x0000000100000000)
  region size 1024K, 7 young (7168K), 7 survivors (7168K)
 Metaspace       used 86631K, capacity 89314K, committed 89468K, reserved 593920K
  class space    used 11837K, capacity 12872K, committed 12924K, reserved 516096K
}
Event: 13.553 GC heap before
{Heap before GC invocations=47 (full 0):
 garbage-first heap   total 175104K, used 136971K [0x0000000080000000, 0x0000000100000000)
  region size 1024K, 45 young (46080K), 7 survivors (7168K)
 Metaspace       used 88202K, capacity 90992K, committed 91260K, reserved 595968K
  class space    used 12071K, capacity 13122K, committed 13180K, reserved 516096K
}
Event: 13.556 GC heap after
{Heap after GC invocations=48 (full 0):
 garbage-first heap   total 175104K, used 104308K [0x0000000080000000, 0x0000000100000000)
  region size 1024K, 4 young (4096K), 4 survivors (4096K)
 Metaspace       used 88202K, capacity 90992K, committed 91260K, reserved 595968K
  class space    used 12071K, capacity 13122K, committed 13180K, reserved 516096K
}
Event: 13.741 GC heap before
{Heap before GC invocations=49 (full 0):
 garbage-first heap   total 201728K, used 147316K [0x0000000080000000, 0x0000000100000000)
  region size 1024K, 42 young (43008K), 4 survivors (4096K)
 Metaspace       used 89703K, capacity 92605K, committed 92796K, reserved 595968K
  class space    used 12269K, capacity 13361K, committed 13436K, reserved 516096K
}
Event: 13.744 GC heap after
{Heap after GC invocations=50 (full 0):
 garbage-first heap   total 201728K, used 112130K [0x0000000080000000, 0x0000000100000000)
  region size 1024K, 4 young (4096K), 4 survivors (4096K)
 Metaspace       used 89703K, capacity 92605K, committed 92796K, reserved 595968K
  class space    used 12269K, capacity 13361K, committed 13436K, reserved 516096K
}
Event: 13.947 GC heap before
{Heap before GC invocations=50 (full 0):
 garbage-first heap   total 201728K, used 143874K [0x0000000080000000, 0x0000000100000000)
  region size 1024K, 37 young (37888K), 4 survivors (4096K)
 Metaspace       used 90412K, capacity 93346K, committed 93436K, reserved 595968K
  class space    used 12355K, capacity 13475K, committed 13564K, reserved 516096K
}
Event: 13.950 GC heap after
{Heap after GC invocations=51 (full 0):
 garbage-first heap   total 201728K, used 116193K [0x0000000080000000, 0x0000000100000000)
  region size 1024K, 7 young (7168K), 7 survivors (7168K)
 Metaspace       used 90412K, capacity 93346K, committed 93436K, reserved 595968K
  class space    used 12355K, capacity 13475K, committed 13564K, reserved 516096K
}

