# JRE version: Java(TM) SE Runtime Environment (14.0.2+12) (build 14.0.2+12-46)
# Java VM: Java HotSpot(TM) 64-Bit Server VM (14.0.2+12-46, mixed mode, sharing, tiered, compressed oops, g1 gc, windows-amd64)
Heap:
 garbage-first heap   total 178176K, used 100824K [0x0000000080000000, 0x0000000100000000)
  region size 1024K, 35 young (35840K), 4 survivors (4096K)
 Metaspace       used 76843K, capacity 78968K, committed 79260K, reserved 585728K
  class space    used 10350K, capacity 11183K, committed 11260K, reserved 516096K
GC Heap History (20 events):
Event: 7.740 GC heap before
{Heap before GC invocations=26 (full 0):
 garbage-first heap   total 81920K, used 67033K [0x0000000080000000, 0x0000000100000000)
  region size 1024K, 26 young (26624K), 2 survivors (2048K)
 Metaspace       used 54600K, capacity 56281K, committed 56348K, reserved 565248K
  class space    used 7582K, capacity 8272K, committed 8316K, reserved 516096K
}
Event: 7.742 GC heap after
{Heap after GC invocations=27 (full 0):
 garbage-first heap   total 81920K, used 44767K [0x0000000080000000, 0x0000000100000000)
  region size 1024K, 3 young (3072K), 3 survivors (3072K)
 Metaspace       used 54600K, capacity 56281K, committed 56348K, reserved 565248K
  class space    used 7582K, capacity 8272K, committed 8316K, reserved 516096K
}
Event: 7.894 GC heap before
{Heap before GC invocations=27 (full 0):
 garbage-first heap   total 81920K, used 69343K [0x0000000080000000, 0x0000000100000000)
  region size 1024K, 27 young (27648K), 3 survivors (3072K)
 Metaspace       used 56038K, capacity 57905K, committed 58268K, reserved 567296K
  class space    used 7805K, capacity 8555K, committed 8700K, reserved 516096K
}
Event: 7.898 GC heap after
{Heap after GC invocations=28 (full 0):
 garbage-first heap   total 98304K, used 46094K [0x0000000080000000, 0x0000000100000000)
  region size 1024K, 4 young (4096K), 4 survivors (4096K)
 Metaspace       used 56038K, capacity 57905K, committed 58268K, reserved 567296K
  class space    used 7805K, capacity 8555K, committed 8700K, reserved 516096K
}
Event: 8.274 GC heap before
{Heap before GC invocations=29 (full 0):
 garbage-first heap   total 98304K, used 81934K [0x0000000080000000, 0x0000000100000000)
  region size 1024K, 39 young (39936K), 4 survivors (4096K)
 Metaspace       used 58343K, capacity 60283K, committed 60572K, reserved 569344K
  class space    used 8114K, capacity 8905K, committed 8956K, reserved 516096K
}
Event: 8.276 GC heap after
{Heap after GC invocations=30 (full 0):
 garbage-first heap   total 98304K, used 48208K [0x0000000080000000, 0x0000000100000000)
  region size 1024K, 5 young (5120K), 5 survivors (5120K)
 Metaspace       used 58343K, capacity 60283K, committed 60572K, reserved 569344K
  class space    used 8114K, capacity 8905K, committed 8956K, reserved 516096K
}
Event: 8.521 GC heap before
{Heap before GC invocations=30 (full 0):
 garbage-first heap   total 98304K, used 80976K [0x0000000080000000, 0x0000000100000000)
  region size 1024K, 38 young (38912K), 5 survivors (5120K)
 Metaspace       used 60829K, capacity 62809K, committed 63004K, reserved 571392K
  class space    used 8463K, capacity 9253K, committed 9340K, reserved 516096K
}
Event: 8.524 GC heap after
{Heap after GC invocations=31 (full 0):
 garbage-first heap   total 98304K, used 50754K [0x0000000080000000, 0x0000000100000000)
  region size 1024K, 5 young (5120K), 5 survivors (5120K)
 Metaspace       used 60829K, capacity 62809K, committed 63004K, reserved 571392K
  class space    used 8463K, capacity 9253K, committed 9340K, reserved 516096K
}
Event: 8.758 GC heap before
{Heap before GC invocations=31 (full 0):
 garbage-first heap   total 98304K, used 81474K [0x0000000080000000, 0x0000000100000000)
  region size 1024K, 36 young (36864K), 5 survivors (5120K)
 Metaspace       used 63318K, capacity 65395K, committed 65692K, reserved 573440K
  class space    used 8784K, capacity 9601K, committed 9724K, reserved 516096K
}
Event: 8.763 GC heap after
{Heap after GC invocations=32 (full 0):
 garbage-first heap   total 98304K, used 52933K [0x0000000080000000, 0x0000000100000000)
  region size 1024K, 5 young (5120K), 5 survivors (5120K)
 Metaspace       used 63318K, capacity 65395K, committed 65692K, reserved 573440K
  class space    used 8784K, capacity 9601K, committed 9724K, reserved 516096K
}
Event: 8.898 GC heap before
{Heap before GC invocations=33 (full 0):
 garbage-first heap   total 99328K, used 68293K [0x0000000080000000, 0x0000000100000000)
  region size 1024K, 21 young (21504K), 5 survivors (5120K)
 Metaspace       used 63651K, capacity 65753K, committed 65948K, reserved 573440K
  class space    used 8805K, capacity 9608K, committed 9724K, reserved 516096K
}
Event: 8.901 GC heap after
{Heap after GC invocations=34 (full 0):
 garbage-first heap   total 119808K, used 53561K [0x0000000080000000, 0x0000000100000000)
  region size 1024K, 3 young (3072K), 3 survivors (3072K)
 Metaspace       used 63651K, capacity 65753K, committed 65948K, reserved 573440K
  class space    used 8805K, capacity 9608K, committed 9724K, reserved 516096K
}
Event: 9.085 GC heap before
{Heap before GC invocations=35 (full 0):
 garbage-first heap   total 119808K, used 90425K [0x0000000080000000, 0x0000000100000000)
  region size 1024K, 38 young (38912K), 3 survivors (3072K)
 Metaspace       used 66720K, capacity 68944K, committed 69148K, reserved 575488K
  class space    used 9199K, capacity 10072K, committed 10108K, reserved 516096K
}
Event: 9.088 GC heap after
{Heap after GC invocations=36 (full 0):
 garbage-first heap   total 119808K, used 60658K [0x0000000080000000, 0x0000000100000000)
  region size 1024K, 6 young (6144K), 6 survivors (6144K)
 Metaspace       used 66720K, capacity 68944K, committed 69148K, reserved 575488K
  class space    used 9199K, capacity 10072K, committed 10108K, reserved 516096K
}
Event: 9.346 GC heap before
{Heap before GC invocations=37 (full 0):
 garbage-first heap   total 119808K, used 98546K [0x0000000080000000, 0x0000000100000000)
  region size 1024K, 41 young (41984K), 6 survivors (6144K)
 Metaspace       used 71497K, capacity 73669K, committed 73756K, reserved 579584K
  class space    used 9715K, capacity 10557K, committed 10620K, reserved 516096K
}
Event: 9.349 GC heap after
{Heap after GC invocations=38 (full 0):
 garbage-first heap   total 119808K, used 65492K [0x0000000080000000, 0x0000000100000000)
  region size 1024K, 2 young (2048K), 2 survivors (2048K)
 Metaspace       used 71497K, capacity 73669K, committed 73756K, reserved 579584K
  class space    used 9715K, capacity 10557K, committed 10620K, reserved 516096K
}
Event: 9.431 GC heap before
{Heap before GC invocations=38 (full 0):
 garbage-first heap   total 119808K, used 70612K [0x0000000080000000, 0x0000000100000000)
  region size 1024K, 8 young (8192K), 2 survivors (2048K)
 Metaspace       used 72900K, capacity 75112K, committed 75164K, reserved 581632K
  class space    used 9861K, capacity 10718K, committed 10748K, reserved 516096K
}
Event: 9.435 GC heap after
{Heap after GC invocations=39 (full 0):
 garbage-first heap   total 119808K, used 66821K [0x0000000080000000, 0x0000000100000000)
  region size 1024K, 4 young (4096K), 4 survivors (4096K)
 Metaspace       used 72900K, capacity 75112K, committed 75164K, reserved 581632K
  class space    used 9861K, capacity 10718K, committed 10748K, reserved 516096K
}
Event: 9.606 GC heap before
{Heap before GC invocations=40 (full 0):
 garbage-first heap   total 148480K, used 102661K [0x0000000080000000, 0x0000000100000000)
  region size 1024K, 32 young (32768K), 4 survivors (4096K)
 Metaspace       used 74294K, capacity 76486K, committed 76700K, reserved 583680K
  class space    used 10052K, capacity 10915K, committed 11004K, reserved 516096K
}
Event: 9.609 GC heap after
{Heap after GC invocations=41 (full 0):
 garbage-first heap   total 178176K, used 69080K [0x0000000080000000, 0x0000000100000000)
  region size 1024K, 4 young (4096K), 4 survivors (4096K)
 Metaspace       used 74294K, capacity 76486K, committed 76700K, reserved 583680K
  class space    used 10052K, capacity 10915K, committed 11004K, reserved 516096K
}

