# JRE version: Java(TM) SE Runtime Environment (14.0.2+12) (build 14.0.2+12-46)
# Java VM: Java HotSpot(TM) 64-Bit Server VM (14.0.2+12-46, mixed mode, sharing, tiered, compressed oops, g1 gc, windows-amd64)
Heap:
 garbage-first heap   total 178176K, used 94863K [0x0000000080000000, 0x0000000100000000)
  region size 1024K, 24 young (24576K), 5 survivors (5120K)
 Metaspace       used 77623K, capacity 79831K, committed 79900K, reserved 585728K
  class space    used 10491K, capacity 11381K, committed 11392K, reserved 516096K
GC Heap History (20 events):
Event: 9.077 GC heap before
{Heap before GC invocations=32 (full 0):
 garbage-first heap   total 104448K, used 83449K [0x0000000080000000, 0x0000000100000000)
  region size 1024K, 39 young (39936K), 4 survivors (4096K)
 Metaspace       used 58188K, capacity 60093K, committed 60316K, reserved 569344K
  class space    used 8098K, capacity 8865K, committed 8960K, reserved 516096K
}
Event: 9.081 GC heap after
{Heap after GC invocations=33 (full 0):
 garbage-first heap   total 104448K, used 49783K [0x0000000080000000, 0x0000000100000000)
  region size 1024K, 5 young (5120K), 5 survivors (5120K)
 Metaspace       used 58188K, capacity 60093K, committed 60316K, reserved 569344K
  class space    used 8098K, capacity 8865K, committed 8960K, reserved 516096K
}
Event: 9.523 GC heap before
{Heap before GC invocations=33 (full 0):
 garbage-first heap   total 104448K, used 83575K [0x0000000080000000, 0x0000000100000000)
  region size 1024K, 39 young (39936K), 5 survivors (5120K)
 Metaspace       used 60774K, capacity 62759K, committed 63004K, reserved 571392K
  class space    used 8469K, capacity 9257K, committed 9344K, reserved 516096K
}
Event: 9.528 GC heap after
{Heap after GC invocations=34 (full 0):
 garbage-first heap   total 104448K, used 52469K [0x0000000080000000, 0x0000000100000000)
  region size 1024K, 5 young (5120K), 5 survivors (5120K)
 Metaspace       used 60774K, capacity 62759K, committed 63004K, reserved 571392K
  class space    used 8469K, capacity 9257K, committed 9344K, reserved 516096K
}
Event: 9.891 GC heap before
{Heap before GC invocations=34 (full 0):
 garbage-first heap   total 104448K, used 84213K [0x0000000080000000, 0x0000000100000000)
  region size 1024K, 37 young (37888K), 5 survivors (5120K)
 Metaspace       used 63333K, capacity 65441K, committed 65692K, reserved 573440K
  class space    used 8793K, capacity 9637K, committed 9728K, reserved 516096K
}
Event: 9.898 GC heap after
{Heap after GC invocations=35 (full 0):
 garbage-first heap   total 125952K, used 54912K [0x0000000080000000, 0x0000000100000000)
  region size 1024K, 5 young (5120K), 5 survivors (5120K)
 Metaspace       used 63333K, capacity 65441K, committed 65692K, reserved 573440K
  class space    used 8793K, capacity 9637K, committed 9728K, reserved 516096K
}
Event: 10.405 GC heap before
{Heap before GC invocations=36 (full 0):
 garbage-first heap   total 125952K, used 100992K [0x0000000080000000, 0x0000000100000000)
  region size 1024K, 49 young (50176K), 5 survivors (5120K)
 Metaspace       used 66523K, capacity 68744K, committed 68892K, reserved 575488K
  class space    used 9179K, capacity 10044K, committed 10112K, reserved 516096K
}
Event: 10.409 GC heap after
{Heap after GC invocations=37 (full 0):
 garbage-first heap   total 125952K, used 62286K [0x0000000080000000, 0x0000000100000000)
  region size 1024K, 7 young (7168K), 7 survivors (7168K)
 Metaspace       used 66523K, capacity 68744K, committed 68892K, reserved 575488K
  class space    used 9179K, capacity 10044K, committed 10112K, reserved 516096K
}
Event: 10.409 GC heap before
{Heap before GC invocations=37 (full 0):
 garbage-first heap   total 125952K, used 62286K [0x0000000080000000, 0x0000000100000000)
  region size 1024K, 8 young (8192K), 7 survivors (7168K)
 Metaspace       used 66523K, capacity 68744K, committed 68892K, reserved 575488K
  class space    used 9179K, capacity 10044K, committed 10112K, reserved 516096K
}
Event: 10.413 GC heap after
{Heap after GC invocations=38 (full 0):
 garbage-first heap   total 125952K, used 62576K [0x0000000080000000, 0x0000000100000000)
  region size 1024K, 1 young (1024K), 1 survivors (1024K)
 Metaspace       used 66523K, capacity 68744K, committed 68892K, reserved 575488K
  class space    used 9179K, capacity 10044K, committed 10112K, reserved 516096K
}
Event: 10.711 GC heap before
{Heap before GC invocations=39 (full 0):
 garbage-first heap   total 125952K, used 101488K [0x0000000080000000, 0x0000000100000000)
  region size 1024K, 37 young (37888K), 1 survivors (1024K)
 Metaspace       used 70791K, capacity 72961K, committed 73116K, reserved 579584K
  class space    used 9629K, capacity 10490K, committed 10496K, reserved 516096K
}
Event: 10.713 GC heap after
{Heap after GC invocations=40 (full 0):
 garbage-first heap   total 125952K, used 67458K [0x0000000080000000, 0x0000000100000000)
  region size 1024K, 3 young (3072K), 3 survivors (3072K)
 Metaspace       used 70791K, capacity 72961K, committed 73116K, reserved 579584K
  class space    used 9629K, capacity 10490K, committed 10496K, reserved 516096K
}
Event: 10.873 GC heap before
{Heap before GC invocations=40 (full 0):
 garbage-first heap   total 125952K, used 78722K [0x0000000080000000, 0x0000000100000000)
  region size 1024K, 15 young (15360K), 3 survivors (3072K)
 Metaspace       used 72916K, capacity 75121K, committed 75164K, reserved 581632K
  class space    used 9868K, capacity 10717K, committed 10752K, reserved 516096K
}
Event: 10.876 GC heap after
{Heap after GC invocations=41 (full 0):
 garbage-first heap   total 125952K, used 69210K [0x0000000080000000, 0x0000000100000000)
  region size 1024K, 2 young (2048K), 2 survivors (2048K)
 Metaspace       used 72916K, capacity 75121K, committed 75164K, reserved 581632K
  class space    used 9868K, capacity 10717K, committed 10752K, reserved 516096K
}
Event: 11.141 GC heap before
{Heap before GC invocations=42 (full 0):
 garbage-first heap   total 148480K, used 108122K [0x0000000080000000, 0x0000000100000000)
  region size 1024K, 34 young (34816K), 2 survivors (2048K)
 Metaspace       used 74652K, capacity 76847K, committed 76956K, reserved 583680K
  class space    used 10103K, capacity 10946K, committed 11008K, reserved 516096K
}
Event: 11.143 GC heap after
{Heap after GC invocations=43 (full 0):
 garbage-first heap   total 148480K, used 71681K [0x0000000080000000, 0x0000000100000000)
  region size 1024K, 5 young (5120K), 5 survivors (5120K)
 Metaspace       used 74652K, capacity 76847K, committed 76956K, reserved 583680K
  class space    used 10103K, capacity 10946K, committed 11008K, reserved 516096K
}
Event: 11.337 GC heap before
{Heap before GC invocations=43 (full 0):
 garbage-first heap   total 148480K, used 90113K [0x0000000080000000, 0x0000000100000000)
  region size 1024K, 24 young (24576K), 5 survivors (5120K)
 Metaspace       used 76209K, capacity 78374K, committed 78620K, reserved 583680K
  class space    used 10265K, capacity 11111K, committed 11136K, reserved 516096K
}
Event: 11.341 GC heap after
{Heap after GC invocations=44 (full 0):
 garbage-first heap   total 148480K, used 73336K [0x0000000080000000, 0x0000000100000000)
  region size 1024K, 5 young (5120K), 5 survivors (5120K)
 Metaspace       used 76209K, capacity 78374K, committed 78620K, reserved 583680K
  class space    used 10265K, capacity 11111K, committed 11136K, reserved 516096K
}
Event: 11.670 GC heap before
{Heap before GC invocations=45 (full 0):
 garbage-first heap   total 148480K, used 121464K [0x0000000080000000, 0x0000000100000000)
  region size 1024K, 51 young (52224K), 5 survivors (5120K)
 Metaspace       used 77512K, capacity 79718K, committed 79900K, reserved 585728K
  class space    used 10475K, capacity 11343K, committed 11392K, reserved 516096K
}
Event: 11.676 GC heap after
{Heap after GC invocations=46 (full 0):
 garbage-first heap   total 178176K, used 76431K [0x0000000080000000, 0x0000000100000000)
  region size 1024K, 5 young (5120K), 5 survivors (5120K)
 Metaspace       used 77512K, capacity 79718K, committed 79900K, reserved 585728K
  class space    used 10475K, capacity 11343K, committed 11392K, reserved 516096K
}

