# JRE version: Java(TM) SE Runtime Environment (14.0.2+12) (build 14.0.2+12-46)
# Java VM: Java HotSpot(TM) 64-Bit Server VM (14.0.2+12-46, mixed mode, sharing, tiered, compressed oops, g1 gc, windows-amd64)
Heap:
 garbage-first heap   total 175104K, used 105401K [0x0000000080000000, 0x0000000100000000)
  region size 1024K, 16 young (16384K), 7 survivors (7168K)
 Metaspace       used 101037K, capacity 104530K, committed 104732K, reserved 606208K
  class space    used 13604K, capacity 14865K, committed 14972K, reserved 516096K
GC Heap History (20 events):
Event: 7.372 GC heap before
{Heap before GC invocations=35 (full 0):
 garbage-first heap   total 175104K, used 138171K [0x0000000080000000, 0x0000000100000000)
  region size 1024K, 70 young (71680K), 5 survivors (5120K)
 Metaspace       used 76492K, capacity 78732K, committed 79004K, reserved 585728K
  class space    used 10335K, capacity 11231K, committed 11260K, reserved 516096K
}
Event: 7.376 GC heap after
{Heap after GC invocations=36 (full 0):
 garbage-first heap   total 175104K, used 75172K [0x0000000080000000, 0x0000000100000000)
  region size 1024K, 9 young (9216K), 9 survivors (9216K)
 Metaspace       used 76492K, capacity 78732K, committed 79004K, reserved 585728K
  class space    used 10335K, capacity 11231K, committed 11260K, reserved 516096K
}
Event: 8.625 GC heap before
{Heap before GC invocations=36 (full 0):
 garbage-first heap   total 175104K, used 138660K [0x0000000080000000, 0x0000000100000000)
  region size 1024K, 71 young (72704K), 9 survivors (9216K)
 Metaspace       used 77798K, capacity 80159K, committed 80284K, reserved 585728K
  class space    used 10523K, capacity 11480K, committed 11516K, reserved 516096K
}
Event: 8.630 GC heap after
{Heap after GC invocations=37 (full 0):
 garbage-first heap   total 175104K, used 80331K [0x0000000080000000, 0x0000000100000000)
  region size 1024K, 9 young (9216K), 9 survivors (9216K)
 Metaspace       used 77798K, capacity 80159K, committed 80284K, reserved 585728K
  class space    used 10523K, capacity 11480K, committed 11516K, reserved 516096K
}
Event: 930.824 GC heap before
{Heap before GC invocations=37 (full 0):
 garbage-first heap   total 175104K, used 139723K [0x0000000080000000, 0x0000000100000000)
  region size 1024K, 67 young (68608K), 9 survivors (9216K)
 Metaspace       used 78618K, capacity 81126K, committed 81436K, reserved 587776K
  class space    used 10564K, capacity 11581K, committed 11644K, reserved 516096K
}
Event: 930.831 GC heap after
{Heap after GC invocations=38 (full 0):
 garbage-first heap   total 175104K, used 83890K [0x0000000080000000, 0x0000000100000000)
  region size 1024K, 4 young (4096K), 4 survivors (4096K)
 Metaspace       used 78618K, capacity 81126K, committed 81436K, reserved 587776K
  class space    used 10564K, capacity 11581K, committed 11644K, reserved 516096K
}
Event: 931.359 GC heap before
{Heap before GC invocations=38 (full 0):
 garbage-first heap   total 175104K, used 138162K [0x0000000080000000, 0x0000000100000000)
  region size 1024K, 59 young (60416K), 4 survivors (4096K)
 Metaspace       used 82680K, capacity 85480K, committed 85788K, reserved 589824K
  class space    used 11034K, capacity 12096K, committed 12156K, reserved 516096K
}
Event: 931.363 GC heap after
{Heap after GC invocations=39 (full 0):
 garbage-first heap   total 175104K, used 87066K [0x0000000080000000, 0x0000000100000000)
  region size 1024K, 7 young (7168K), 7 survivors (7168K)
 Metaspace       used 82680K, capacity 85480K, committed 85788K, reserved 589824K
  class space    used 11034K, capacity 12096K, committed 12156K, reserved 516096K
}
Event: 931.678 GC heap before
{Heap before GC invocations=40 (full 0):
 garbage-first heap   total 175104K, used 148506K [0x0000000080000000, 0x0000000100000000)
  region size 1024K, 60 young (61440K), 7 survivors (7168K)
 Metaspace       used 87769K, capacity 90450K, committed 90780K, reserved 595968K
  class space    used 11591K, capacity 12641K, committed 12796K, reserved 516096K
}
Event: 931.683 GC heap after
{Heap after GC invocations=41 (full 0):
 garbage-first heap   total 175104K, used 90342K [0x0000000080000000, 0x0000000100000000)
  region size 1024K, 7 young (7168K), 7 survivors (7168K)
 Metaspace       used 87769K, capacity 90450K, committed 90780K, reserved 595968K
  class space    used 11591K, capacity 12641K, committed 12796K, reserved 516096K
}
Event: 931.690 GC heap before
{Heap before GC invocations=41 (full 0):
 garbage-first heap   total 175104K, used 90342K [0x0000000080000000, 0x0000000100000000)
  region size 1024K, 8 young (8192K), 7 survivors (7168K)
 Metaspace       used 87935K, capacity 90610K, committed 90780K, reserved 595968K
  class space    used 11628K, capacity 12673K, committed 12796K, reserved 516096K
}
Event: 931.699 GC heap after
{Heap after GC invocations=42 (full 0):
 garbage-first heap   total 175104K, used 82343K [0x0000000080000000, 0x0000000100000000)
  region size 1024K, 1 young (1024K), 1 survivors (1024K)
 Metaspace       used 87935K, capacity 90610K, committed 90780K, reserved 595968K
  class space    used 11628K, capacity 12673K, committed 12796K, reserved 516096K
}
Event: 931.876 GC heap before
{Heap before GC invocations=42 (full 0):
 garbage-first heap   total 175104K, used 107943K [0x0000000080000000, 0x0000000100000000)
  region size 1024K, 27 young (27648K), 1 survivors (1024K)
 Metaspace       used 90647K, capacity 93381K, committed 93596K, reserved 598016K
  class space    used 11922K, capacity 12994K, committed 13052K, reserved 516096K
}
Event: 931.879 GC heap after
{Heap after GC invocations=43 (full 0):
 garbage-first heap   total 175104K, used 83488K [0x0000000080000000, 0x0000000100000000)
  region size 1024K, 3 young (3072K), 3 survivors (3072K)
 Metaspace       used 90647K, capacity 93381K, committed 93596K, reserved 598016K
  class space    used 11922K, capacity 12994K, committed 13052K, reserved 516096K
}
Event: 934.529 GC heap before
{Heap before GC invocations=44 (full 0):
 garbage-first heap   total 175104K, used 143904K [0x0000000080000000, 0x0000000100000000)
  region size 1024K, 61 young (62464K), 3 survivors (3072K)
 Metaspace       used 92883K, capacity 95608K, committed 95772K, reserved 600064K
  class space    used 12231K, capacity 13282K, committed 13436K, reserved 516096K
}
Event: 934.534 GC heap after
{Heap after GC invocations=45 (full 0):
 garbage-first heap   total 175104K, used 87567K [0x0000000080000000, 0x0000000100000000)
  region size 1024K, 7 young (7168K), 7 survivors (7168K)
 Metaspace       used 92883K, capacity 95608K, committed 95772K, reserved 600064K
  class space    used 12231K, capacity 13282K, committed 13436K, reserved 516096K
}
Event: 934.863 GC heap before
{Heap before GC invocations=45 (full 0):
 garbage-first heap   total 175104K, used 142863K [0x0000000080000000, 0x0000000100000000)
  region size 1024K, 61 young (62464K), 7 survivors (7168K)
 Metaspace       used 98402K, capacity 101159K, committed 101276K, reserved 604160K
  class space    used 13185K, capacity 14270K, committed 14332K, reserved 516096K
}
Event: 934.867 GC heap after
{Heap after GC invocations=46 (full 0):
 garbage-first heap   total 175104K, used 91497K [0x0000000080000000, 0x0000000100000000)
  region size 1024K, 4 young (4096K), 4 survivors (4096K)
 Metaspace       used 98402K, capacity 101159K, committed 101276K, reserved 604160K
  class space    used 13185K, capacity 14270K, committed 14332K, reserved 516096K
}
Event: 935.245 GC heap before
{Heap before GC invocations=47 (full 0):
 garbage-first heap   total 175104K, used 144745K [0x0000000080000000, 0x0000000100000000)
  region size 1024K, 56 young (57344K), 4 survivors (4096K)
 Metaspace       used 100824K, capacity 104213K, committed 104348K, reserved 606208K
  class space    used 13579K, capacity 14810K, committed 14844K, reserved 516096K
}
Event: 935.250 GC heap after
{Heap after GC invocations=48 (full 0):
 garbage-first heap   total 175104K, used 97209K [0x0000000080000000, 0x0000000100000000)
  region size 1024K, 7 young (7168K), 7 survivors (7168K)
 Metaspace       used 100824K, capacity 104213K, committed 104348K, reserved 606208K
  class space    used 13579K, capacity 14810K, committed 14844K, reserved 516096K
}

