# JRE version: Java(TM) SE Runtime Environment (14.0.2+12) (build 14.0.2+12-46)
# Java VM: Java HotSpot(TM) 64-Bit Server VM (14.0.2+12-46, mixed mode, sharing, tiered, compressed oops, g1 gc, windows-amd64)
Heap:
 garbage-first heap   total 104448K, used 53675K [0x0000000080000000, 0x0000000100000000)
  region size 1024K, 4 young (4096K), 4 survivors (4096K)
 Metaspace       used 61111K, capacity 63040K, committed 63100K, reserved 579584K
  class space    used 8496K, capacity 9286K, committed 9340K, reserved 516096K
GC Heap History (20 events):
Event: 20.212 GC heap before
{Heap before GC invocations=20 (full 0):
 garbage-first heap   total 75776K, used 61617K [0x0000000080000000, 0x0000000100000000)
  region size 1024K, 22 young (22528K), 4 survivors (4096K)
 Metaspace       used 47029K, capacity 48615K, committed 48764K, reserved 559104K
  class space    used 6593K, capacity 7240K, committed 7292K, reserved 516096K
}
Event: 20.216 GC heap after
{Heap after GC invocations=21 (full 0):
 garbage-first heap   total 75776K, used 44003K [0x0000000080000000, 0x0000000100000000)
  region size 1024K, 1 young (1024K), 1 survivors (1024K)
 Metaspace       used 47029K, capacity 48615K, committed 48764K, reserved 559104K
  class space    used 6593K, capacity 7240K, committed 7292K, reserved 516096K
}
Event: 20.361 GC heap before
{Heap before GC invocations=22 (full 0):
 garbage-first heap   total 80896K, used 62435K [0x0000000080000000, 0x0000000100000000)
  region size 1024K, 19 young (19456K), 1 survivors (1024K)
 Metaspace       used 48284K, capacity 49842K, committed 50044K, reserved 559104K
  class space    used 6784K, capacity 7434K, committed 7548K, reserved 516096K
}
Event: 20.362 GC heap after
{Heap after GC invocations=23 (full 0):
 garbage-first heap   total 80896K, used 44550K [0x0000000080000000, 0x0000000100000000)
  region size 1024K, 2 young (2048K), 2 survivors (2048K)
 Metaspace       used 48284K, capacity 49842K, committed 50044K, reserved 559104K
  class space    used 6784K, capacity 7434K, committed 7548K, reserved 516096K
}
Event: 20.531 GC heap before
{Heap before GC invocations=23 (full 0):
 garbage-first heap   total 80896K, used 66054K [0x0000000080000000, 0x0000000100000000)
  region size 1024K, 23 young (23552K), 2 survivors (2048K)
 Metaspace       used 50334K, capacity 51958K, committed 52092K, reserved 561152K
  class space    used 7064K, capacity 7735K, committed 7804K, reserved 516096K
}
Event: 20.533 GC heap after
{Heap after GC invocations=24 (full 0):
 garbage-first heap   total 80896K, used 45365K [0x0000000080000000, 0x0000000100000000)
  region size 1024K, 3 young (3072K), 3 survivors (3072K)
 Metaspace       used 50334K, capacity 51958K, committed 52092K, reserved 561152K
  class space    used 7064K, capacity 7735K, committed 7804K, reserved 516096K
}
Event: 20.637 GC heap before
{Heap before GC invocations=25 (full 0):
 garbage-first heap   total 83968K, used 66869K [0x0000000080000000, 0x0000000100000000)
  region size 1024K, 24 young (24576K), 3 survivors (3072K)
 Metaspace       used 51511K, capacity 53131K, committed 53244K, reserved 563200K
  class space    used 7228K, capacity 7870K, committed 7932K, reserved 516096K
}
Event: 20.639 GC heap after
{Heap after GC invocations=26 (full 0):
 garbage-first heap   total 83968K, used 45750K [0x0000000080000000, 0x0000000100000000)
  region size 1024K, 2 young (2048K), 2 survivors (2048K)
 Metaspace       used 51511K, capacity 53131K, committed 53244K, reserved 563200K
  class space    used 7228K, capacity 7870K, committed 7932K, reserved 516096K
}
Event: 20.729 GC heap before
{Heap before GC invocations=26 (full 0):
 garbage-first heap   total 83968K, used 68278K [0x0000000080000000, 0x0000000100000000)
  region size 1024K, 25 young (25600K), 2 survivors (2048K)
 Metaspace       used 53035K, capacity 54635K, committed 54780K, reserved 563200K
  class space    used 7431K, capacity 8094K, committed 8188K, reserved 516096K
}
Event: 20.731 GC heap after
{Heap after GC invocations=27 (full 0):
 garbage-first heap   total 83968K, used 45979K [0x0000000080000000, 0x0000000100000000)
  region size 1024K, 3 young (3072K), 3 survivors (3072K)
 Metaspace       used 53035K, capacity 54635K, committed 54780K, reserved 563200K
  class space    used 7431K, capacity 8094K, committed 8188K, reserved 516096K
}
Event: 20.936 GC heap before
{Heap before GC invocations=28 (full 0):
 garbage-first heap   total 87040K, used 68507K [0x0000000080000000, 0x0000000100000000)
  region size 1024K, 25 young (25600K), 3 survivors (3072K)
 Metaspace       used 54363K, capacity 56056K, committed 56188K, reserved 565248K
  class space    used 7560K, capacity 8239K, committed 8316K, reserved 516096K
}
Event: 20.939 GC heap after
{Heap after GC invocations=29 (full 0):
 garbage-first heap   total 87040K, used 46899K [0x0000000080000000, 0x0000000100000000)
  region size 1024K, 4 young (4096K), 4 survivors (4096K)
 Metaspace       used 54363K, capacity 56056K, committed 56188K, reserved 565248K
  class space    used 7560K, capacity 8239K, committed 8316K, reserved 516096K
}
Event: 21.179 GC heap before
{Heap before GC invocations=29 (full 0):
 garbage-first heap   total 87040K, used 71475K [0x0000000080000000, 0x0000000100000000)
  region size 1024K, 28 young (28672K), 4 survivors (4096K)
 Metaspace       used 56093K, capacity 57875K, committed 57980K, reserved 567296K
  class space    used 7824K, capacity 8522K, committed 8572K, reserved 516096K
}
Event: 21.183 GC heap after
{Heap after GC invocations=30 (full 0):
 garbage-first heap   total 104448K, used 48078K [0x0000000080000000, 0x0000000100000000)
  region size 1024K, 3 young (3072K), 3 survivors (3072K)
 Metaspace       used 56093K, capacity 57875K, committed 57980K, reserved 567296K
  class space    used 7824K, capacity 8522K, committed 8572K, reserved 516096K
}
Event: 21.656 GC heap before
{Heap before GC invocations=31 (full 0):
 garbage-first heap   total 104448K, used 84942K [0x0000000080000000, 0x0000000100000000)
  region size 1024K, 39 young (39936K), 3 survivors (3072K)
 Metaspace       used 58250K, capacity 60125K, committed 60412K, reserved 569344K
  class space    used 8114K, capacity 8896K, committed 8956K, reserved 516096K
}
Event: 21.659 GC heap after
{Heap after GC invocations=32 (full 0):
 garbage-first heap   total 104448K, used 50303K [0x0000000080000000, 0x0000000100000000)
  region size 1024K, 5 young (5120K), 5 survivors (5120K)
 Metaspace       used 58250K, capacity 60125K, committed 60412K, reserved 569344K
  class space    used 8114K, capacity 8896K, committed 8956K, reserved 516096K
}
Event: 21.995 GC heap before
{Heap before GC invocations=32 (full 0):
 garbage-first heap   total 104448K, used 85119K [0x0000000080000000, 0x0000000100000000)
  region size 1024K, 39 young (39936K), 5 survivors (5120K)
 Metaspace       used 60824K, capacity 62752K, committed 62844K, reserved 571392K
  class space    used 8481K, capacity 9254K, committed 9340K, reserved 516096K
}
Event: 21.998 GC heap after
{Heap after GC invocations=33 (full 0):
 garbage-first heap   total 104448K, used 52952K [0x0000000080000000, 0x0000000100000000)
  region size 1024K, 5 young (5120K), 5 survivors (5120K)
 Metaspace       used 60824K, capacity 62752K, committed 62844K, reserved 571392K
  class space    used 8481K, capacity 9254K, committed 9340K, reserved 516096K
}
Event: 22.037 GC heap before
{Heap before GC invocations=33 (full 0):
 garbage-first heap   total 104448K, used 56024K [0x0000000080000000, 0x0000000100000000)
  region size 1024K, 9 young (9216K), 5 survivors (5120K)
 Metaspace       used 61111K, capacity 63040K, committed 63100K, reserved 577536K
  class space    used 8496K, capacity 9286K, committed 9340K, reserved 516096K
}
Event: 22.039 GC heap after
{Heap after GC invocations=34 (full 0):
 garbage-first heap   total 104448K, used 53675K [0x0000000080000000, 0x0000000100000000)
  region size 1024K, 4 young (4096K), 4 survivors (4096K)
 Metaspace       used 61111K, capacity 63040K, committed 63100K, reserved 577536K
  class space    used 8496K, capacity 9286K, committed 9340K, reserved 516096K
}

