# JRE version: Java(TM) SE Runtime Environment (14.0.2+12) (build 14.0.2+12-46)
# Java VM: Java HotSpot(TM) 64-Bit Server VM (14.0.2+12-46, mixed mode, sharing, tiered, compressed oops, g1 gc, windows-amd64)
Heap:
 garbage-first heap   total 288768K, used 211390K [0x0000000080000000, 0x0000000100000000)
  region size 1024K, 64 young (65536K), 8 survivors (8192K)
 Metaspace       used 105531K, capacity 109669K, committed 109980K, reserved 610304K
  class space    used 14233K, capacity 15808K, committed 15868K, reserved 516096K
GC Heap History (20 events):
Event: 10.078 GC heap before
{Heap before GC invocations=43 (full 0):
 garbage-first heap   total 177152K, used 127194K [0x0000000080000000, 0x0000000100000000)
  region size 1024K, 48 young (49152K), 9 survivors (9216K)
 Metaspace       used 86751K, capacity 89957K, committed 90140K, reserved 593920K
  class space    used 11918K, capacity 13076K, committed 13180K, reserved 516096K
}
Event: 10.085 GC heap after
{Heap after GC invocations=44 (full 0):
 garbage-first heap   total 177152K, used 94250K [0x0000000080000000, 0x0000000100000000)
  region size 1024K, 5 young (5120K), 5 survivors (5120K)
 Metaspace       used 86751K, capacity 89957K, committed 90140K, reserved 593920K
  class space    used 11918K, capacity 13076K, committed 13180K, reserved 516096K
}
Event: 10.297 GC heap before
{Heap before GC invocations=45 (full 0):
 garbage-first heap   total 181248K, used 149546K [0x0000000080000000, 0x0000000100000000)
  region size 1024K, 54 young (55296K), 5 survivors (5120K)
 Metaspace       used 88451K, capacity 91724K, committed 91932K, reserved 595968K
  class space    used 12150K, capacity 13361K, committed 13436K, reserved 516096K
}
Event: 10.300 GC heap after
{Heap after GC invocations=46 (full 0):
 garbage-first heap   total 181248K, used 109459K [0x0000000080000000, 0x0000000100000000)
  region size 1024K, 7 young (7168K), 7 survivors (7168K)
 Metaspace       used 88451K, capacity 91724K, committed 91932K, reserved 595968K
  class space    used 12150K, capacity 13361K, committed 13436K, reserved 516096K
}
Event: 10.417 GC heap before
{Heap before GC invocations=46 (full 0):
 garbage-first heap   total 181248K, used 133011K [0x0000000080000000, 0x0000000100000000)
  region size 1024K, 32 young (32768K), 7 survivors (7168K)
 Metaspace       used 89187K, capacity 92504K, committed 92828K, reserved 595968K
  class space    used 12229K, capacity 13441K, committed 13564K, reserved 516096K
}
Event: 10.420 GC heap after
{Heap after GC invocations=47 (full 0):
 garbage-first heap   total 181248K, used 111719K [0x0000000080000000, 0x0000000100000000)
  region size 1024K, 3 young (3072K), 3 survivors (3072K)
 Metaspace       used 89187K, capacity 92504K, committed 92828K, reserved 595968K
  class space    used 12229K, capacity 13441K, committed 13564K, reserved 516096K
}
Event: 10.569 GC heap before
{Heap before GC invocations=48 (full 0):
 garbage-first heap   total 217088K, used 154727K [0x0000000080000000, 0x0000000100000000)
  region size 1024K, 41 young (41984K), 3 survivors (3072K)
 Metaspace       used 90726K, capacity 94187K, committed 94364K, reserved 598016K
  class space    used 12428K, capacity 13682K, committed 13820K, reserved 516096K
}
Event: 10.571 GC heap after
{Heap after GC invocations=49 (full 0):
 garbage-first heap   total 217088K, used 119450K [0x0000000080000000, 0x0000000100000000)
  region size 1024K, 6 young (6144K), 6 survivors (6144K)
 Metaspace       used 90726K, capacity 94187K, committed 94364K, reserved 598016K
  class space    used 12428K, capacity 13682K, committed 13820K, reserved 516096K
}
Event: 10.718 GC heap before
{Heap before GC invocations=49 (full 0):
 garbage-first heap   total 217088K, used 151194K [0x0000000080000000, 0x0000000100000000)
  region size 1024K, 38 young (38912K), 6 survivors (6144K)
 Metaspace       used 91432K, capacity 94911K, committed 95132K, reserved 598016K
  class space    used 12514K, capacity 13804K, committed 13820K, reserved 516096K
}
Event: 10.722 GC heap after
{Heap after GC invocations=50 (full 0):
 garbage-first heap   total 217088K, used 123725K [0x0000000080000000, 0x0000000100000000)
  region size 1024K, 8 young (8192K), 8 survivors (8192K)
 Metaspace       used 91432K, capacity 94911K, committed 95132K, reserved 598016K
  class space    used 12514K, capacity 13804K, committed 13820K, reserved 516096K
}
Event: 10.931 GC heap before
{Heap before GC invocations=51 (full 0):
 garbage-first heap   total 225280K, used 174925K [0x0000000080000000, 0x0000000100000000)
  region size 1024K, 57 young (58368K), 8 survivors (8192K)
 Metaspace       used 93641K, capacity 97354K, committed 97564K, reserved 600064K
  class space    used 12802K, capacity 14185K, committed 14204K, reserved 516096K
}
Event: 10.935 GC heap after
{Heap after GC invocations=52 (full 0):
 garbage-first heap   total 225280K, used 129832K [0x0000000080000000, 0x0000000100000000)
  region size 1024K, 8 young (8192K), 8 survivors (8192K)
 Metaspace       used 93641K, capacity 97354K, committed 97564K, reserved 600064K
  class space    used 12802K, capacity 14185K, committed 14204K, reserved 516096K
}
Event: 11.239 GC heap before
{Heap before GC invocations=52 (full 0):
 garbage-first heap   total 225280K, used 181032K [0x0000000080000000, 0x0000000100000000)
  region size 1024K, 58 young (59392K), 8 survivors (8192K)
 Metaspace       used 96832K, capacity 100682K, committed 101020K, reserved 604160K
  class space    used 13282K, capacity 14719K, committed 14844K, reserved 516096K
}
Event: 11.245 GC heap after
{Heap after GC invocations=53 (full 0):
 garbage-first heap   total 225280K, used 136515K [0x0000000080000000, 0x0000000100000000)
  region size 1024K, 6 young (6144K), 6 survivors (6144K)
 Metaspace       used 96832K, capacity 100682K, committed 101020K, reserved 604160K
  class space    used 13282K, capacity 14719K, committed 14844K, reserved 516096K
}
Event: 11.669 GC heap before
{Heap before GC invocations=54 (full 0):
 garbage-first heap   total 240640K, used 183619K [0x0000000080000000, 0x0000000100000000)
  region size 1024K, 52 young (53248K), 6 survivors (6144K)
 Metaspace       used 100840K, capacity 104667K, committed 104860K, reserved 606208K
  class space    used 13773K, capacity 15214K, committed 15356K, reserved 516096K
}
Event: 11.675 GC heap after
{Heap after GC invocations=55 (full 0):
 garbage-first heap   total 240640K, used 141145K [0x0000000080000000, 0x0000000100000000)
  region size 1024K, 5 young (5120K), 5 survivors (5120K)
 Metaspace       used 100840K, capacity 104667K, committed 104860K, reserved 606208K
  class space    used 13773K, capacity 15214K, committed 15356K, reserved 516096K
}
Event: 12.140 GC heap before
{Heap before GC invocations=55 (full 0):
 garbage-first heap   total 240640K, used 194393K [0x0000000080000000, 0x0000000100000000)
  region size 1024K, 57 young (58368K), 5 survivors (5120K)
 Metaspace       used 101586K, capacity 105611K, committed 105884K, reserved 608256K
  class space    used 13832K, capacity 15274K, committed 15356K, reserved 516096K
}
Event: 12.147 GC heap after
{Heap after GC invocations=56 (full 0):
 garbage-first heap   total 288768K, used 149116K [0x0000000080000000, 0x0000000100000000)
  region size 1024K, 8 young (8192K), 8 survivors (8192K)
 Metaspace       used 101586K, capacity 105611K, committed 105884K, reserved 608256K
  class space    used 13832K, capacity 15274K, committed 15356K, reserved 516096K
}
Event: 12.534 GC heap before
{Heap before GC invocations=57 (full 0):
 garbage-first heap   total 288768K, used 222844K [0x0000000080000000, 0x0000000100000000)
  region size 1024K, 80 young (81920K), 8 survivors (8192K)
 Metaspace       used 103722K, capacity 107704K, committed 107932K, reserved 610304K
  class space    used 14052K, capacity 15549K, committed 15612K, reserved 516096K
}
Event: 12.542 GC heap after
{Heap after GC invocations=58 (full 0):
 garbage-first heap   total 288768K, used 156094K [0x0000000080000000, 0x0000000100000000)
  region size 1024K, 8 young (8192K), 8 survivors (8192K)
 Metaspace       used 103722K, capacity 107704K, committed 107932K, reserved 610304K
  class space    used 14052K, capacity 15549K, committed 15612K, reserved 516096K
}

