# JRE version: Java(TM) SE Runtime Environment (14.0.2+12) (build 14.0.2+12-46)
# Java VM: Java HotSpot(TM) 64-Bit Server VM (14.0.2+12-46, mixed mode, sharing, tiered, compressed oops, g1 gc, windows-amd64)
Heap:
 garbage-first heap   total 175104K, used 99353K [0x0000000080000000, 0x0000000100000000)
  region size 1024K, 31 young (31744K), 5 survivors (5120K)
 Metaspace       used 76702K, capacity 78852K, committed 79132K, reserved 585728K
  class space    used 10367K, capacity 11269K, committed 11392K, reserved 516096K
GC Heap History (20 events):
Event: 9.238 GC heap before
{Heap before GC invocations=31 (full 0):
 garbage-first heap   total 97280K, used 80126K [0x0000000080000000, 0x0000000100000000)
  region size 1024K, 37 young (37888K), 4 survivors (4096K)
 Metaspace       used 57912K, capacity 59747K, committed 59932K, reserved 567296K
  class space    used 8056K, capacity 8814K, committed 8832K, reserved 516096K
}
Event: 9.242 GC heap after
{Heap after GC invocations=32 (full 0):
 garbage-first heap   total 97280K, used 48298K [0x0000000080000000, 0x0000000100000000)
  region size 1024K, 5 young (5120K), 5 survivors (5120K)
 Metaspace       used 57912K, capacity 59747K, committed 59932K, reserved 567296K
  class space    used 8056K, capacity 8814K, committed 8832K, reserved 516096K
}
Event: 9.723 GC heap before
{Heap before GC invocations=32 (full 0):
 garbage-first heap   total 97280K, used 79018K [0x0000000080000000, 0x0000000100000000)
  region size 1024K, 36 young (36864K), 5 survivors (5120K)
 Metaspace       used 60441K, capacity 62414K, committed 62620K, reserved 571392K
  class space    used 8412K, capacity 9185K, committed 9216K, reserved 516096K
}
Event: 9.729 GC heap after
{Heap after GC invocations=33 (full 0):
 garbage-first heap   total 97280K, used 51009K [0x0000000080000000, 0x0000000100000000)
  region size 1024K, 5 young (5120K), 5 survivors (5120K)
 Metaspace       used 60441K, capacity 62414K, committed 62620K, reserved 571392K
  class space    used 8412K, capacity 9185K, committed 9216K, reserved 516096K
}
Event: 9.979 GC heap before
{Heap before GC invocations=34 (full 0):
 garbage-first heap   total 97280K, used 78657K [0x0000000080000000, 0x0000000100000000)
  region size 1024K, 33 young (33792K), 5 survivors (5120K)
 Metaspace       used 62506K, capacity 64485K, committed 64796K, reserved 571392K
  class space    used 8674K, capacity 9488K, committed 9600K, reserved 516096K
}
Event: 9.983 GC heap after
{Heap after GC invocations=35 (full 0):
 garbage-first heap   total 97280K, used 53072K [0x0000000080000000, 0x0000000100000000)
  region size 1024K, 5 young (5120K), 5 survivors (5120K)
 Metaspace       used 62506K, capacity 64485K, committed 64796K, reserved 571392K
  class space    used 8674K, capacity 9488K, committed 9600K, reserved 516096K
}
Event: 10.126 GC heap before
{Heap before GC invocations=35 (full 0):
 garbage-first heap   total 97280K, used 65360K [0x0000000080000000, 0x0000000100000000)
  region size 1024K, 19 young (19456K), 5 survivors (5120K)
 Metaspace       used 62652K, capacity 64640K, committed 64796K, reserved 571392K
  class space    used 8678K, capacity 9491K, committed 9600K, reserved 516096K
}
Event: 10.129 GC heap after
{Heap after GC invocations=36 (full 0):
 garbage-first heap   total 116736K, used 53850K [0x0000000080000000, 0x0000000100000000)
  region size 1024K, 3 young (3072K), 3 survivors (3072K)
 Metaspace       used 62652K, capacity 64640K, committed 64796K, reserved 571392K
  class space    used 8678K, capacity 9491K, committed 9600K, reserved 516096K
}
Event: 10.521 GC heap before
{Heap before GC invocations=37 (full 0):
 garbage-first heap   total 116736K, used 83546K [0x0000000080000000, 0x0000000100000000)
  region size 1024K, 32 young (32768K), 3 survivors (3072K)
 Metaspace       used 65518K, capacity 67575K, committed 67740K, reserved 575488K
  class space    used 9044K, capacity 9891K, committed 9984K, reserved 516096K
}
Event: 10.523 GC heap after
{Heap after GC invocations=38 (full 0):
 garbage-first heap   total 116736K, used 60587K [0x0000000080000000, 0x0000000100000000)
  region size 1024K, 6 young (6144K), 6 survivors (6144K)
 Metaspace       used 65518K, capacity 67575K, committed 67740K, reserved 575488K
  class space    used 9044K, capacity 9891K, committed 9984K, reserved 516096K
}
Event: 10.809 GC heap before
{Heap before GC invocations=39 (full 0):
 garbage-first heap   total 116736K, used 95403K [0x0000000080000000, 0x0000000100000000)
  region size 1024K, 38 young (38912K), 6 survivors (6144K)
 Metaspace       used 69214K, capacity 71295K, committed 71452K, reserved 577536K
  class space    used 9445K, capacity 10278K, committed 10368K, reserved 516096K
}
Event: 10.814 GC heap after
{Heap after GC invocations=40 (full 0):
 garbage-first heap   total 116736K, used 64910K [0x0000000080000000, 0x0000000100000000)
  region size 1024K, 3 young (3072K), 3 survivors (3072K)
 Metaspace       used 69214K, capacity 71295K, committed 71452K, reserved 577536K
  class space    used 9445K, capacity 10278K, committed 10368K, reserved 516096K
}
Event: 11.598 GC heap before
{Heap before GC invocations=40 (full 0):
 garbage-first heap   total 116736K, used 79246K [0x0000000080000000, 0x0000000100000000)
  region size 1024K, 19 young (19456K), 3 survivors (3072K)
 Metaspace       used 71960K, capacity 74133K, committed 74268K, reserved 581632K
  class space    used 9745K, capacity 10603K, committed 10624K, reserved 516096K
}
Event: 11.601 GC heap after
{Heap after GC invocations=41 (full 0):
 garbage-first heap   total 116736K, used 66755K [0x0000000080000000, 0x0000000100000000)
  region size 1024K, 3 young (3072K), 3 survivors (3072K)
 Metaspace       used 71960K, capacity 74133K, committed 74268K, reserved 581632K
  class space    used 9745K, capacity 10603K, committed 10624K, reserved 516096K
}
Event: 11.777 GC heap before
{Heap before GC invocations=42 (full 0):
 garbage-first heap   total 145408K, used 101571K [0x0000000080000000, 0x0000000100000000)
  region size 1024K, 30 young (30720K), 3 survivors (3072K)
 Metaspace       used 73258K, capacity 75411K, committed 75548K, reserved 581632K
  class space    used 9922K, capacity 10768K, committed 10880K, reserved 516096K
}
Event: 11.781 GC heap after
{Heap after GC invocations=43 (full 0):
 garbage-first heap   total 145408K, used 69137K [0x0000000080000000, 0x0000000100000000)
  region size 1024K, 3 young (3072K), 3 survivors (3072K)
 Metaspace       used 73258K, capacity 75411K, committed 75548K, reserved 581632K
  class space    used 9922K, capacity 10768K, committed 10880K, reserved 516096K
}
Event: 11.990 GC heap before
{Heap before GC invocations=43 (full 0):
 garbage-first heap   total 145408K, used 91665K [0x0000000080000000, 0x0000000100000000)
  region size 1024K, 26 young (26624K), 3 survivors (3072K)
 Metaspace       used 75239K, capacity 77354K, committed 77468K, reserved 583680K
  class space    used 10134K, capacity 10965K, committed 11008K, reserved 516096K
}
Event: 11.994 GC heap after
{Heap after GC invocations=44 (full 0):
 garbage-first heap   total 145408K, used 70915K [0x0000000080000000, 0x0000000100000000)
  region size 1024K, 5 young (5120K), 5 survivors (5120K)
 Metaspace       used 75239K, capacity 77354K, committed 77468K, reserved 583680K
  class space    used 10134K, capacity 10965K, committed 11008K, reserved 516096K
}
Event: 12.523 GC heap before
{Heap before GC invocations=45 (full 0):
 garbage-first heap   total 145408K, used 118019K [0x0000000080000000, 0x0000000100000000)
  region size 1024K, 50 young (51200K), 5 survivors (5120K)
 Metaspace       used 76548K, capacity 78731K, committed 79004K, reserved 585728K
  class space    used 10344K, capacity 11229K, committed 11264K, reserved 516096K
}
Event: 12.527 GC heap after
{Heap after GC invocations=46 (full 0):
 garbage-first heap   total 175104K, used 73753K [0x0000000080000000, 0x0000000100000000)
  region size 1024K, 5 young (5120K), 5 survivors (5120K)
 Metaspace       used 76548K, capacity 78731K, committed 79004K, reserved 585728K
  class space    used 10344K, capacity 11229K, committed 11264K, reserved 516096K
}

